Using built-in specs.
COLLECT_GCC=gcc
COLLECT_LTO_WRAPPER=/usr/libexec/gcc/x86_64-redhat-linux/11/lto-wrapper
OFFLOAD_TARGET_NAMES=nvptx-none
OFFLOAD_TARGET_DEFAULT=1
Target: x86_64-redhat-linux
Configured with: ../configure --enable-bootstrap --enable-host-pie --enable-host-bind-now --enable-languages=c,c++,fortran,lto --prefix=/usr --mandir=/usr/share/man --infodir=/usr/share/info --with-bugurl=http://bugs.almalinux.org/ --enable-shared --enable-threads=posix --enable-checking=release --with-system-zlib --enable-__cxa_atexit --disable-libunwind-exceptions --enable-gnu-unique-object --enable-linker-build-id --with-gcc-major-version-only --enable-plugin --enable-initfini-array --without-isl --enable-multilib --with-linker-hash-style=gnu --enable-offload-targets=nvptx-none --without-cuda-driver --enable-gnu-indirect-function --enable-cet --with-tune=generic --with-arch_64=x86-64-v2 --with-arch_32=x86-64 --build=x86_64-redhat-linux --with-build-config=bootstrap-lto --enable-link-serialization=1
Thread model: posix
Supported LTO compression algorithms: zlib zstd
gcc version 11.4.1 20231218 (Red Hat 11.4.1-3) (GCC) 
Error in <TList::Clear>: A list is accessing an object (0x8b92950) already deleted (list name = TList)
Error in <TList::Clear>: A list is accessing an object (0x8c6b440) already deleted (list name = TList)
Error in <TList::Clear>: A list is accessing an object (0x8c6dfb0) already deleted (list name = TList)
Error in <TList::Clear>: A list is accessing an object (0x8c74ce0) already deleted (list name = TList)
Error in <TList::Clear>: A list is accessing an object (0x8c75050) already deleted (list name = TList)
Error in <TList::Clear>: A list is accessing an object (0x8c753c0) already deleted (list name = TList)
Error in <TList::Clear>: A list is accessing an object (0x8c758f0) already deleted (list name = TList)
Error in <TList::Clear>: A list is accessing an object (0x8c75cb0) already deleted (list name = TList)
Error in <TList::Clear>: A list is accessing an object (0x8c76610) already deleted (list name = TList)
Error in <TList::Clear>: A list is accessing an object (0x8c78c70) already deleted (list name = TList)
Error in <TList::Clear>: A list is accessing an object (0x8c79030) already deleted (list name = TList)
Error in <TList::Clear>: A list is accessing an object (0x8c79420) already deleted (list name = TList)
Error in <TList::Clear>: A list is accessing an object (0x8c79810) already deleted (list name = TList)
Error in <TList::Clear>: A list is accessing an object (0x8c79f10) already deleted (list name = TList)
Error in <TList::Clear>: A list is accessing an object (0x8c7a4d0) already deleted (list name = TList)
Error in <TList::Clear>: A list is accessing an object (0x8c7a900) already deleted (list name = TList)
Error in <TList::Clear>: A list is accessing an object (0x8c7ada0) already deleted (list name = TList)
Error in <TList::Clear>: A list is accessing an object (0x8c7b170) already deleted (list name = TList)
Error in <TList::Clear>: A list is accessing an object (0x8c7b640) already deleted (list name = TList)
Error in <TList::Clear>: A list is accessing an object (0x8c7b870) already deleted (list name = TList)
Error in <TList::Clear>: A list is accessing an object (0x8c95410) already deleted (list name = TList)
Error in <TList::Clear>: A list is accessing an object (0x8ca1f90) already deleted (list name = TList)
Error in <TList::Clear>: A list is accessing an object (0x8ca2c40) already deleted (list name = TList)
Error in <TList::Clear>: A list is accessing an object (0x8ca4480) already deleted (list name = TList)
Error in <TList::Clear>: A list is accessing an object (0x8ca4e70) already deleted (list name = TList)
Error in <TList::Clear>: A list is accessing an object (0x8ca52d0) already deleted (list name = TList)
Error in <TList::Clear>: A list is accessing an object (0x8ca60d0) already deleted (list name = TList)
Error in <TList::Clear>: A list is accessing an object (0x8cadcb0) already deleted (list name = TList)
Error in <TList::Clear>: A list is accessing an object (0x8cb2590) already deleted (list name = TList)
Error in <TList::Clear>: A list is accessing an object (0x8cb2aa0) already deleted (list name = TList)
Error in <TList::Clear>: A list is accessing an object (0x8cb3040) already deleted (list name = TList)
Error in <TList::Clear>: A list is accessing an object (0x8cb35e0) already deleted (list name = TList)
Error in <TList::Clear>: A list is accessing an object (0x8cb3a90) already deleted (list name = TList)
Error in <TList::Clear>: A list is accessing an object (0x8cb3dc0) already deleted (list name = TList)
Error in <TList::Clear>: A list is accessing an object (0x8cb42b0) already deleted (list name = TList)
Error in <TList::Clear>: A list is accessing an object (0x8cb45e0) already deleted (list name = TList)
Error in <TList::Clear>: A list is accessing an object (0x8cb4a80) already deleted (list name = TList)
Error in <TList::Clear>: A list is accessing an object (0x8cb4db0) already deleted (list name = TList)
Error in <TList::Clear>: A list is accessing an object (0x8cb5370) already deleted (list name = TList)
Error in <TList::Clear>: A list is accessing an object (0x8c7b640) already deleted (list name = TList)
Error in <TList::Clear>: A list is accessing an object (0x8c7b640) already deleted (list name = TList)
Error in <TList::Clear>: A list is accessing an object (0x8c7b640) already deleted (list name = TList)
Error in <TList::Clear>: A list is accessing an object (0x8c7b640) already deleted (list name = TList)
Error in <TList::Clear>: A list is accessing an object (0x8c7b640) already deleted (list name = TList)
Error in <TList::Clear>: A list is accessing an object (0x8c7b640) already deleted (list name = TList)
Error in <TList::Clear>: A list is accessing an object (0x8c7b640) already deleted (list name = TList)
Error in <TList::Clear>: A list is accessing an object (0x8c7b640) already deleted (list name = TList)
Error in <TList::Clear>: A list is accessing an object (0x8c7b640) already deleted (list name = TList)
Error in <TList::Clear>: A list is accessing an object (0x8c7b640) already deleted (list name = TList)
Error in <TList::Clear>: A list is accessing an object (0x8c7b640) already deleted (list name = TList)
Error in <TList::Clear>: A list is accessing an object (0x8c7b640) already deleted (list name = TList)
Error in <TList::Clear>: A list is accessing an object (0x8270690) already deleted (list name = TList)
Error in <TList::Clear>: A list is accessing an object (0x834b590) already deleted (list name = TList)
Error in <TList::Clear>: A list is accessing an object (0x834e100) already deleted (list name = TList)
Error in <TList::Clear>: A list is accessing an object (0x8354f10) already deleted (list name = TList)
Error in <TList::Clear>: A list is accessing an object (0x8355280) already deleted (list name = TList)
Error in <TList::Clear>: A list is accessing an object (0x83555f0) already deleted (list name = TList)
Error in <TList::Clear>: A list is accessing an object (0x8355b20) already deleted (list name = TList)
Error in <TList::Clear>: A list is accessing an object (0x8355ee0) already deleted (list name = TList)
Error in <TList::Clear>: A list is accessing an object (0x8356840) already deleted (list name = TList)
Error in <TList::Clear>: A list is accessing an object (0x8358ea0) already deleted (list name = TList)
Error in <TList::Clear>: A list is accessing an object (0x8359260) already deleted (list name = TList)
Error in <TList::Clear>: A list is accessing an object (0x8359650) already deleted (list name = TList)
Error in <TList::Clear>: A list is accessing an object (0x8359a40) already deleted (list name = TList)
Error in <TList::Clear>: A list is accessing an object (0x835a140) already deleted (list name = TList)
Error in <TList::Clear>: A list is accessing an object (0x835a700) already deleted (list name = TList)
Error in <TList::Clear>: A list is accessing an object (0x835ab30) already deleted (list name = TList)
Error in <TList::Clear>: A list is accessing an object (0x835afd0) already deleted (list name = TList)
Error in <TList::Clear>: A list is accessing an object (0x835b3a0) already deleted (list name = TList)
Error in <TList::Clear>: A list is accessing an object (0x835b870) already deleted (list name = TList)
Error in <TList::Clear>: A list is accessing an object (0x835baa0) already deleted (list name = TList)
Error in <TList::Clear>: A list is accessing an object (0x8375640) already deleted (list name = TList)
Error in <TList::Clear>: A list is accessing an object (0x83821c0) already deleted (list name = TList)
Error in <TList::Clear>: A list is accessing an object (0x8382e70) already deleted (list name = TList)
Error in <TList::Clear>: A list is accessing an object (0x83846b0) already deleted (list name = TList)
Error in <TList::Clear>: A list is accessing an object (0x83850a0) already deleted (list name = TList)
Error in <TList::Clear>: A list is accessing an object (0x8385500) already deleted (list name = TList)
Error in <TList::Clear>: A list is accessing an object (0x8386300) already deleted (list name = TList)
Error in <TList::Clear>: A list is accessing an object (0x838de40) already deleted (list name = TList)
Error in <TList::Clear>: A list is accessing an object (0x83926a0) already deleted (list name = TList)
Error in <TList::Clear>: A list is accessing an object (0x8392bb0) already deleted (list name = TList)
Error in <TList::Clear>: A list is accessing an object (0x8393150) already deleted (list name = TList)
Error in <TList::Clear>: A list is accessing an object (0x83936f0) already deleted (list name = TList)
Error in <TList::Clear>: A list is accessing an object (0x8393ba0) already deleted (list name = TList)
Error in <TList::Clear>: A list is accessing an object (0x8393ed0) already deleted (list name = TList)
Error in <TList::Clear>: A list is accessing an object (0x83943c0) already deleted (list name = TList)
Error in <TList::Clear>: A list is accessing an object (0x83946f0) already deleted (list name = TList)
Error in <TList::Clear>: A list is accessing an object (0x8394b90) already deleted (list name = TList)
Error in <TList::Clear>: A list is accessing an object (0x8394ec0) already deleted (list name = TList)
Error in <TList::Clear>: A list is accessing an object (0x8395480) already deleted (list name = TList)
Error in <TList::Clear>: A list is accessing an object (0x835b870) already deleted (list name = TList)
Error in <TList::Clear>: A list is accessing an object (0x835b870) already deleted (list name = TList)
Error in <TList::Clear>: A list is accessing an object (0x835b870) already deleted (list name = TList)
Error in <TList::Clear>: A list is accessing an object (0x835b870) already deleted (list name = TList)
Error in <TList::Clear>: A list is accessing an object (0x835b870) already deleted (list name = TList)
Error in <TList::Clear>: A list is accessing an object (0x835b870) already deleted (list name = TList)
Error in <TList::Clear>: A list is accessing an object (0x835b870) already deleted (list name = TList)
Error in <TList::Clear>: A list is accessing an object (0x835b870) already deleted (list name = TList)
Error in <TList::Clear>: A list is accessing an object (0x835b870) already deleted (list name = TList)
Error in <TList::Clear>: A list is accessing an object (0x835b870) already deleted (list name = TList)
Error in <TList::Clear>: A list is accessing an object (0x835b870) already deleted (list name = TList)
Error in <TList::Clear>: A list is accessing an object (0x835b870) already deleted (list name = TList)
Error in <TList::Clear>: A list is accessing an object (0x8290430) already deleted (list name = TList)
Error in <TList::Clear>: A list is accessing an object (0x82fd710) already deleted (list name = TList)
Error in <TList::Clear>: A list is accessing an object (0x8300280) already deleted (list name = TList)
Error in <TList::Clear>: A list is accessing an object (0x8307090) already deleted (list name = TList)
Error in <TList::Clear>: A list is accessing an object (0x8307400) already deleted (list name = TList)
Error in <TList::Clear>: A list is accessing an object (0x8307770) already deleted (list name = TList)
Error in <TList::Clear>: A list is accessing an object (0x8307ca0) already deleted (list name = TList)
Error in <TList::Clear>: A list is accessing an object (0x8308060) already deleted (list name = TList)
Error in <TList::Clear>: A list is accessing an object (0x83089c0) already deleted (list name = TList)
Error in <TList::Clear>: A list is accessing an object (0x830b020) already deleted (list name = TList)
Error in <TList::Clear>: A list is accessing an object (0x830b3e0) already deleted (list name = TList)
Error in <TList::Clear>: A list is accessing an object (0x830b7d0) already deleted (list name = TList)
Error in <TList::Clear>: A list is accessing an object (0x830bbc0) already deleted (list name = TList)
Error in <TList::Clear>: A list is accessing an object (0x830c2c0) already deleted (list name = TList)
Error in <TList::Clear>: A list is accessing an object (0x830c880) already deleted (list name = TList)
Error in <TList::Clear>: A list is accessing an object (0x830ccb0) already deleted (list name = TList)
Error in <TList::Clear>: A list is accessing an object (0x830d150) already deleted (list name = TList)
Error in <TList::Clear>: A list is accessing an object (0x830d520) already deleted (list name = TList)
Error in <TList::Clear>: A list is accessing an object (0x830d9f0) already deleted (list name = TList)
Error in <TList::Clear>: A list is accessing an object (0x830dc20) already deleted (list name = TList)
Error in <TList::Clear>: A list is accessing an object (0x83277c0) already deleted (list name = TList)
Error in <TList::Clear>: A list is accessing an object (0x8334340) already deleted (list name = TList)
Error in <TList::Clear>: A list is accessing an object (0x8334ff0) already deleted (list name = TList)
Error in <TList::Clear>: A list is accessing an object (0x8336830) already deleted (list name = TList)
Error in <TList::Clear>: A list is accessing an object (0x8337220) already deleted (list name = TList)
Error in <TList::Clear>: A list is accessing an object (0x8337680) already deleted (list name = TList)
Error in <TList::Clear>: A list is accessing an object (0x8338480) already deleted (list name = TList)
Error in <TList::Clear>: A list is accessing an object (0x833ffc0) already deleted (list name = TList)
Error in <TList::Clear>: A list is accessing an object (0x8344820) already deleted (list name = TList)
Error in <TList::Clear>: A list is accessing an object (0x8344d30) already deleted (list name = TList)
Error in <TList::Clear>: A list is accessing an object (0x83452d0) already deleted (list name = TList)
Error in <TList::Clear>: A list is accessing an object (0x8345870) already deleted (list name = TList)
Error in <TList::Clear>: A list is accessing an object (0x8345d20) already deleted (list name = TList)
Error in <TList::Clear>: A list is accessing an object (0x8346050) already deleted (list name = TList)
Error in <TList::Clear>: A list is accessing an object (0x8346540) already deleted (list name = TList)
Error in <TList::Clear>: A list is accessing an object (0x8346870) already deleted (list name = TList)
Error in <TList::Clear>: A list is accessing an object (0x8346d10) already deleted (list name = TList)
Error in <TList::Clear>: A list is accessing an object (0x8347040) already deleted (list name = TList)
Error in <TList::Clear>: A list is accessing an object (0x8347600) already deleted (list name = TList)
Error in <TList::Clear>: A list is accessing an object (0x830d9f0) already deleted (list name = TList)
Error in <TList::Clear>: A list is accessing an object (0x830d9f0) already deleted (list name = TList)
Error in <TList::Clear>: A list is accessing an object (0x830d9f0) already deleted (list name = TList)
Error in <TList::Clear>: A list is accessing an object (0x830d9f0) already deleted (list name = TList)
Error in <TList::Clear>: A list is accessing an object (0x830d9f0) already deleted (list name = TList)
Error in <TList::Clear>: A list is accessing an object (0x830d9f0) already deleted (list name = TList)
Error in <TList::Clear>: A list is accessing an object (0x830d9f0) already deleted (list name = TList)
Error in <TList::Clear>: A list is accessing an object (0x830d9f0) already deleted (list name = TList)
Error in <TList::Clear>: A list is accessing an object (0x830d9f0) already deleted (list name = TList)
Error in <TList::Clear>: A list is accessing an object (0x830d9f0) already deleted (list name = TList)
Error in <TList::Clear>: A list is accessing an object (0x830d9f0) already deleted (list name = TList)
Error in <TList::Clear>: A list is accessing an object (0x830d9f0) already deleted (list name = TList)
