Using built-in specs.
COLLECT_GCC=gcc
COLLECT_LTO_WRAPPER=/usr/libexec/gcc/x86_64-redhat-linux/11/lto-wrapper
OFFLOAD_TARGET_NAMES=nvptx-none
OFFLOAD_TARGET_DEFAULT=1
Target: x86_64-redhat-linux
Configured with: ../configure --enable-bootstrap --enable-host-pie --enable-host-bind-now --enable-languages=c,c++,fortran,lto --prefix=/usr --mandir=/usr/share/man --infodir=/usr/share/info --with-bugurl=http://bugs.almalinux.org/ --enable-shared --enable-threads=posix --enable-checking=release --with-system-zlib --enable-__cxa_atexit --disable-libunwind-exceptions --enable-gnu-unique-object --enable-linker-build-id --with-gcc-major-version-only --enable-plugin --enable-initfini-array --without-isl --enable-multilib --with-linker-hash-style=gnu --enable-offload-targets=nvptx-none --without-cuda-driver --enable-gnu-indirect-function --enable-cet --with-tune=generic --with-arch_64=x86-64-v2 --with-arch_32=x86-64 --build=x86_64-redhat-linux --with-build-config=bootstrap-lto --enable-link-serialization=1
Thread model: posix
Supported LTO compression algorithms: zlib zstd
gcc version 11.4.1 20231218 (Red Hat 11.4.1-3) (GCC) 
Error in <TList::Clear>: A list is accessing an object (0x982d380) already deleted (list name = TList)
Error in <TList::Clear>: A list is accessing an object (0x98fe590) already deleted (list name = TList)
Error in <TList::Clear>: A list is accessing an object (0x9901100) already deleted (list name = TList)
Error in <TList::Clear>: A list is accessing an object (0x9907f10) already deleted (list name = TList)
Error in <TList::Clear>: A list is accessing an object (0x9908280) already deleted (list name = TList)
Error in <TList::Clear>: A list is accessing an object (0x99085f0) already deleted (list name = TList)
Error in <TList::Clear>: A list is accessing an object (0x9908b20) already deleted (list name = TList)
Error in <TList::Clear>: A list is accessing an object (0x9908ee0) already deleted (list name = TList)
Error in <TList::Clear>: A list is accessing an object (0x9909840) already deleted (list name = TList)
Error in <TList::Clear>: A list is accessing an object (0x990bea0) already deleted (list name = TList)
Error in <TList::Clear>: A list is accessing an object (0x990c260) already deleted (list name = TList)
Error in <TList::Clear>: A list is accessing an object (0x990c650) already deleted (list name = TList)
Error in <TList::Clear>: A list is accessing an object (0x990ca40) already deleted (list name = TList)
Error in <TList::Clear>: A list is accessing an object (0x990d140) already deleted (list name = TList)
Error in <TList::Clear>: A list is accessing an object (0x990d700) already deleted (list name = TList)
Error in <TList::Clear>: A list is accessing an object (0x990db30) already deleted (list name = TList)
Error in <TList::Clear>: A list is accessing an object (0x990dfd0) already deleted (list name = TList)
Error in <TList::Clear>: A list is accessing an object (0x990e3a0) already deleted (list name = TList)
Error in <TList::Clear>: A list is accessing an object (0x990e870) already deleted (list name = TList)
Error in <TList::Clear>: A list is accessing an object (0x990eaa0) already deleted (list name = TList)
Error in <TList::Clear>: A list is accessing an object (0x9928640) already deleted (list name = TList)
Error in <TList::Clear>: A list is accessing an object (0x99351c0) already deleted (list name = TList)
Error in <TList::Clear>: A list is accessing an object (0x9935e70) already deleted (list name = TList)
Error in <TList::Clear>: A list is accessing an object (0x99376b0) already deleted (list name = TList)
Error in <TList::Clear>: A list is accessing an object (0x99380a0) already deleted (list name = TList)
Error in <TList::Clear>: A list is accessing an object (0x9938500) already deleted (list name = TList)
Error in <TList::Clear>: A list is accessing an object (0x9939300) already deleted (list name = TList)
Error in <TList::Clear>: A list is accessing an object (0x9940e40) already deleted (list name = TList)
Error in <TList::Clear>: A list is accessing an object (0x99456a0) already deleted (list name = TList)
Error in <TList::Clear>: A list is accessing an object (0x9945bb0) already deleted (list name = TList)
Error in <TList::Clear>: A list is accessing an object (0x9946150) already deleted (list name = TList)
Error in <TList::Clear>: A list is accessing an object (0x99466f0) already deleted (list name = TList)
Error in <TList::Clear>: A list is accessing an object (0x9946ba0) already deleted (list name = TList)
Error in <TList::Clear>: A list is accessing an object (0x9946ed0) already deleted (list name = TList)
Error in <TList::Clear>: A list is accessing an object (0x99473c0) already deleted (list name = TList)
Error in <TList::Clear>: A list is accessing an object (0x99476f0) already deleted (list name = TList)
Error in <TList::Clear>: A list is accessing an object (0x9947b90) already deleted (list name = TList)
Error in <TList::Clear>: A list is accessing an object (0x9947ec0) already deleted (list name = TList)
Error in <TList::Clear>: A list is accessing an object (0x9948480) already deleted (list name = TList)
Error in <TList::Clear>: A list is accessing an object (0x990e870) already deleted (list name = TList)
Error in <TList::Clear>: A list is accessing an object (0x990e870) already deleted (list name = TList)
Error in <TList::Clear>: A list is accessing an object (0x990e870) already deleted (list name = TList)
Error in <TList::Clear>: A list is accessing an object (0x990e870) already deleted (list name = TList)
Error in <TList::Clear>: A list is accessing an object (0x990e870) already deleted (list name = TList)
Error in <TList::Clear>: A list is accessing an object (0x990e870) already deleted (list name = TList)
Error in <TList::Clear>: A list is accessing an object (0x990e870) already deleted (list name = TList)
Error in <TList::Clear>: A list is accessing an object (0x990e870) already deleted (list name = TList)
Error in <TList::Clear>: A list is accessing an object (0x990e870) already deleted (list name = TList)
Error in <TList::Clear>: A list is accessing an object (0x990e870) already deleted (list name = TList)
Error in <TList::Clear>: A list is accessing an object (0x990e870) already deleted (list name = TList)
Error in <TList::Clear>: A list is accessing an object (0x990e870) already deleted (list name = TList)
Error in <TList::Clear>: A list is accessing an object (0x8868720) already deleted (list name = TList)
Error in <TList::Clear>: A list is accessing an object (0x8943480) already deleted (list name = TList)
Error in <TList::Clear>: A list is accessing an object (0x8946180) already deleted (list name = TList)
Error in <TList::Clear>: A list is accessing an object (0x894ce10) already deleted (list name = TList)
Error in <TList::Clear>: A list is accessing an object (0x894d180) already deleted (list name = TList)
Error in <TList::Clear>: A list is accessing an object (0x894d4f0) already deleted (list name = TList)
Error in <TList::Clear>: A list is accessing an object (0x894da20) already deleted (list name = TList)
Error in <TList::Clear>: A list is accessing an object (0x894dde0) already deleted (list name = TList)
Error in <TList::Clear>: A list is accessing an object (0x894e740) already deleted (list name = TList)
Error in <TList::Clear>: A list is accessing an object (0x8950da0) already deleted (list name = TList)
Error in <TList::Clear>: A list is accessing an object (0x8951160) already deleted (list name = TList)
Error in <TList::Clear>: A list is accessing an object (0x8951550) already deleted (list name = TList)
Error in <TList::Clear>: A list is accessing an object (0x8951940) already deleted (list name = TList)
Error in <TList::Clear>: A list is accessing an object (0x8952040) already deleted (list name = TList)
Error in <TList::Clear>: A list is accessing an object (0x8952600) already deleted (list name = TList)
Error in <TList::Clear>: A list is accessing an object (0x8952a30) already deleted (list name = TList)
Error in <TList::Clear>: A list is accessing an object (0x8952ed0) already deleted (list name = TList)
Error in <TList::Clear>: A list is accessing an object (0x89532a0) already deleted (list name = TList)
Error in <TList::Clear>: A list is accessing an object (0x8953770) already deleted (list name = TList)
Error in <TList::Clear>: A list is accessing an object (0x89539a0) already deleted (list name = TList)
Error in <TList::Clear>: A list is accessing an object (0x896d540) already deleted (list name = TList)
Error in <TList::Clear>: A list is accessing an object (0x897a0c0) already deleted (list name = TList)
Error in <TList::Clear>: A list is accessing an object (0x897ad70) already deleted (list name = TList)
Error in <TList::Clear>: A list is accessing an object (0x897c5b0) already deleted (list name = TList)
Error in <TList::Clear>: A list is accessing an object (0x897cfa0) already deleted (list name = TList)
Error in <TList::Clear>: A list is accessing an object (0x897d400) already deleted (list name = TList)
Error in <TList::Clear>: A list is accessing an object (0x897e200) already deleted (list name = TList)
Error in <TList::Clear>: A list is accessing an object (0x8985d40) already deleted (list name = TList)
Error in <TList::Clear>: A list is accessing an object (0x898a5a0) already deleted (list name = TList)
Error in <TList::Clear>: A list is accessing an object (0x898aab0) already deleted (list name = TList)
Error in <TList::Clear>: A list is accessing an object (0x898b050) already deleted (list name = TList)
Error in <TList::Clear>: A list is accessing an object (0x898b5f0) already deleted (list name = TList)
Error in <TList::Clear>: A list is accessing an object (0x898baa0) already deleted (list name = TList)
Error in <TList::Clear>: A list is accessing an object (0x898bdd0) already deleted (list name = TList)
Error in <TList::Clear>: A list is accessing an object (0x898c2c0) already deleted (list name = TList)
Error in <TList::Clear>: A list is accessing an object (0x898c5f0) already deleted (list name = TList)
Error in <TList::Clear>: A list is accessing an object (0x898ca90) already deleted (list name = TList)
Error in <TList::Clear>: A list is accessing an object (0x898cdc0) already deleted (list name = TList)
Error in <TList::Clear>: A list is accessing an object (0x898d380) already deleted (list name = TList)
Error in <TList::Clear>: A list is accessing an object (0x8953770) already deleted (list name = TList)
Error in <TList::Clear>: A list is accessing an object (0x8953770) already deleted (list name = TList)
Error in <TList::Clear>: A list is accessing an object (0x8953770) already deleted (list name = TList)
Error in <TList::Clear>: A list is accessing an object (0x8953770) already deleted (list name = TList)
Error in <TList::Clear>: A list is accessing an object (0x8953770) already deleted (list name = TList)
Error in <TList::Clear>: A list is accessing an object (0x8953770) already deleted (list name = TList)
Error in <TList::Clear>: A list is accessing an object (0x8953770) already deleted (list name = TList)
Error in <TList::Clear>: A list is accessing an object (0x8953770) already deleted (list name = TList)
Error in <TList::Clear>: A list is accessing an object (0x8953770) already deleted (list name = TList)
Error in <TList::Clear>: A list is accessing an object (0x8953770) already deleted (list name = TList)
Error in <TList::Clear>: A list is accessing an object (0x8953770) already deleted (list name = TList)
Error in <TList::Clear>: A list is accessing an object (0x8953770) already deleted (list name = TList)
Error in <TList::Clear>: A list is accessing an object (0x97eb750) already deleted (list name = TList)
Error in <TList::Clear>: A list is accessing an object (0x9842c20) already deleted (list name = TList)
Error in <TList::Clear>: A list is accessing an object (0x9845790) already deleted (list name = TList)
Error in <TList::Clear>: A list is accessing an object (0x984c5a0) already deleted (list name = TList)
Error in <TList::Clear>: A list is accessing an object (0x984c910) already deleted (list name = TList)
Error in <TList::Clear>: A list is accessing an object (0x984cc80) already deleted (list name = TList)
Error in <TList::Clear>: A list is accessing an object (0x984d1b0) already deleted (list name = TList)
Error in <TList::Clear>: A list is accessing an object (0x984d570) already deleted (list name = TList)
Error in <TList::Clear>: A list is accessing an object (0x984ded0) already deleted (list name = TList)
Error in <TList::Clear>: A list is accessing an object (0x9850530) already deleted (list name = TList)
Error in <TList::Clear>: A list is accessing an object (0x98508f0) already deleted (list name = TList)
Error in <TList::Clear>: A list is accessing an object (0x9850ce0) already deleted (list name = TList)
Error in <TList::Clear>: A list is accessing an object (0x98510d0) already deleted (list name = TList)
Error in <TList::Clear>: A list is accessing an object (0x98517d0) already deleted (list name = TList)
Error in <TList::Clear>: A list is accessing an object (0x9851d90) already deleted (list name = TList)
Error in <TList::Clear>: A list is accessing an object (0x98521c0) already deleted (list name = TList)
Error in <TList::Clear>: A list is accessing an object (0x9852660) already deleted (list name = TList)
Error in <TList::Clear>: A list is accessing an object (0x9852a30) already deleted (list name = TList)
Error in <TList::Clear>: A list is accessing an object (0x9852f00) already deleted (list name = TList)
Error in <TList::Clear>: A list is accessing an object (0x9853130) already deleted (list name = TList)
Error in <TList::Clear>: A list is accessing an object (0x986ccd0) already deleted (list name = TList)
Error in <TList::Clear>: A list is accessing an object (0x9879850) already deleted (list name = TList)
Error in <TList::Clear>: A list is accessing an object (0x987a500) already deleted (list name = TList)
Error in <TList::Clear>: A list is accessing an object (0x987bd40) already deleted (list name = TList)
Error in <TList::Clear>: A list is accessing an object (0x987c730) already deleted (list name = TList)
Error in <TList::Clear>: A list is accessing an object (0x987cb90) already deleted (list name = TList)
Error in <TList::Clear>: A list is accessing an object (0x987d990) already deleted (list name = TList)
Error in <TList::Clear>: A list is accessing an object (0x98854d0) already deleted (list name = TList)
Error in <TList::Clear>: A list is accessing an object (0x9889d30) already deleted (list name = TList)
Error in <TList::Clear>: A list is accessing an object (0x988a240) already deleted (list name = TList)
Error in <TList::Clear>: A list is accessing an object (0x988a7e0) already deleted (list name = TList)
Error in <TList::Clear>: A list is accessing an object (0x988ad80) already deleted (list name = TList)
Error in <TList::Clear>: A list is accessing an object (0x988b230) already deleted (list name = TList)
Error in <TList::Clear>: A list is accessing an object (0x988b560) already deleted (list name = TList)
Error in <TList::Clear>: A list is accessing an object (0x988ba50) already deleted (list name = TList)
Error in <TList::Clear>: A list is accessing an object (0x988bd80) already deleted (list name = TList)
Error in <TList::Clear>: A list is accessing an object (0x988c220) already deleted (list name = TList)
Error in <TList::Clear>: A list is accessing an object (0x988c550) already deleted (list name = TList)
Error in <TList::Clear>: A list is accessing an object (0x988cb10) already deleted (list name = TList)
Error in <TList::Clear>: A list is accessing an object (0x9852f00) already deleted (list name = TList)
Error in <TList::Clear>: A list is accessing an object (0x9852f00) already deleted (list name = TList)
Error in <TList::Clear>: A list is accessing an object (0x9852f00) already deleted (list name = TList)
Error in <TList::Clear>: A list is accessing an object (0x9852f00) already deleted (list name = TList)
Error in <TList::Clear>: A list is accessing an object (0x9852f00) already deleted (list name = TList)
Error in <TList::Clear>: A list is accessing an object (0x9852f00) already deleted (list name = TList)
Error in <TList::Clear>: A list is accessing an object (0x9852f00) already deleted (list name = TList)
Error in <TList::Clear>: A list is accessing an object (0x9852f00) already deleted (list name = TList)
Error in <TList::Clear>: A list is accessing an object (0x9852f00) already deleted (list name = TList)
Error in <TList::Clear>: A list is accessing an object (0x9852f00) already deleted (list name = TList)
Error in <TList::Clear>: A list is accessing an object (0x9852f00) already deleted (list name = TList)
Error in <TList::Clear>: A list is accessing an object (0x9852f00) already deleted (list name = TList)
