Using built-in specs.
COLLECT_GCC=gcc
COLLECT_LTO_WRAPPER=/usr/libexec/gcc/x86_64-redhat-linux/11/lto-wrapper
OFFLOAD_TARGET_NAMES=nvptx-none
OFFLOAD_TARGET_DEFAULT=1
Target: x86_64-redhat-linux
Configured with: ../configure --enable-bootstrap --enable-host-pie --enable-host-bind-now --enable-languages=c,c++,fortran,lto --prefix=/usr --mandir=/usr/share/man --infodir=/usr/share/info --with-bugurl=http://bugs.almalinux.org/ --enable-shared --enable-threads=posix --enable-checking=release --with-system-zlib --enable-__cxa_atexit --disable-libunwind-exceptions --enable-gnu-unique-object --enable-linker-build-id --with-gcc-major-version-only --enable-plugin --enable-initfini-array --without-isl --enable-multilib --with-linker-hash-style=gnu --enable-offload-targets=nvptx-none --without-cuda-driver --enable-gnu-indirect-function --enable-cet --with-tune=generic --with-arch_64=x86-64-v2 --with-arch_32=x86-64 --build=x86_64-redhat-linux --with-build-config=bootstrap-lto --enable-link-serialization=1
Thread model: posix
Supported LTO compression algorithms: zlib zstd
gcc version 11.4.1 20231218 (Red Hat 11.4.1-3) (GCC) 
Error in <TList::Clear>: A list is accessing an object (0x837c310) already deleted (list name = TList)
Error in <TList::Clear>: A list is accessing an object (0x84609f0) already deleted (list name = TList)
Error in <TList::Clear>: A list is accessing an object (0x84636f0) already deleted (list name = TList)
Error in <TList::Clear>: A list is accessing an object (0x846a380) already deleted (list name = TList)
Error in <TList::Clear>: A list is accessing an object (0x846a6f0) already deleted (list name = TList)
Error in <TList::Clear>: A list is accessing an object (0x846aa60) already deleted (list name = TList)
Error in <TList::Clear>: A list is accessing an object (0x846af90) already deleted (list name = TList)
Error in <TList::Clear>: A list is accessing an object (0x846b350) already deleted (list name = TList)
Error in <TList::Clear>: A list is accessing an object (0x846bcb0) already deleted (list name = TList)
Error in <TList::Clear>: A list is accessing an object (0x846e310) already deleted (list name = TList)
Error in <TList::Clear>: A list is accessing an object (0x846e6d0) already deleted (list name = TList)
Error in <TList::Clear>: A list is accessing an object (0x846eac0) already deleted (list name = TList)
Error in <TList::Clear>: A list is accessing an object (0x846eeb0) already deleted (list name = TList)
Error in <TList::Clear>: A list is accessing an object (0x846f5b0) already deleted (list name = TList)
Error in <TList::Clear>: A list is accessing an object (0x846fb70) already deleted (list name = TList)
Error in <TList::Clear>: A list is accessing an object (0x846ffa0) already deleted (list name = TList)
Error in <TList::Clear>: A list is accessing an object (0x8470440) already deleted (list name = TList)
Error in <TList::Clear>: A list is accessing an object (0x8470810) already deleted (list name = TList)
Error in <TList::Clear>: A list is accessing an object (0x8470ce0) already deleted (list name = TList)
Error in <TList::Clear>: A list is accessing an object (0x8470f10) already deleted (list name = TList)
Error in <TList::Clear>: A list is accessing an object (0x848aab0) already deleted (list name = TList)
Error in <TList::Clear>: A list is accessing an object (0x8497630) already deleted (list name = TList)
Error in <TList::Clear>: A list is accessing an object (0x84982e0) already deleted (list name = TList)
Error in <TList::Clear>: A list is accessing an object (0x8499b20) already deleted (list name = TList)
Error in <TList::Clear>: A list is accessing an object (0x849a510) already deleted (list name = TList)
Error in <TList::Clear>: A list is accessing an object (0x849a970) already deleted (list name = TList)
Error in <TList::Clear>: A list is accessing an object (0x849b770) already deleted (list name = TList)
Error in <TList::Clear>: A list is accessing an object (0x84a32b0) already deleted (list name = TList)
Error in <TList::Clear>: A list is accessing an object (0x84a7b10) already deleted (list name = TList)
Error in <TList::Clear>: A list is accessing an object (0x84a8020) already deleted (list name = TList)
Error in <TList::Clear>: A list is accessing an object (0x84a85c0) already deleted (list name = TList)
Error in <TList::Clear>: A list is accessing an object (0x84a8b60) already deleted (list name = TList)
Error in <TList::Clear>: A list is accessing an object (0x84a9010) already deleted (list name = TList)
Error in <TList::Clear>: A list is accessing an object (0x84a9340) already deleted (list name = TList)
Error in <TList::Clear>: A list is accessing an object (0x84a9830) already deleted (list name = TList)
Error in <TList::Clear>: A list is accessing an object (0x84a9b60) already deleted (list name = TList)
Error in <TList::Clear>: A list is accessing an object (0x84aa000) already deleted (list name = TList)
Error in <TList::Clear>: A list is accessing an object (0x84aa330) already deleted (list name = TList)
Error in <TList::Clear>: A list is accessing an object (0x84aa8f0) already deleted (list name = TList)
Error in <TList::Clear>: A list is accessing an object (0x8470ce0) already deleted (list name = TList)
Error in <TList::Clear>: A list is accessing an object (0x8470ce0) already deleted (list name = TList)
Error in <TList::Clear>: A list is accessing an object (0x8470ce0) already deleted (list name = TList)
Error in <TList::Clear>: A list is accessing an object (0x8470ce0) already deleted (list name = TList)
Error in <TList::Clear>: A list is accessing an object (0x8470ce0) already deleted (list name = TList)
Error in <TList::Clear>: A list is accessing an object (0x8470ce0) already deleted (list name = TList)
Error in <TList::Clear>: A list is accessing an object (0x8470ce0) already deleted (list name = TList)
Error in <TList::Clear>: A list is accessing an object (0x8470ce0) already deleted (list name = TList)
Error in <TList::Clear>: A list is accessing an object (0x8470ce0) already deleted (list name = TList)
Error in <TList::Clear>: A list is accessing an object (0x8470ce0) already deleted (list name = TList)
Error in <TList::Clear>: A list is accessing an object (0x8470ce0) already deleted (list name = TList)
Error in <TList::Clear>: A list is accessing an object (0x8470ce0) already deleted (list name = TList)
Error in <TList::Clear>: A list is accessing an object (0x936cdf0) already deleted (list name = TList)
Error in <TList::Clear>: A list is accessing an object (0x93cd590) already deleted (list name = TList)
Error in <TList::Clear>: A list is accessing an object (0x93d00b0) already deleted (list name = TList)
Error in <TList::Clear>: A list is accessing an object (0x93d6ff0) already deleted (list name = TList)
Error in <TList::Clear>: A list is accessing an object (0x93d7360) already deleted (list name = TList)
Error in <TList::Clear>: A list is accessing an object (0x93d76d0) already deleted (list name = TList)
Error in <TList::Clear>: A list is accessing an object (0x93d7c00) already deleted (list name = TList)
Error in <TList::Clear>: A list is accessing an object (0x93d7fc0) already deleted (list name = TList)
Error in <TList::Clear>: A list is accessing an object (0x93d8920) already deleted (list name = TList)
Error in <TList::Clear>: A list is accessing an object (0x93daf80) already deleted (list name = TList)
Error in <TList::Clear>: A list is accessing an object (0x93db340) already deleted (list name = TList)
Error in <TList::Clear>: A list is accessing an object (0x93db730) already deleted (list name = TList)
Error in <TList::Clear>: A list is accessing an object (0x93dbb20) already deleted (list name = TList)
Error in <TList::Clear>: A list is accessing an object (0x93dc220) already deleted (list name = TList)
Error in <TList::Clear>: A list is accessing an object (0x93dc7e0) already deleted (list name = TList)
Error in <TList::Clear>: A list is accessing an object (0x93dcc10) already deleted (list name = TList)
Error in <TList::Clear>: A list is accessing an object (0x93dd0b0) already deleted (list name = TList)
Error in <TList::Clear>: A list is accessing an object (0x93dd480) already deleted (list name = TList)
Error in <TList::Clear>: A list is accessing an object (0x93dd950) already deleted (list name = TList)
Error in <TList::Clear>: A list is accessing an object (0x93ddb80) already deleted (list name = TList)
Error in <TList::Clear>: A list is accessing an object (0x93f7720) already deleted (list name = TList)
Error in <TList::Clear>: A list is accessing an object (0x94042a0) already deleted (list name = TList)
Error in <TList::Clear>: A list is accessing an object (0x9404f50) already deleted (list name = TList)
Error in <TList::Clear>: A list is accessing an object (0x9406790) already deleted (list name = TList)
Error in <TList::Clear>: A list is accessing an object (0x9407180) already deleted (list name = TList)
Error in <TList::Clear>: A list is accessing an object (0x94075e0) already deleted (list name = TList)
Error in <TList::Clear>: A list is accessing an object (0x94083e0) already deleted (list name = TList)
Error in <TList::Clear>: A list is accessing an object (0x940ff20) already deleted (list name = TList)
Error in <TList::Clear>: A list is accessing an object (0x9414780) already deleted (list name = TList)
Error in <TList::Clear>: A list is accessing an object (0x9414c90) already deleted (list name = TList)
Error in <TList::Clear>: A list is accessing an object (0x9415230) already deleted (list name = TList)
Error in <TList::Clear>: A list is accessing an object (0x94157d0) already deleted (list name = TList)
Error in <TList::Clear>: A list is accessing an object (0x9415c80) already deleted (list name = TList)
Error in <TList::Clear>: A list is accessing an object (0x9415fb0) already deleted (list name = TList)
Error in <TList::Clear>: A list is accessing an object (0x94164a0) already deleted (list name = TList)
Error in <TList::Clear>: A list is accessing an object (0x94167d0) already deleted (list name = TList)
Error in <TList::Clear>: A list is accessing an object (0x9416c70) already deleted (list name = TList)
Error in <TList::Clear>: A list is accessing an object (0x9416fa0) already deleted (list name = TList)
Error in <TList::Clear>: A list is accessing an object (0x9417560) already deleted (list name = TList)
Error in <TList::Clear>: A list is accessing an object (0x93dd950) already deleted (list name = TList)
Error in <TList::Clear>: A list is accessing an object (0x93dd950) already deleted (list name = TList)
Error in <TList::Clear>: A list is accessing an object (0x93dd950) already deleted (list name = TList)
Error in <TList::Clear>: A list is accessing an object (0x93dd950) already deleted (list name = TList)
Error in <TList::Clear>: A list is accessing an object (0x93dd950) already deleted (list name = TList)
Error in <TList::Clear>: A list is accessing an object (0x93dd950) already deleted (list name = TList)
Error in <TList::Clear>: A list is accessing an object (0x93dd950) already deleted (list name = TList)
Error in <TList::Clear>: A list is accessing an object (0x93dd950) already deleted (list name = TList)
Error in <TList::Clear>: A list is accessing an object (0x93dd950) already deleted (list name = TList)
Error in <TList::Clear>: A list is accessing an object (0x93dd950) already deleted (list name = TList)
Error in <TList::Clear>: A list is accessing an object (0x93dd950) already deleted (list name = TList)
Error in <TList::Clear>: A list is accessing an object (0x93dd950) already deleted (list name = TList)
Error in <TList::Clear>: A list is accessing an object (0x9caf100) already deleted (list name = TList)
Error in <TList::Clear>: A list is accessing an object (0x9d43190) already deleted (list name = TList)
Error in <TList::Clear>: A list is accessing an object (0x9d45e90) already deleted (list name = TList)
Error in <TList::Clear>: A list is accessing an object (0x9d4cb20) already deleted (list name = TList)
Error in <TList::Clear>: A list is accessing an object (0x9d4ce90) already deleted (list name = TList)
Error in <TList::Clear>: A list is accessing an object (0x9d4d200) already deleted (list name = TList)
Error in <TList::Clear>: A list is accessing an object (0x9d4d730) already deleted (list name = TList)
Error in <TList::Clear>: A list is accessing an object (0x9d4daf0) already deleted (list name = TList)
Error in <TList::Clear>: A list is accessing an object (0x9d4e450) already deleted (list name = TList)
Error in <TList::Clear>: A list is accessing an object (0x9d50ab0) already deleted (list name = TList)
Error in <TList::Clear>: A list is accessing an object (0x9d50e70) already deleted (list name = TList)
Error in <TList::Clear>: A list is accessing an object (0x9d51260) already deleted (list name = TList)
Error in <TList::Clear>: A list is accessing an object (0x9d51650) already deleted (list name = TList)
Error in <TList::Clear>: A list is accessing an object (0x9d51d50) already deleted (list name = TList)
Error in <TList::Clear>: A list is accessing an object (0x9d52310) already deleted (list name = TList)
Error in <TList::Clear>: A list is accessing an object (0x9d52740) already deleted (list name = TList)
Error in <TList::Clear>: A list is accessing an object (0x9d52be0) already deleted (list name = TList)
Error in <TList::Clear>: A list is accessing an object (0x9d52fb0) already deleted (list name = TList)
Error in <TList::Clear>: A list is accessing an object (0x9d53480) already deleted (list name = TList)
Error in <TList::Clear>: A list is accessing an object (0x9d536b0) already deleted (list name = TList)
Error in <TList::Clear>: A list is accessing an object (0x9d6d250) already deleted (list name = TList)
Error in <TList::Clear>: A list is accessing an object (0x9d79dd0) already deleted (list name = TList)
Error in <TList::Clear>: A list is accessing an object (0x9d7aa80) already deleted (list name = TList)
Error in <TList::Clear>: A list is accessing an object (0x9d7c2c0) already deleted (list name = TList)
Error in <TList::Clear>: A list is accessing an object (0x9d7ccb0) already deleted (list name = TList)
Error in <TList::Clear>: A list is accessing an object (0x9d7d110) already deleted (list name = TList)
Error in <TList::Clear>: A list is accessing an object (0x9d7df10) already deleted (list name = TList)
Error in <TList::Clear>: A list is accessing an object (0x9d85a50) already deleted (list name = TList)
Error in <TList::Clear>: A list is accessing an object (0x9d8a2b0) already deleted (list name = TList)
Error in <TList::Clear>: A list is accessing an object (0x9d8a7c0) already deleted (list name = TList)
Error in <TList::Clear>: A list is accessing an object (0x9d8ad60) already deleted (list name = TList)
Error in <TList::Clear>: A list is accessing an object (0x9d8b300) already deleted (list name = TList)
Error in <TList::Clear>: A list is accessing an object (0x9d8b7b0) already deleted (list name = TList)
Error in <TList::Clear>: A list is accessing an object (0x9d8bae0) already deleted (list name = TList)
Error in <TList::Clear>: A list is accessing an object (0x9d8bfd0) already deleted (list name = TList)
Error in <TList::Clear>: A list is accessing an object (0x9d8c300) already deleted (list name = TList)
Error in <TList::Clear>: A list is accessing an object (0x9d8c7a0) already deleted (list name = TList)
Error in <TList::Clear>: A list is accessing an object (0x9d8cad0) already deleted (list name = TList)
Error in <TList::Clear>: A list is accessing an object (0x9d8d090) already deleted (list name = TList)
Error in <TList::Clear>: A list is accessing an object (0x9d53480) already deleted (list name = TList)
Error in <TList::Clear>: A list is accessing an object (0x9d53480) already deleted (list name = TList)
Error in <TList::Clear>: A list is accessing an object (0x9d53480) already deleted (list name = TList)
Error in <TList::Clear>: A list is accessing an object (0x9d53480) already deleted (list name = TList)
Error in <TList::Clear>: A list is accessing an object (0x9d53480) already deleted (list name = TList)
Error in <TList::Clear>: A list is accessing an object (0x9d53480) already deleted (list name = TList)
Error in <TList::Clear>: A list is accessing an object (0x9d53480) already deleted (list name = TList)
Error in <TList::Clear>: A list is accessing an object (0x9d53480) already deleted (list name = TList)
Error in <TList::Clear>: A list is accessing an object (0x9d53480) already deleted (list name = TList)
Error in <TList::Clear>: A list is accessing an object (0x9d53480) already deleted (list name = TList)
Error in <TList::Clear>: A list is accessing an object (0x9d53480) already deleted (list name = TList)
Error in <TList::Clear>: A list is accessing an object (0x9d53480) already deleted (list name = TList)
