Using built-in specs.
COLLECT_GCC=gcc
COLLECT_LTO_WRAPPER=/usr/libexec/gcc/x86_64-redhat-linux/11/lto-wrapper
OFFLOAD_TARGET_NAMES=nvptx-none
OFFLOAD_TARGET_DEFAULT=1
Target: x86_64-redhat-linux
Configured with: ../configure --enable-bootstrap --enable-host-pie --enable-host-bind-now --enable-languages=c,c++,fortran,lto --prefix=/usr --mandir=/usr/share/man --infodir=/usr/share/info --with-bugurl=http://bugs.almalinux.org/ --enable-shared --enable-threads=posix --enable-checking=release --with-system-zlib --enable-__cxa_atexit --disable-libunwind-exceptions --enable-gnu-unique-object --enable-linker-build-id --with-gcc-major-version-only --enable-plugin --enable-initfini-array --without-isl --enable-multilib --with-linker-hash-style=gnu --enable-offload-targets=nvptx-none --without-cuda-driver --enable-gnu-indirect-function --enable-cet --with-tune=generic --with-arch_64=x86-64-v2 --with-arch_32=x86-64 --build=x86_64-redhat-linux --with-build-config=bootstrap-lto --enable-link-serialization=1
Thread model: posix
Supported LTO compression algorithms: zlib zstd
gcc version 11.4.1 20231218 (Red Hat 11.4.1-3) (GCC) 
Error in <TList::Clear>: A list is accessing an object (0x8d15f00) already deleted (list name = TList)
Error in <TList::Clear>: A list is accessing an object (0x8d71220) already deleted (list name = TList)
Error in <TList::Clear>: A list is accessing an object (0x8d73f20) already deleted (list name = TList)
Error in <TList::Clear>: A list is accessing an object (0x8d7aad0) already deleted (list name = TList)
Error in <TList::Clear>: A list is accessing an object (0x8d7ae40) already deleted (list name = TList)
Error in <TList::Clear>: A list is accessing an object (0x8d7b1b0) already deleted (list name = TList)
Error in <TList::Clear>: A list is accessing an object (0x8d7b6e0) already deleted (list name = TList)
Error in <TList::Clear>: A list is accessing an object (0x8d7baa0) already deleted (list name = TList)
Error in <TList::Clear>: A list is accessing an object (0x8d7c400) already deleted (list name = TList)
Error in <TList::Clear>: A list is accessing an object (0x8d7ea60) already deleted (list name = TList)
Error in <TList::Clear>: A list is accessing an object (0x8d7ee20) already deleted (list name = TList)
Error in <TList::Clear>: A list is accessing an object (0x8d7f210) already deleted (list name = TList)
Error in <TList::Clear>: A list is accessing an object (0x8d7f600) already deleted (list name = TList)
Error in <TList::Clear>: A list is accessing an object (0x8d7fd00) already deleted (list name = TList)
Error in <TList::Clear>: A list is accessing an object (0x8d802c0) already deleted (list name = TList)
Error in <TList::Clear>: A list is accessing an object (0x8d806f0) already deleted (list name = TList)
Error in <TList::Clear>: A list is accessing an object (0x8d80b90) already deleted (list name = TList)
Error in <TList::Clear>: A list is accessing an object (0x8d80f60) already deleted (list name = TList)
Error in <TList::Clear>: A list is accessing an object (0x8d81430) already deleted (list name = TList)
Error in <TList::Clear>: A list is accessing an object (0x8d81660) already deleted (list name = TList)
Error in <TList::Clear>: A list is accessing an object (0x8d9b200) already deleted (list name = TList)
Error in <TList::Clear>: A list is accessing an object (0x8da7d80) already deleted (list name = TList)
Error in <TList::Clear>: A list is accessing an object (0x8da8a30) already deleted (list name = TList)
Error in <TList::Clear>: A list is accessing an object (0x8daa270) already deleted (list name = TList)
Error in <TList::Clear>: A list is accessing an object (0x8daac60) already deleted (list name = TList)
Error in <TList::Clear>: A list is accessing an object (0x8dab0c0) already deleted (list name = TList)
Error in <TList::Clear>: A list is accessing an object (0x8dabec0) already deleted (list name = TList)
Error in <TList::Clear>: A list is accessing an object (0x8db3aa0) already deleted (list name = TList)
Error in <TList::Clear>: A list is accessing an object (0x8db8380) already deleted (list name = TList)
Error in <TList::Clear>: A list is accessing an object (0x8db8890) already deleted (list name = TList)
Error in <TList::Clear>: A list is accessing an object (0x8db8e30) already deleted (list name = TList)
Error in <TList::Clear>: A list is accessing an object (0x8db93d0) already deleted (list name = TList)
Error in <TList::Clear>: A list is accessing an object (0x8db9880) already deleted (list name = TList)
Error in <TList::Clear>: A list is accessing an object (0x8db9bb0) already deleted (list name = TList)
Error in <TList::Clear>: A list is accessing an object (0x8dba0a0) already deleted (list name = TList)
Error in <TList::Clear>: A list is accessing an object (0x8dba3d0) already deleted (list name = TList)
Error in <TList::Clear>: A list is accessing an object (0x8dba870) already deleted (list name = TList)
Error in <TList::Clear>: A list is accessing an object (0x8dbaba0) already deleted (list name = TList)
Error in <TList::Clear>: A list is accessing an object (0x8dbb160) already deleted (list name = TList)
Error in <TList::Clear>: A list is accessing an object (0x8d81430) already deleted (list name = TList)
Error in <TList::Clear>: A list is accessing an object (0x8d81430) already deleted (list name = TList)
Error in <TList::Clear>: A list is accessing an object (0x8d81430) already deleted (list name = TList)
Error in <TList::Clear>: A list is accessing an object (0x8d81430) already deleted (list name = TList)
Error in <TList::Clear>: A list is accessing an object (0x8d81430) already deleted (list name = TList)
Error in <TList::Clear>: A list is accessing an object (0x8d81430) already deleted (list name = TList)
Error in <TList::Clear>: A list is accessing an object (0x8d81430) already deleted (list name = TList)
Error in <TList::Clear>: A list is accessing an object (0x8d81430) already deleted (list name = TList)
Error in <TList::Clear>: A list is accessing an object (0x8d81430) already deleted (list name = TList)
Error in <TList::Clear>: A list is accessing an object (0x8d81430) already deleted (list name = TList)
Error in <TList::Clear>: A list is accessing an object (0x8d81430) already deleted (list name = TList)
Error in <TList::Clear>: A list is accessing an object (0x8d81430) already deleted (list name = TList)
Error in <TList::Clear>: A list is accessing an object (0x9597260) already deleted (list name = TList)
Error in <TList::Clear>: A list is accessing an object (0x9662140) already deleted (list name = TList)
Error in <TList::Clear>: A list is accessing an object (0x9664e40) already deleted (list name = TList)
Error in <TList::Clear>: A list is accessing an object (0x966b9f0) already deleted (list name = TList)
Error in <TList::Clear>: A list is accessing an object (0x966bd60) already deleted (list name = TList)
Error in <TList::Clear>: A list is accessing an object (0x966c0d0) already deleted (list name = TList)
Error in <TList::Clear>: A list is accessing an object (0x966c600) already deleted (list name = TList)
Error in <TList::Clear>: A list is accessing an object (0x966c9c0) already deleted (list name = TList)
Error in <TList::Clear>: A list is accessing an object (0x966d320) already deleted (list name = TList)
Error in <TList::Clear>: A list is accessing an object (0x966f980) already deleted (list name = TList)
Error in <TList::Clear>: A list is accessing an object (0x966fd40) already deleted (list name = TList)
Error in <TList::Clear>: A list is accessing an object (0x9670130) already deleted (list name = TList)
Error in <TList::Clear>: A list is accessing an object (0x9670520) already deleted (list name = TList)
Error in <TList::Clear>: A list is accessing an object (0x9670c20) already deleted (list name = TList)
Error in <TList::Clear>: A list is accessing an object (0x96711e0) already deleted (list name = TList)
Error in <TList::Clear>: A list is accessing an object (0x9671610) already deleted (list name = TList)
Error in <TList::Clear>: A list is accessing an object (0x9671ab0) already deleted (list name = TList)
Error in <TList::Clear>: A list is accessing an object (0x9671e80) already deleted (list name = TList)
Error in <TList::Clear>: A list is accessing an object (0x9672350) already deleted (list name = TList)
Error in <TList::Clear>: A list is accessing an object (0x9672580) already deleted (list name = TList)
Error in <TList::Clear>: A list is accessing an object (0x968c120) already deleted (list name = TList)
Error in <TList::Clear>: A list is accessing an object (0x9698ca0) already deleted (list name = TList)
Error in <TList::Clear>: A list is accessing an object (0x9699950) already deleted (list name = TList)
Error in <TList::Clear>: A list is accessing an object (0x969b190) already deleted (list name = TList)
Error in <TList::Clear>: A list is accessing an object (0x969bb80) already deleted (list name = TList)
Error in <TList::Clear>: A list is accessing an object (0x969bfe0) already deleted (list name = TList)
Error in <TList::Clear>: A list is accessing an object (0x969cde0) already deleted (list name = TList)
Error in <TList::Clear>: A list is accessing an object (0x96a4920) already deleted (list name = TList)
Error in <TList::Clear>: A list is accessing an object (0x96a9180) already deleted (list name = TList)
Error in <TList::Clear>: A list is accessing an object (0x96a9690) already deleted (list name = TList)
Error in <TList::Clear>: A list is accessing an object (0x96a9c30) already deleted (list name = TList)
Error in <TList::Clear>: A list is accessing an object (0x96aa1d0) already deleted (list name = TList)
Error in <TList::Clear>: A list is accessing an object (0x96aa680) already deleted (list name = TList)
Error in <TList::Clear>: A list is accessing an object (0x96aa9b0) already deleted (list name = TList)
Error in <TList::Clear>: A list is accessing an object (0x96aaea0) already deleted (list name = TList)
Error in <TList::Clear>: A list is accessing an object (0x96ab1d0) already deleted (list name = TList)
Error in <TList::Clear>: A list is accessing an object (0x96ab670) already deleted (list name = TList)
Error in <TList::Clear>: A list is accessing an object (0x96ab9a0) already deleted (list name = TList)
Error in <TList::Clear>: A list is accessing an object (0x96abf60) already deleted (list name = TList)
Error in <TList::Clear>: A list is accessing an object (0x9672350) already deleted (list name = TList)
Error in <TList::Clear>: A list is accessing an object (0x9672350) already deleted (list name = TList)
Error in <TList::Clear>: A list is accessing an object (0x9672350) already deleted (list name = TList)
Error in <TList::Clear>: A list is accessing an object (0x9672350) already deleted (list name = TList)
Error in <TList::Clear>: A list is accessing an object (0x9672350) already deleted (list name = TList)
Error in <TList::Clear>: A list is accessing an object (0x9672350) already deleted (list name = TList)
Error in <TList::Clear>: A list is accessing an object (0x9672350) already deleted (list name = TList)
Error in <TList::Clear>: A list is accessing an object (0x9672350) already deleted (list name = TList)
Error in <TList::Clear>: A list is accessing an object (0x9672350) already deleted (list name = TList)
Error in <TList::Clear>: A list is accessing an object (0x9672350) already deleted (list name = TList)
Error in <TList::Clear>: A list is accessing an object (0x9672350) already deleted (list name = TList)
Error in <TList::Clear>: A list is accessing an object (0x9672350) already deleted (list name = TList)
Error in <TList::Clear>: A list is accessing an object (0xa1d5d30) already deleted (list name = TList)
Error in <TList::Clear>: A list is accessing an object (0xa246d00) already deleted (list name = TList)
Error in <TList::Clear>: A list is accessing an object (0xa249870) already deleted (list name = TList)
Error in <TList::Clear>: A list is accessing an object (0xa2505a0) already deleted (list name = TList)
Error in <TList::Clear>: A list is accessing an object (0xa250910) already deleted (list name = TList)
Error in <TList::Clear>: A list is accessing an object (0xa250c80) already deleted (list name = TList)
Error in <TList::Clear>: A list is accessing an object (0xa2511b0) already deleted (list name = TList)
Error in <TList::Clear>: A list is accessing an object (0xa251570) already deleted (list name = TList)
Error in <TList::Clear>: A list is accessing an object (0xa251ed0) already deleted (list name = TList)
Error in <TList::Clear>: A list is accessing an object (0xa254530) already deleted (list name = TList)
Error in <TList::Clear>: A list is accessing an object (0xa2548f0) already deleted (list name = TList)
Error in <TList::Clear>: A list is accessing an object (0xa254ce0) already deleted (list name = TList)
Error in <TList::Clear>: A list is accessing an object (0xa2550d0) already deleted (list name = TList)
Error in <TList::Clear>: A list is accessing an object (0xa2557d0) already deleted (list name = TList)
Error in <TList::Clear>: A list is accessing an object (0xa255d90) already deleted (list name = TList)
Error in <TList::Clear>: A list is accessing an object (0xa2561c0) already deleted (list name = TList)
Error in <TList::Clear>: A list is accessing an object (0xa256660) already deleted (list name = TList)
Error in <TList::Clear>: A list is accessing an object (0xa256a30) already deleted (list name = TList)
Error in <TList::Clear>: A list is accessing an object (0xa256f00) already deleted (list name = TList)
Error in <TList::Clear>: A list is accessing an object (0xa257130) already deleted (list name = TList)
Error in <TList::Clear>: A list is accessing an object (0xa270cd0) already deleted (list name = TList)
Error in <TList::Clear>: A list is accessing an object (0xa27d850) already deleted (list name = TList)
Error in <TList::Clear>: A list is accessing an object (0xa27e500) already deleted (list name = TList)
Error in <TList::Clear>: A list is accessing an object (0xa27fd40) already deleted (list name = TList)
Error in <TList::Clear>: A list is accessing an object (0xa280730) already deleted (list name = TList)
Error in <TList::Clear>: A list is accessing an object (0xa280b90) already deleted (list name = TList)
Error in <TList::Clear>: A list is accessing an object (0xa281990) already deleted (list name = TList)
Error in <TList::Clear>: A list is accessing an object (0xa2894d0) already deleted (list name = TList)
Error in <TList::Clear>: A list is accessing an object (0xa28dd30) already deleted (list name = TList)
Error in <TList::Clear>: A list is accessing an object (0xa28e240) already deleted (list name = TList)
Error in <TList::Clear>: A list is accessing an object (0xa28e7e0) already deleted (list name = TList)
Error in <TList::Clear>: A list is accessing an object (0xa28ed80) already deleted (list name = TList)
Error in <TList::Clear>: A list is accessing an object (0xa28f230) already deleted (list name = TList)
Error in <TList::Clear>: A list is accessing an object (0xa28f560) already deleted (list name = TList)
Error in <TList::Clear>: A list is accessing an object (0xa28fa50) already deleted (list name = TList)
Error in <TList::Clear>: A list is accessing an object (0xa28fd80) already deleted (list name = TList)
Error in <TList::Clear>: A list is accessing an object (0xa290220) already deleted (list name = TList)
Error in <TList::Clear>: A list is accessing an object (0xa290550) already deleted (list name = TList)
Error in <TList::Clear>: A list is accessing an object (0xa290b10) already deleted (list name = TList)
Error in <TList::Clear>: A list is accessing an object (0xa256f00) already deleted (list name = TList)
Error in <TList::Clear>: A list is accessing an object (0xa256f00) already deleted (list name = TList)
Error in <TList::Clear>: A list is accessing an object (0xa256f00) already deleted (list name = TList)
Error in <TList::Clear>: A list is accessing an object (0xa256f00) already deleted (list name = TList)
Error in <TList::Clear>: A list is accessing an object (0xa256f00) already deleted (list name = TList)
Error in <TList::Clear>: A list is accessing an object (0xa256f00) already deleted (list name = TList)
Error in <TList::Clear>: A list is accessing an object (0xa256f00) already deleted (list name = TList)
Error in <TList::Clear>: A list is accessing an object (0xa256f00) already deleted (list name = TList)
Error in <TList::Clear>: A list is accessing an object (0xa256f00) already deleted (list name = TList)
Error in <TList::Clear>: A list is accessing an object (0xa256f00) already deleted (list name = TList)
Error in <TList::Clear>: A list is accessing an object (0xa256f00) already deleted (list name = TList)
Error in <TList::Clear>: A list is accessing an object (0xa256f00) already deleted (list name = TList)
