Using built-in specs.
COLLECT_GCC=gcc
COLLECT_LTO_WRAPPER=/usr/libexec/gcc/x86_64-redhat-linux/11/lto-wrapper
OFFLOAD_TARGET_NAMES=nvptx-none
OFFLOAD_TARGET_DEFAULT=1
Target: x86_64-redhat-linux
Configured with: ../configure --enable-bootstrap --enable-host-pie --enable-host-bind-now --enable-languages=c,c++,fortran,lto --prefix=/usr --mandir=/usr/share/man --infodir=/usr/share/info --with-bugurl=http://bugs.almalinux.org/ --enable-shared --enable-threads=posix --enable-checking=release --with-system-zlib --enable-__cxa_atexit --disable-libunwind-exceptions --enable-gnu-unique-object --enable-linker-build-id --with-gcc-major-version-only --enable-plugin --enable-initfini-array --without-isl --enable-multilib --with-linker-hash-style=gnu --enable-offload-targets=nvptx-none --without-cuda-driver --enable-gnu-indirect-function --enable-cet --with-tune=generic --with-arch_64=x86-64-v2 --with-arch_32=x86-64 --build=x86_64-redhat-linux --with-build-config=bootstrap-lto --enable-link-serialization=1
Thread model: posix
Supported LTO compression algorithms: zlib zstd
gcc version 11.4.1 20231218 (Red Hat 11.4.1-3) (GCC) 
Error in <TList::Clear>: A list is accessing an object (0x98482c0) already deleted (list name = TList)
Error in <TList::Clear>: A list is accessing an object (0x98baa60) already deleted (list name = TList)
Error in <TList::Clear>: A list is accessing an object (0x98bd5d0) already deleted (list name = TList)
Error in <TList::Clear>: A list is accessing an object (0x98c43e0) already deleted (list name = TList)
Error in <TList::Clear>: A list is accessing an object (0x98c4750) already deleted (list name = TList)
Error in <TList::Clear>: A list is accessing an object (0x98c4ac0) already deleted (list name = TList)
Error in <TList::Clear>: A list is accessing an object (0x98c4ff0) already deleted (list name = TList)
Error in <TList::Clear>: A list is accessing an object (0x98c53b0) already deleted (list name = TList)
Error in <TList::Clear>: A list is accessing an object (0x98c5d10) already deleted (list name = TList)
Error in <TList::Clear>: A list is accessing an object (0x98c8370) already deleted (list name = TList)
Error in <TList::Clear>: A list is accessing an object (0x98c8730) already deleted (list name = TList)
Error in <TList::Clear>: A list is accessing an object (0x98c8b20) already deleted (list name = TList)
Error in <TList::Clear>: A list is accessing an object (0x98c8f10) already deleted (list name = TList)
Error in <TList::Clear>: A list is accessing an object (0x98c9610) already deleted (list name = TList)
Error in <TList::Clear>: A list is accessing an object (0x98c9bd0) already deleted (list name = TList)
Error in <TList::Clear>: A list is accessing an object (0x98ca000) already deleted (list name = TList)
Error in <TList::Clear>: A list is accessing an object (0x98ca4a0) already deleted (list name = TList)
Error in <TList::Clear>: A list is accessing an object (0x98ca870) already deleted (list name = TList)
Error in <TList::Clear>: A list is accessing an object (0x98cad40) already deleted (list name = TList)
Error in <TList::Clear>: A list is accessing an object (0x98caf70) already deleted (list name = TList)
Error in <TList::Clear>: A list is accessing an object (0x98e4b10) already deleted (list name = TList)
Error in <TList::Clear>: A list is accessing an object (0x98f1690) already deleted (list name = TList)
Error in <TList::Clear>: A list is accessing an object (0x98f2340) already deleted (list name = TList)
Error in <TList::Clear>: A list is accessing an object (0x98f3b80) already deleted (list name = TList)
Error in <TList::Clear>: A list is accessing an object (0x98f4570) already deleted (list name = TList)
Error in <TList::Clear>: A list is accessing an object (0x98f49d0) already deleted (list name = TList)
Error in <TList::Clear>: A list is accessing an object (0x98f57d0) already deleted (list name = TList)
Error in <TList::Clear>: A list is accessing an object (0x98fd310) already deleted (list name = TList)
Error in <TList::Clear>: A list is accessing an object (0x9901b70) already deleted (list name = TList)
Error in <TList::Clear>: A list is accessing an object (0x9902080) already deleted (list name = TList)
Error in <TList::Clear>: A list is accessing an object (0x9902620) already deleted (list name = TList)
Error in <TList::Clear>: A list is accessing an object (0x9902bc0) already deleted (list name = TList)
Error in <TList::Clear>: A list is accessing an object (0x9903070) already deleted (list name = TList)
Error in <TList::Clear>: A list is accessing an object (0x99033a0) already deleted (list name = TList)
Error in <TList::Clear>: A list is accessing an object (0x9903890) already deleted (list name = TList)
Error in <TList::Clear>: A list is accessing an object (0x9903bc0) already deleted (list name = TList)
Error in <TList::Clear>: A list is accessing an object (0x9904060) already deleted (list name = TList)
Error in <TList::Clear>: A list is accessing an object (0x9904390) already deleted (list name = TList)
Error in <TList::Clear>: A list is accessing an object (0x9904950) already deleted (list name = TList)
Error in <TList::Clear>: A list is accessing an object (0x98cad40) already deleted (list name = TList)
Error in <TList::Clear>: A list is accessing an object (0x98cad40) already deleted (list name = TList)
Error in <TList::Clear>: A list is accessing an object (0x98cad40) already deleted (list name = TList)
Error in <TList::Clear>: A list is accessing an object (0x98cad40) already deleted (list name = TList)
Error in <TList::Clear>: A list is accessing an object (0x98cad40) already deleted (list name = TList)
Error in <TList::Clear>: A list is accessing an object (0x98cad40) already deleted (list name = TList)
Error in <TList::Clear>: A list is accessing an object (0x98cad40) already deleted (list name = TList)
Error in <TList::Clear>: A list is accessing an object (0x98cad40) already deleted (list name = TList)
Error in <TList::Clear>: A list is accessing an object (0x98cad40) already deleted (list name = TList)
Error in <TList::Clear>: A list is accessing an object (0x98cad40) already deleted (list name = TList)
Error in <TList::Clear>: A list is accessing an object (0x98cad40) already deleted (list name = TList)
Error in <TList::Clear>: A list is accessing an object (0x98cad40) already deleted (list name = TList)
Error in <TList::Clear>: A list is accessing an object (0x95e0920) already deleted (list name = TList)
Error in <TList::Clear>: A list is accessing an object (0x9641030) already deleted (list name = TList)
Error in <TList::Clear>: A list is accessing an object (0x9643b90) already deleted (list name = TList)
Error in <TList::Clear>: A list is accessing an object (0x964ab40) already deleted (list name = TList)
Error in <TList::Clear>: A list is accessing an object (0x964aeb0) already deleted (list name = TList)
Error in <TList::Clear>: A list is accessing an object (0x964b220) already deleted (list name = TList)
Error in <TList::Clear>: A list is accessing an object (0x964b750) already deleted (list name = TList)
Error in <TList::Clear>: A list is accessing an object (0x964bb10) already deleted (list name = TList)
Error in <TList::Clear>: A list is accessing an object (0x964c470) already deleted (list name = TList)
Error in <TList::Clear>: A list is accessing an object (0x964ead0) already deleted (list name = TList)
Error in <TList::Clear>: A list is accessing an object (0x964ee90) already deleted (list name = TList)
Error in <TList::Clear>: A list is accessing an object (0x964f280) already deleted (list name = TList)
Error in <TList::Clear>: A list is accessing an object (0x964f670) already deleted (list name = TList)
Error in <TList::Clear>: A list is accessing an object (0x964fd70) already deleted (list name = TList)
Error in <TList::Clear>: A list is accessing an object (0x9650330) already deleted (list name = TList)
Error in <TList::Clear>: A list is accessing an object (0x9650760) already deleted (list name = TList)
Error in <TList::Clear>: A list is accessing an object (0x9650c00) already deleted (list name = TList)
Error in <TList::Clear>: A list is accessing an object (0x9650fd0) already deleted (list name = TList)
Error in <TList::Clear>: A list is accessing an object (0x96514a0) already deleted (list name = TList)
Error in <TList::Clear>: A list is accessing an object (0x96516d0) already deleted (list name = TList)
Error in <TList::Clear>: A list is accessing an object (0x966b270) already deleted (list name = TList)
Error in <TList::Clear>: A list is accessing an object (0x9677df0) already deleted (list name = TList)
Error in <TList::Clear>: A list is accessing an object (0x9678aa0) already deleted (list name = TList)
Error in <TList::Clear>: A list is accessing an object (0x967a2e0) already deleted (list name = TList)
Error in <TList::Clear>: A list is accessing an object (0x967acd0) already deleted (list name = TList)
Error in <TList::Clear>: A list is accessing an object (0x967b130) already deleted (list name = TList)
Error in <TList::Clear>: A list is accessing an object (0x967bf30) already deleted (list name = TList)
Error in <TList::Clear>: A list is accessing an object (0x9683a70) already deleted (list name = TList)
Error in <TList::Clear>: A list is accessing an object (0x96882d0) already deleted (list name = TList)
Error in <TList::Clear>: A list is accessing an object (0x96887e0) already deleted (list name = TList)
Error in <TList::Clear>: A list is accessing an object (0x9688d80) already deleted (list name = TList)
Error in <TList::Clear>: A list is accessing an object (0x9689320) already deleted (list name = TList)
Error in <TList::Clear>: A list is accessing an object (0x96897d0) already deleted (list name = TList)
Error in <TList::Clear>: A list is accessing an object (0x9689b20) already deleted (list name = TList)
Error in <TList::Clear>: A list is accessing an object (0x968a010) already deleted (list name = TList)
Error in <TList::Clear>: A list is accessing an object (0x968a340) already deleted (list name = TList)
Error in <TList::Clear>: A list is accessing an object (0x968a7e0) already deleted (list name = TList)
Error in <TList::Clear>: A list is accessing an object (0x968ab10) already deleted (list name = TList)
Error in <TList::Clear>: A list is accessing an object (0x968b0d0) already deleted (list name = TList)
Error in <TList::Clear>: A list is accessing an object (0x96514a0) already deleted (list name = TList)
Error in <TList::Clear>: A list is accessing an object (0x96514a0) already deleted (list name = TList)
Error in <TList::Clear>: A list is accessing an object (0x96514a0) already deleted (list name = TList)
Error in <TList::Clear>: A list is accessing an object (0x96514a0) already deleted (list name = TList)
Error in <TList::Clear>: A list is accessing an object (0x96514a0) already deleted (list name = TList)
Error in <TList::Clear>: A list is accessing an object (0x96514a0) already deleted (list name = TList)
Error in <TList::Clear>: A list is accessing an object (0x96514a0) already deleted (list name = TList)
Error in <TList::Clear>: A list is accessing an object (0x96514a0) already deleted (list name = TList)
Error in <TList::Clear>: A list is accessing an object (0x96514a0) already deleted (list name = TList)
Error in <TList::Clear>: A list is accessing an object (0x96514a0) already deleted (list name = TList)
Error in <TList::Clear>: A list is accessing an object (0x96514a0) already deleted (list name = TList)
Error in <TList::Clear>: A list is accessing an object (0x96514a0) already deleted (list name = TList)
Error in <TList::Clear>: A list is accessing an object (0x8e333d0) already deleted (list name = TList)
Error in <TList::Clear>: A list is accessing an object (0x8f11a20) already deleted (list name = TList)
Error in <TList::Clear>: A list is accessing an object (0x8f14540) already deleted (list name = TList)
Error in <TList::Clear>: A list is accessing an object (0x8f1b560) already deleted (list name = TList)
Error in <TList::Clear>: A list is accessing an object (0x8f1b8d0) already deleted (list name = TList)
Error in <TList::Clear>: A list is accessing an object (0x8f1bc40) already deleted (list name = TList)
Error in <TList::Clear>: A list is accessing an object (0x8f1c170) already deleted (list name = TList)
Error in <TList::Clear>: A list is accessing an object (0x8f1c530) already deleted (list name = TList)
Error in <TList::Clear>: A list is accessing an object (0x8f1ce90) already deleted (list name = TList)
Error in <TList::Clear>: A list is accessing an object (0x8f1f4f0) already deleted (list name = TList)
Error in <TList::Clear>: A list is accessing an object (0x8f1f8b0) already deleted (list name = TList)
Error in <TList::Clear>: A list is accessing an object (0x8f1fca0) already deleted (list name = TList)
Error in <TList::Clear>: A list is accessing an object (0x8f20090) already deleted (list name = TList)
Error in <TList::Clear>: A list is accessing an object (0x8f20790) already deleted (list name = TList)
Error in <TList::Clear>: A list is accessing an object (0x8f20d50) already deleted (list name = TList)
Error in <TList::Clear>: A list is accessing an object (0x8f21180) already deleted (list name = TList)
Error in <TList::Clear>: A list is accessing an object (0x8f21620) already deleted (list name = TList)
Error in <TList::Clear>: A list is accessing an object (0x8f219f0) already deleted (list name = TList)
Error in <TList::Clear>: A list is accessing an object (0x8f21ec0) already deleted (list name = TList)
Error in <TList::Clear>: A list is accessing an object (0x8f220f0) already deleted (list name = TList)
Error in <TList::Clear>: A list is accessing an object (0x8f3bc90) already deleted (list name = TList)
Error in <TList::Clear>: A list is accessing an object (0x8f48810) already deleted (list name = TList)
Error in <TList::Clear>: A list is accessing an object (0x8f494c0) already deleted (list name = TList)
Error in <TList::Clear>: A list is accessing an object (0x8f4ad00) already deleted (list name = TList)
Error in <TList::Clear>: A list is accessing an object (0x8f4b6f0) already deleted (list name = TList)
Error in <TList::Clear>: A list is accessing an object (0x8f4bb50) already deleted (list name = TList)
Error in <TList::Clear>: A list is accessing an object (0x8f4c950) already deleted (list name = TList)
Error in <TList::Clear>: A list is accessing an object (0x8f54490) already deleted (list name = TList)
Error in <TList::Clear>: A list is accessing an object (0x8f58cf0) already deleted (list name = TList)
Error in <TList::Clear>: A list is accessing an object (0x8f59200) already deleted (list name = TList)
Error in <TList::Clear>: A list is accessing an object (0x8f597a0) already deleted (list name = TList)
Error in <TList::Clear>: A list is accessing an object (0x8f59d40) already deleted (list name = TList)
Error in <TList::Clear>: A list is accessing an object (0x8f5a1f0) already deleted (list name = TList)
Error in <TList::Clear>: A list is accessing an object (0x8f5a520) already deleted (list name = TList)
Error in <TList::Clear>: A list is accessing an object (0x8f5aa10) already deleted (list name = TList)
Error in <TList::Clear>: A list is accessing an object (0x8f5ad40) already deleted (list name = TList)
Error in <TList::Clear>: A list is accessing an object (0x8f5b1e0) already deleted (list name = TList)
Error in <TList::Clear>: A list is accessing an object (0x8f5b510) already deleted (list name = TList)
Error in <TList::Clear>: A list is accessing an object (0x8f5bad0) already deleted (list name = TList)
Error in <TList::Clear>: A list is accessing an object (0x8f21ec0) already deleted (list name = TList)
Error in <TList::Clear>: A list is accessing an object (0x8f21ec0) already deleted (list name = TList)
Error in <TList::Clear>: A list is accessing an object (0x8f21ec0) already deleted (list name = TList)
Error in <TList::Clear>: A list is accessing an object (0x8f21ec0) already deleted (list name = TList)
Error in <TList::Clear>: A list is accessing an object (0x8f21ec0) already deleted (list name = TList)
Error in <TList::Clear>: A list is accessing an object (0x8f21ec0) already deleted (list name = TList)
Error in <TList::Clear>: A list is accessing an object (0x8f21ec0) already deleted (list name = TList)
Error in <TList::Clear>: A list is accessing an object (0x8f21ec0) already deleted (list name = TList)
Error in <TList::Clear>: A list is accessing an object (0x8f21ec0) already deleted (list name = TList)
Error in <TList::Clear>: A list is accessing an object (0x8f21ec0) already deleted (list name = TList)
Error in <TList::Clear>: A list is accessing an object (0x8f21ec0) already deleted (list name = TList)
Error in <TList::Clear>: A list is accessing an object (0x8f21ec0) already deleted (list name = TList)
