Using built-in specs.
COLLECT_GCC=gcc
COLLECT_LTO_WRAPPER=/usr/libexec/gcc/x86_64-redhat-linux/11/lto-wrapper
OFFLOAD_TARGET_NAMES=nvptx-none
OFFLOAD_TARGET_DEFAULT=1
Target: x86_64-redhat-linux
Configured with: ../configure --enable-bootstrap --enable-host-pie --enable-host-bind-now --enable-languages=c,c++,fortran,lto --prefix=/usr --mandir=/usr/share/man --infodir=/usr/share/info --with-bugurl=http://bugs.almalinux.org/ --enable-shared --enable-threads=posix --enable-checking=release --with-system-zlib --enable-__cxa_atexit --disable-libunwind-exceptions --enable-gnu-unique-object --enable-linker-build-id --with-gcc-major-version-only --enable-plugin --enable-initfini-array --without-isl --enable-multilib --with-linker-hash-style=gnu --enable-offload-targets=nvptx-none --without-cuda-driver --enable-gnu-indirect-function --enable-cet --with-tune=generic --with-arch_64=x86-64-v2 --with-arch_32=x86-64 --build=x86_64-redhat-linux --with-build-config=bootstrap-lto --enable-link-serialization=1
Thread model: posix
Supported LTO compression algorithms: zlib zstd
gcc version 11.4.1 20231218 (Red Hat 11.4.1-3) (GCC) 
Error in <TList::Clear>: A list is accessing an object (0x940cd50) already deleted (list name = TList)
Error in <TList::Clear>: A list is accessing an object (0x94cd740) already deleted (list name = TList)
Error in <TList::Clear>: A list is accessing an object (0x94d02b0) already deleted (list name = TList)
Error in <TList::Clear>: A list is accessing an object (0x94d70c0) already deleted (list name = TList)
Error in <TList::Clear>: A list is accessing an object (0x94d7430) already deleted (list name = TList)
Error in <TList::Clear>: A list is accessing an object (0x94d77a0) already deleted (list name = TList)
Error in <TList::Clear>: A list is accessing an object (0x94d7cd0) already deleted (list name = TList)
Error in <TList::Clear>: A list is accessing an object (0x94d8090) already deleted (list name = TList)
Error in <TList::Clear>: A list is accessing an object (0x94d89f0) already deleted (list name = TList)
Error in <TList::Clear>: A list is accessing an object (0x94db050) already deleted (list name = TList)
Error in <TList::Clear>: A list is accessing an object (0x94db410) already deleted (list name = TList)
Error in <TList::Clear>: A list is accessing an object (0x94db800) already deleted (list name = TList)
Error in <TList::Clear>: A list is accessing an object (0x94dbbf0) already deleted (list name = TList)
Error in <TList::Clear>: A list is accessing an object (0x94dc2f0) already deleted (list name = TList)
Error in <TList::Clear>: A list is accessing an object (0x94dc8b0) already deleted (list name = TList)
Error in <TList::Clear>: A list is accessing an object (0x94dcce0) already deleted (list name = TList)
Error in <TList::Clear>: A list is accessing an object (0x94dd180) already deleted (list name = TList)
Error in <TList::Clear>: A list is accessing an object (0x94dd550) already deleted (list name = TList)
Error in <TList::Clear>: A list is accessing an object (0x94dda20) already deleted (list name = TList)
Error in <TList::Clear>: A list is accessing an object (0x94ddc50) already deleted (list name = TList)
Error in <TList::Clear>: A list is accessing an object (0x94f77f0) already deleted (list name = TList)
Error in <TList::Clear>: A list is accessing an object (0x9504370) already deleted (list name = TList)
Error in <TList::Clear>: A list is accessing an object (0x9505020) already deleted (list name = TList)
Error in <TList::Clear>: A list is accessing an object (0x9506860) already deleted (list name = TList)
Error in <TList::Clear>: A list is accessing an object (0x9507250) already deleted (list name = TList)
Error in <TList::Clear>: A list is accessing an object (0x95076b0) already deleted (list name = TList)
Error in <TList::Clear>: A list is accessing an object (0x95084b0) already deleted (list name = TList)
Error in <TList::Clear>: A list is accessing an object (0x950fff0) already deleted (list name = TList)
Error in <TList::Clear>: A list is accessing an object (0x9514850) already deleted (list name = TList)
Error in <TList::Clear>: A list is accessing an object (0x9514d60) already deleted (list name = TList)
Error in <TList::Clear>: A list is accessing an object (0x9515300) already deleted (list name = TList)
Error in <TList::Clear>: A list is accessing an object (0x95158a0) already deleted (list name = TList)
Error in <TList::Clear>: A list is accessing an object (0x9515d50) already deleted (list name = TList)
Error in <TList::Clear>: A list is accessing an object (0x9516080) already deleted (list name = TList)
Error in <TList::Clear>: A list is accessing an object (0x9516570) already deleted (list name = TList)
Error in <TList::Clear>: A list is accessing an object (0x95168a0) already deleted (list name = TList)
Error in <TList::Clear>: A list is accessing an object (0x9516d40) already deleted (list name = TList)
Error in <TList::Clear>: A list is accessing an object (0x9517070) already deleted (list name = TList)
Error in <TList::Clear>: A list is accessing an object (0x9517630) already deleted (list name = TList)
Error in <TList::Clear>: A list is accessing an object (0x94dda20) already deleted (list name = TList)
Error in <TList::Clear>: A list is accessing an object (0x94dda20) already deleted (list name = TList)
Error in <TList::Clear>: A list is accessing an object (0x94dda20) already deleted (list name = TList)
Error in <TList::Clear>: A list is accessing an object (0x94dda20) already deleted (list name = TList)
Error in <TList::Clear>: A list is accessing an object (0x94dda20) already deleted (list name = TList)
Error in <TList::Clear>: A list is accessing an object (0x94dda20) already deleted (list name = TList)
Error in <TList::Clear>: A list is accessing an object (0x94dda20) already deleted (list name = TList)
Error in <TList::Clear>: A list is accessing an object (0x94dda20) already deleted (list name = TList)
Error in <TList::Clear>: A list is accessing an object (0x94dda20) already deleted (list name = TList)
Error in <TList::Clear>: A list is accessing an object (0x94dda20) already deleted (list name = TList)
Error in <TList::Clear>: A list is accessing an object (0x94dda20) already deleted (list name = TList)
Error in <TList::Clear>: A list is accessing an object (0x94dda20) already deleted (list name = TList)
Error in <TList::Clear>: A list is accessing an object (0x8d1a4b0) already deleted (list name = TList)
Error in <TList::Clear>: A list is accessing an object (0x8de2210) already deleted (list name = TList)
Error in <TList::Clear>: A list is accessing an object (0x8de4d80) already deleted (list name = TList)
Error in <TList::Clear>: A list is accessing an object (0x8debab0) already deleted (list name = TList)
Error in <TList::Clear>: A list is accessing an object (0x8debe20) already deleted (list name = TList)
Error in <TList::Clear>: A list is accessing an object (0x8dec190) already deleted (list name = TList)
Error in <TList::Clear>: A list is accessing an object (0x8dec6c0) already deleted (list name = TList)
Error in <TList::Clear>: A list is accessing an object (0x8deca80) already deleted (list name = TList)
Error in <TList::Clear>: A list is accessing an object (0x8ded3e0) already deleted (list name = TList)
Error in <TList::Clear>: A list is accessing an object (0x8defa40) already deleted (list name = TList)
Error in <TList::Clear>: A list is accessing an object (0x8defe00) already deleted (list name = TList)
Error in <TList::Clear>: A list is accessing an object (0x8df01f0) already deleted (list name = TList)
Error in <TList::Clear>: A list is accessing an object (0x8df05e0) already deleted (list name = TList)
Error in <TList::Clear>: A list is accessing an object (0x8df0ce0) already deleted (list name = TList)
Error in <TList::Clear>: A list is accessing an object (0x8df12a0) already deleted (list name = TList)
Error in <TList::Clear>: A list is accessing an object (0x8df16d0) already deleted (list name = TList)
Error in <TList::Clear>: A list is accessing an object (0x8df1b70) already deleted (list name = TList)
Error in <TList::Clear>: A list is accessing an object (0x8df1f40) already deleted (list name = TList)
Error in <TList::Clear>: A list is accessing an object (0x8df2410) already deleted (list name = TList)
Error in <TList::Clear>: A list is accessing an object (0x8df2640) already deleted (list name = TList)
Error in <TList::Clear>: A list is accessing an object (0x8e0c1e0) already deleted (list name = TList)
Error in <TList::Clear>: A list is accessing an object (0x8e18d60) already deleted (list name = TList)
Error in <TList::Clear>: A list is accessing an object (0x8e19a10) already deleted (list name = TList)
Error in <TList::Clear>: A list is accessing an object (0x8e1b250) already deleted (list name = TList)
Error in <TList::Clear>: A list is accessing an object (0x8e1bc40) already deleted (list name = TList)
Error in <TList::Clear>: A list is accessing an object (0x8e1c0a0) already deleted (list name = TList)
Error in <TList::Clear>: A list is accessing an object (0x8e1cea0) already deleted (list name = TList)
Error in <TList::Clear>: A list is accessing an object (0x8e24a80) already deleted (list name = TList)
Error in <TList::Clear>: A list is accessing an object (0x8e29360) already deleted (list name = TList)
Error in <TList::Clear>: A list is accessing an object (0x8e29870) already deleted (list name = TList)
Error in <TList::Clear>: A list is accessing an object (0x8e29e10) already deleted (list name = TList)
Error in <TList::Clear>: A list is accessing an object (0x8e2a3b0) already deleted (list name = TList)
Error in <TList::Clear>: A list is accessing an object (0x8e2a860) already deleted (list name = TList)
Error in <TList::Clear>: A list is accessing an object (0x8e2ab90) already deleted (list name = TList)
Error in <TList::Clear>: A list is accessing an object (0x8e2b080) already deleted (list name = TList)
Error in <TList::Clear>: A list is accessing an object (0x8e2b3b0) already deleted (list name = TList)
Error in <TList::Clear>: A list is accessing an object (0x8e2b850) already deleted (list name = TList)
Error in <TList::Clear>: A list is accessing an object (0x8e2bb80) already deleted (list name = TList)
Error in <TList::Clear>: A list is accessing an object (0x8e2c140) already deleted (list name = TList)
Error in <TList::Clear>: A list is accessing an object (0x8df2410) already deleted (list name = TList)
Error in <TList::Clear>: A list is accessing an object (0x8df2410) already deleted (list name = TList)
Error in <TList::Clear>: A list is accessing an object (0x8df2410) already deleted (list name = TList)
Error in <TList::Clear>: A list is accessing an object (0x8df2410) already deleted (list name = TList)
Error in <TList::Clear>: A list is accessing an object (0x8df2410) already deleted (list name = TList)
Error in <TList::Clear>: A list is accessing an object (0x8df2410) already deleted (list name = TList)
Error in <TList::Clear>: A list is accessing an object (0x8df2410) already deleted (list name = TList)
Error in <TList::Clear>: A list is accessing an object (0x8df2410) already deleted (list name = TList)
Error in <TList::Clear>: A list is accessing an object (0x8df2410) already deleted (list name = TList)
Error in <TList::Clear>: A list is accessing an object (0x8df2410) already deleted (list name = TList)
Error in <TList::Clear>: A list is accessing an object (0x8df2410) already deleted (list name = TList)
Error in <TList::Clear>: A list is accessing an object (0x8df2410) already deleted (list name = TList)
Error in <TList::Clear>: A list is accessing an object (0xa20dab0) already deleted (list name = TList)
Error in <TList::Clear>: A list is accessing an object (0xa270420) already deleted (list name = TList)
Error in <TList::Clear>: A list is accessing an object (0xa272f80) already deleted (list name = TList)
Error in <TList::Clear>: A list is accessing an object (0xa279f30) already deleted (list name = TList)
Error in <TList::Clear>: A list is accessing an object (0xa27a2a0) already deleted (list name = TList)
Error in <TList::Clear>: A list is accessing an object (0xa27a610) already deleted (list name = TList)
Error in <TList::Clear>: A list is accessing an object (0xa27ab40) already deleted (list name = TList)
Error in <TList::Clear>: A list is accessing an object (0xa27af00) already deleted (list name = TList)
Error in <TList::Clear>: A list is accessing an object (0xa27b860) already deleted (list name = TList)
Error in <TList::Clear>: A list is accessing an object (0xa27dec0) already deleted (list name = TList)
Error in <TList::Clear>: A list is accessing an object (0xa27e280) already deleted (list name = TList)
Error in <TList::Clear>: A list is accessing an object (0xa27e670) already deleted (list name = TList)
Error in <TList::Clear>: A list is accessing an object (0xa27ea60) already deleted (list name = TList)
Error in <TList::Clear>: A list is accessing an object (0xa27f160) already deleted (list name = TList)
Error in <TList::Clear>: A list is accessing an object (0xa27f720) already deleted (list name = TList)
Error in <TList::Clear>: A list is accessing an object (0xa27fb50) already deleted (list name = TList)
Error in <TList::Clear>: A list is accessing an object (0xa27fff0) already deleted (list name = TList)
Error in <TList::Clear>: A list is accessing an object (0xa2803c0) already deleted (list name = TList)
Error in <TList::Clear>: A list is accessing an object (0xa280890) already deleted (list name = TList)
Error in <TList::Clear>: A list is accessing an object (0xa280ac0) already deleted (list name = TList)
Error in <TList::Clear>: A list is accessing an object (0xa29a660) already deleted (list name = TList)
Error in <TList::Clear>: A list is accessing an object (0xa2a71e0) already deleted (list name = TList)
Error in <TList::Clear>: A list is accessing an object (0xa2a7e90) already deleted (list name = TList)
Error in <TList::Clear>: A list is accessing an object (0xa2a96d0) already deleted (list name = TList)
Error in <TList::Clear>: A list is accessing an object (0xa2aa0c0) already deleted (list name = TList)
Error in <TList::Clear>: A list is accessing an object (0xa2aa520) already deleted (list name = TList)
Error in <TList::Clear>: A list is accessing an object (0xa2ab320) already deleted (list name = TList)
Error in <TList::Clear>: A list is accessing an object (0xa2b2e60) already deleted (list name = TList)
Error in <TList::Clear>: A list is accessing an object (0xa2b76c0) already deleted (list name = TList)
Error in <TList::Clear>: A list is accessing an object (0xa2b7bd0) already deleted (list name = TList)
Error in <TList::Clear>: A list is accessing an object (0xa2b8170) already deleted (list name = TList)
Error in <TList::Clear>: A list is accessing an object (0xa2b8710) already deleted (list name = TList)
Error in <TList::Clear>: A list is accessing an object (0xa2b8bc0) already deleted (list name = TList)
Error in <TList::Clear>: A list is accessing an object (0xa2b8ef0) already deleted (list name = TList)
Error in <TList::Clear>: A list is accessing an object (0xa2b93e0) already deleted (list name = TList)
Error in <TList::Clear>: A list is accessing an object (0xa2b9710) already deleted (list name = TList)
Error in <TList::Clear>: A list is accessing an object (0xa2b9bb0) already deleted (list name = TList)
Error in <TList::Clear>: A list is accessing an object (0xa2b9ee0) already deleted (list name = TList)
Error in <TList::Clear>: A list is accessing an object (0xa2ba4a0) already deleted (list name = TList)
Error in <TList::Clear>: A list is accessing an object (0xa280890) already deleted (list name = TList)
Error in <TList::Clear>: A list is accessing an object (0xa280890) already deleted (list name = TList)
Error in <TList::Clear>: A list is accessing an object (0xa280890) already deleted (list name = TList)
Error in <TList::Clear>: A list is accessing an object (0xa280890) already deleted (list name = TList)
Error in <TList::Clear>: A list is accessing an object (0xa280890) already deleted (list name = TList)
Error in <TList::Clear>: A list is accessing an object (0xa280890) already deleted (list name = TList)
Error in <TList::Clear>: A list is accessing an object (0xa280890) already deleted (list name = TList)
Error in <TList::Clear>: A list is accessing an object (0xa280890) already deleted (list name = TList)
Error in <TList::Clear>: A list is accessing an object (0xa280890) already deleted (list name = TList)
Error in <TList::Clear>: A list is accessing an object (0xa280890) already deleted (list name = TList)
Error in <TList::Clear>: A list is accessing an object (0xa280890) already deleted (list name = TList)
Error in <TList::Clear>: A list is accessing an object (0xa280890) already deleted (list name = TList)
