Using built-in specs.
COLLECT_GCC=gcc
COLLECT_LTO_WRAPPER=/usr/libexec/gcc/x86_64-redhat-linux/11/lto-wrapper
OFFLOAD_TARGET_NAMES=nvptx-none
OFFLOAD_TARGET_DEFAULT=1
Target: x86_64-redhat-linux
Configured with: ../configure --enable-bootstrap --enable-host-pie --enable-host-bind-now --enable-languages=c,c++,fortran,lto --prefix=/usr --mandir=/usr/share/man --infodir=/usr/share/info --with-bugurl=http://bugs.almalinux.org/ --enable-shared --enable-threads=posix --enable-checking=release --with-system-zlib --enable-__cxa_atexit --disable-libunwind-exceptions --enable-gnu-unique-object --enable-linker-build-id --with-gcc-major-version-only --enable-plugin --enable-initfini-array --without-isl --enable-multilib --with-linker-hash-style=gnu --enable-offload-targets=nvptx-none --without-cuda-driver --enable-gnu-indirect-function --enable-cet --with-tune=generic --with-arch_64=x86-64-v2 --with-arch_32=x86-64 --build=x86_64-redhat-linux --with-build-config=bootstrap-lto --enable-link-serialization=1
Thread model: posix
Supported LTO compression algorithms: zlib zstd
gcc version 11.4.1 20231218 (Red Hat 11.4.1-3) (GCC) 
Error in <TList::Clear>: A list is accessing an object (0x8a5a6a0) already deleted (list name = TList)
Error in <TList::Clear>: A list is accessing an object (0x8ae6790) already deleted (list name = TList)
Error in <TList::Clear>: A list is accessing an object (0x8ae9300) already deleted (list name = TList)
Error in <TList::Clear>: A list is accessing an object (0x8af0110) already deleted (list name = TList)
Error in <TList::Clear>: A list is accessing an object (0x8af0480) already deleted (list name = TList)
Error in <TList::Clear>: A list is accessing an object (0x8af07f0) already deleted (list name = TList)
Error in <TList::Clear>: A list is accessing an object (0x8af0d20) already deleted (list name = TList)
Error in <TList::Clear>: A list is accessing an object (0x8af10e0) already deleted (list name = TList)
Error in <TList::Clear>: A list is accessing an object (0x8af1a40) already deleted (list name = TList)
Error in <TList::Clear>: A list is accessing an object (0x8af40a0) already deleted (list name = TList)
Error in <TList::Clear>: A list is accessing an object (0x8af4460) already deleted (list name = TList)
Error in <TList::Clear>: A list is accessing an object (0x8af4850) already deleted (list name = TList)
Error in <TList::Clear>: A list is accessing an object (0x8af4c40) already deleted (list name = TList)
Error in <TList::Clear>: A list is accessing an object (0x8af5340) already deleted (list name = TList)
Error in <TList::Clear>: A list is accessing an object (0x8af5900) already deleted (list name = TList)
Error in <TList::Clear>: A list is accessing an object (0x8af5d30) already deleted (list name = TList)
Error in <TList::Clear>: A list is accessing an object (0x8af61d0) already deleted (list name = TList)
Error in <TList::Clear>: A list is accessing an object (0x8af65a0) already deleted (list name = TList)
Error in <TList::Clear>: A list is accessing an object (0x8af6a70) already deleted (list name = TList)
Error in <TList::Clear>: A list is accessing an object (0x8af6ca0) already deleted (list name = TList)
Error in <TList::Clear>: A list is accessing an object (0x8b10840) already deleted (list name = TList)
Error in <TList::Clear>: A list is accessing an object (0x8b1d3c0) already deleted (list name = TList)
Error in <TList::Clear>: A list is accessing an object (0x8b1e070) already deleted (list name = TList)
Error in <TList::Clear>: A list is accessing an object (0x8b1f8b0) already deleted (list name = TList)
Error in <TList::Clear>: A list is accessing an object (0x8b202a0) already deleted (list name = TList)
Error in <TList::Clear>: A list is accessing an object (0x8b20700) already deleted (list name = TList)
Error in <TList::Clear>: A list is accessing an object (0x8b21500) already deleted (list name = TList)
Error in <TList::Clear>: A list is accessing an object (0x8b29040) already deleted (list name = TList)
Error in <TList::Clear>: A list is accessing an object (0x8b2d8a0) already deleted (list name = TList)
Error in <TList::Clear>: A list is accessing an object (0x8b2ddb0) already deleted (list name = TList)
Error in <TList::Clear>: A list is accessing an object (0x8b2e350) already deleted (list name = TList)
Error in <TList::Clear>: A list is accessing an object (0x8b2e8f0) already deleted (list name = TList)
Error in <TList::Clear>: A list is accessing an object (0x8b2eda0) already deleted (list name = TList)
Error in <TList::Clear>: A list is accessing an object (0x8b2f0d0) already deleted (list name = TList)
Error in <TList::Clear>: A list is accessing an object (0x8b2f5c0) already deleted (list name = TList)
Error in <TList::Clear>: A list is accessing an object (0x8b2f8f0) already deleted (list name = TList)
Error in <TList::Clear>: A list is accessing an object (0x8b2fd90) already deleted (list name = TList)
Error in <TList::Clear>: A list is accessing an object (0x8b300c0) already deleted (list name = TList)
Error in <TList::Clear>: A list is accessing an object (0x8b30680) already deleted (list name = TList)
Error in <TList::Clear>: A list is accessing an object (0x8af6a70) already deleted (list name = TList)
Error in <TList::Clear>: A list is accessing an object (0x8af6a70) already deleted (list name = TList)
Error in <TList::Clear>: A list is accessing an object (0x8af6a70) already deleted (list name = TList)
Error in <TList::Clear>: A list is accessing an object (0x8af6a70) already deleted (list name = TList)
Error in <TList::Clear>: A list is accessing an object (0x8af6a70) already deleted (list name = TList)
Error in <TList::Clear>: A list is accessing an object (0x8af6a70) already deleted (list name = TList)
Error in <TList::Clear>: A list is accessing an object (0x8af6a70) already deleted (list name = TList)
Error in <TList::Clear>: A list is accessing an object (0x8af6a70) already deleted (list name = TList)
Error in <TList::Clear>: A list is accessing an object (0x8af6a70) already deleted (list name = TList)
Error in <TList::Clear>: A list is accessing an object (0x8af6a70) already deleted (list name = TList)
Error in <TList::Clear>: A list is accessing an object (0x8af6a70) already deleted (list name = TList)
Error in <TList::Clear>: A list is accessing an object (0x8af6a70) already deleted (list name = TList)
Error in <TList::Clear>: A list is accessing an object (0x973e2c0) already deleted (list name = TList)
Error in <TList::Clear>: A list is accessing an object (0x97d7870) already deleted (list name = TList)
Error in <TList::Clear>: A list is accessing an object (0x97da3e0) already deleted (list name = TList)
Error in <TList::Clear>: A list is accessing an object (0x97e11f0) already deleted (list name = TList)
Error in <TList::Clear>: A list is accessing an object (0x97e1560) already deleted (list name = TList)
Error in <TList::Clear>: A list is accessing an object (0x97e18d0) already deleted (list name = TList)
Error in <TList::Clear>: A list is accessing an object (0x97e1e00) already deleted (list name = TList)
Error in <TList::Clear>: A list is accessing an object (0x97e21c0) already deleted (list name = TList)
Error in <TList::Clear>: A list is accessing an object (0x97e2b20) already deleted (list name = TList)
Error in <TList::Clear>: A list is accessing an object (0x97e5180) already deleted (list name = TList)
Error in <TList::Clear>: A list is accessing an object (0x97e5540) already deleted (list name = TList)
Error in <TList::Clear>: A list is accessing an object (0x97e5930) already deleted (list name = TList)
Error in <TList::Clear>: A list is accessing an object (0x97e5d20) already deleted (list name = TList)
Error in <TList::Clear>: A list is accessing an object (0x97e6420) already deleted (list name = TList)
Error in <TList::Clear>: A list is accessing an object (0x97e69e0) already deleted (list name = TList)
Error in <TList::Clear>: A list is accessing an object (0x97e6e10) already deleted (list name = TList)
Error in <TList::Clear>: A list is accessing an object (0x97e72b0) already deleted (list name = TList)
Error in <TList::Clear>: A list is accessing an object (0x97e7680) already deleted (list name = TList)
Error in <TList::Clear>: A list is accessing an object (0x97e7b50) already deleted (list name = TList)
Error in <TList::Clear>: A list is accessing an object (0x97e7d80) already deleted (list name = TList)
Error in <TList::Clear>: A list is accessing an object (0x9801920) already deleted (list name = TList)
Error in <TList::Clear>: A list is accessing an object (0x980e4a0) already deleted (list name = TList)
Error in <TList::Clear>: A list is accessing an object (0x980f150) already deleted (list name = TList)
Error in <TList::Clear>: A list is accessing an object (0x9810990) already deleted (list name = TList)
Error in <TList::Clear>: A list is accessing an object (0x9811380) already deleted (list name = TList)
Error in <TList::Clear>: A list is accessing an object (0x98117e0) already deleted (list name = TList)
Error in <TList::Clear>: A list is accessing an object (0x98125e0) already deleted (list name = TList)
Error in <TList::Clear>: A list is accessing an object (0x981a120) already deleted (list name = TList)
Error in <TList::Clear>: A list is accessing an object (0x981e980) already deleted (list name = TList)
Error in <TList::Clear>: A list is accessing an object (0x981ee90) already deleted (list name = TList)
Error in <TList::Clear>: A list is accessing an object (0x981f430) already deleted (list name = TList)
Error in <TList::Clear>: A list is accessing an object (0x981f9d0) already deleted (list name = TList)
Error in <TList::Clear>: A list is accessing an object (0x981fe80) already deleted (list name = TList)
Error in <TList::Clear>: A list is accessing an object (0x98201b0) already deleted (list name = TList)
Error in <TList::Clear>: A list is accessing an object (0x98206a0) already deleted (list name = TList)
Error in <TList::Clear>: A list is accessing an object (0x98209d0) already deleted (list name = TList)
Error in <TList::Clear>: A list is accessing an object (0x9820e70) already deleted (list name = TList)
Error in <TList::Clear>: A list is accessing an object (0x98211a0) already deleted (list name = TList)
Error in <TList::Clear>: A list is accessing an object (0x9821760) already deleted (list name = TList)
Error in <TList::Clear>: A list is accessing an object (0x97e7b50) already deleted (list name = TList)
Error in <TList::Clear>: A list is accessing an object (0x97e7b50) already deleted (list name = TList)
Error in <TList::Clear>: A list is accessing an object (0x97e7b50) already deleted (list name = TList)
Error in <TList::Clear>: A list is accessing an object (0x97e7b50) already deleted (list name = TList)
Error in <TList::Clear>: A list is accessing an object (0x97e7b50) already deleted (list name = TList)
Error in <TList::Clear>: A list is accessing an object (0x97e7b50) already deleted (list name = TList)
Error in <TList::Clear>: A list is accessing an object (0x97e7b50) already deleted (list name = TList)
Error in <TList::Clear>: A list is accessing an object (0x97e7b50) already deleted (list name = TList)
Error in <TList::Clear>: A list is accessing an object (0x97e7b50) already deleted (list name = TList)
Error in <TList::Clear>: A list is accessing an object (0x97e7b50) already deleted (list name = TList)
Error in <TList::Clear>: A list is accessing an object (0x97e7b50) already deleted (list name = TList)
Error in <TList::Clear>: A list is accessing an object (0x97e7b50) already deleted (list name = TList)
Error in <TList::Clear>: A list is accessing an object (0x8988220) already deleted (list name = TList)
Error in <TList::Clear>: A list is accessing an object (0x8a46800) already deleted (list name = TList)
Error in <TList::Clear>: A list is accessing an object (0x8a49320) already deleted (list name = TList)
Error in <TList::Clear>: A list is accessing an object (0x8a50260) already deleted (list name = TList)
Error in <TList::Clear>: A list is accessing an object (0x8a505d0) already deleted (list name = TList)
Error in <TList::Clear>: A list is accessing an object (0x8a50940) already deleted (list name = TList)
Error in <TList::Clear>: A list is accessing an object (0x8a50e70) already deleted (list name = TList)
Error in <TList::Clear>: A list is accessing an object (0x8a51230) already deleted (list name = TList)
Error in <TList::Clear>: A list is accessing an object (0x8a51b90) already deleted (list name = TList)
Error in <TList::Clear>: A list is accessing an object (0x8a541f0) already deleted (list name = TList)
Error in <TList::Clear>: A list is accessing an object (0x8a545b0) already deleted (list name = TList)
Error in <TList::Clear>: A list is accessing an object (0x8a549a0) already deleted (list name = TList)
Error in <TList::Clear>: A list is accessing an object (0x8a54d90) already deleted (list name = TList)
Error in <TList::Clear>: A list is accessing an object (0x8a55490) already deleted (list name = TList)
Error in <TList::Clear>: A list is accessing an object (0x8a55a50) already deleted (list name = TList)
Error in <TList::Clear>: A list is accessing an object (0x8a55e80) already deleted (list name = TList)
Error in <TList::Clear>: A list is accessing an object (0x8a56320) already deleted (list name = TList)
Error in <TList::Clear>: A list is accessing an object (0x8a566f0) already deleted (list name = TList)
Error in <TList::Clear>: A list is accessing an object (0x8a56bc0) already deleted (list name = TList)
Error in <TList::Clear>: A list is accessing an object (0x8a56df0) already deleted (list name = TList)
Error in <TList::Clear>: A list is accessing an object (0x8a70990) already deleted (list name = TList)
Error in <TList::Clear>: A list is accessing an object (0x8a7d510) already deleted (list name = TList)
Error in <TList::Clear>: A list is accessing an object (0x8a7e1c0) already deleted (list name = TList)
Error in <TList::Clear>: A list is accessing an object (0x8a7fa00) already deleted (list name = TList)
Error in <TList::Clear>: A list is accessing an object (0x8a803f0) already deleted (list name = TList)
Error in <TList::Clear>: A list is accessing an object (0x8a80850) already deleted (list name = TList)
Error in <TList::Clear>: A list is accessing an object (0x8a81650) already deleted (list name = TList)
Error in <TList::Clear>: A list is accessing an object (0x8a89230) already deleted (list name = TList)
Error in <TList::Clear>: A list is accessing an object (0x8a8db10) already deleted (list name = TList)
Error in <TList::Clear>: A list is accessing an object (0x8a8e020) already deleted (list name = TList)
Error in <TList::Clear>: A list is accessing an object (0x8a8e5c0) already deleted (list name = TList)
Error in <TList::Clear>: A list is accessing an object (0x8a8eb60) already deleted (list name = TList)
Error in <TList::Clear>: A list is accessing an object (0x8a8f010) already deleted (list name = TList)
Error in <TList::Clear>: A list is accessing an object (0x8a8f340) already deleted (list name = TList)
Error in <TList::Clear>: A list is accessing an object (0x8a8f830) already deleted (list name = TList)
Error in <TList::Clear>: A list is accessing an object (0x8a8fb60) already deleted (list name = TList)
Error in <TList::Clear>: A list is accessing an object (0x8a90000) already deleted (list name = TList)
Error in <TList::Clear>: A list is accessing an object (0x8a90330) already deleted (list name = TList)
Error in <TList::Clear>: A list is accessing an object (0x8a908f0) already deleted (list name = TList)
Error in <TList::Clear>: A list is accessing an object (0x8a56bc0) already deleted (list name = TList)
Error in <TList::Clear>: A list is accessing an object (0x8a56bc0) already deleted (list name = TList)
Error in <TList::Clear>: A list is accessing an object (0x8a56bc0) already deleted (list name = TList)
Error in <TList::Clear>: A list is accessing an object (0x8a56bc0) already deleted (list name = TList)
Error in <TList::Clear>: A list is accessing an object (0x8a56bc0) already deleted (list name = TList)
Error in <TList::Clear>: A list is accessing an object (0x8a56bc0) already deleted (list name = TList)
Error in <TList::Clear>: A list is accessing an object (0x8a56bc0) already deleted (list name = TList)
Error in <TList::Clear>: A list is accessing an object (0x8a56bc0) already deleted (list name = TList)
Error in <TList::Clear>: A list is accessing an object (0x8a56bc0) already deleted (list name = TList)
Error in <TList::Clear>: A list is accessing an object (0x8a56bc0) already deleted (list name = TList)
Error in <TList::Clear>: A list is accessing an object (0x8a56bc0) already deleted (list name = TList)
Error in <TList::Clear>: A list is accessing an object (0x8a56bc0) already deleted (list name = TList)
