Using built-in specs.
COLLECT_GCC=gcc
COLLECT_LTO_WRAPPER=/usr/libexec/gcc/x86_64-redhat-linux/11/lto-wrapper
OFFLOAD_TARGET_NAMES=nvptx-none
OFFLOAD_TARGET_DEFAULT=1
Target: x86_64-redhat-linux
Configured with: ../configure --enable-bootstrap --enable-host-pie --enable-host-bind-now --enable-languages=c,c++,fortran,lto --prefix=/usr --mandir=/usr/share/man --infodir=/usr/share/info --with-bugurl=http://bugs.almalinux.org/ --enable-shared --enable-threads=posix --enable-checking=release --with-system-zlib --enable-__cxa_atexit --disable-libunwind-exceptions --enable-gnu-unique-object --enable-linker-build-id --with-gcc-major-version-only --enable-plugin --enable-initfini-array --without-isl --enable-multilib --with-linker-hash-style=gnu --enable-offload-targets=nvptx-none --without-cuda-driver --enable-gnu-indirect-function --enable-cet --with-tune=generic --with-arch_64=x86-64-v2 --with-arch_32=x86-64 --build=x86_64-redhat-linux --with-build-config=bootstrap-lto --enable-link-serialization=1
Thread model: posix
Supported LTO compression algorithms: zlib zstd
gcc version 11.4.1 20231218 (Red Hat 11.4.1-3) (GCC) 
Error in <TList::Clear>: A list is accessing an object (0x8874b60) already deleted (list name = TList)
Error in <TList::Clear>: A list is accessing an object (0x89350b0) already deleted (list name = TList)
Error in <TList::Clear>: A list is accessing an object (0x8937c20) already deleted (list name = TList)
Error in <TList::Clear>: A list is accessing an object (0x893ea30) already deleted (list name = TList)
Error in <TList::Clear>: A list is accessing an object (0x893eda0) already deleted (list name = TList)
Error in <TList::Clear>: A list is accessing an object (0x893f110) already deleted (list name = TList)
Error in <TList::Clear>: A list is accessing an object (0x893f640) already deleted (list name = TList)
Error in <TList::Clear>: A list is accessing an object (0x893fa00) already deleted (list name = TList)
Error in <TList::Clear>: A list is accessing an object (0x8940360) already deleted (list name = TList)
Error in <TList::Clear>: A list is accessing an object (0x89429c0) already deleted (list name = TList)
Error in <TList::Clear>: A list is accessing an object (0x8942d80) already deleted (list name = TList)
Error in <TList::Clear>: A list is accessing an object (0x8943170) already deleted (list name = TList)
Error in <TList::Clear>: A list is accessing an object (0x8943560) already deleted (list name = TList)
Error in <TList::Clear>: A list is accessing an object (0x8943c60) already deleted (list name = TList)
Error in <TList::Clear>: A list is accessing an object (0x8944220) already deleted (list name = TList)
Error in <TList::Clear>: A list is accessing an object (0x8944650) already deleted (list name = TList)
Error in <TList::Clear>: A list is accessing an object (0x8944af0) already deleted (list name = TList)
Error in <TList::Clear>: A list is accessing an object (0x8944ec0) already deleted (list name = TList)
Error in <TList::Clear>: A list is accessing an object (0x8945390) already deleted (list name = TList)
Error in <TList::Clear>: A list is accessing an object (0x89455c0) already deleted (list name = TList)
Error in <TList::Clear>: A list is accessing an object (0x895f160) already deleted (list name = TList)
Error in <TList::Clear>: A list is accessing an object (0x896bce0) already deleted (list name = TList)
Error in <TList::Clear>: A list is accessing an object (0x896c990) already deleted (list name = TList)
Error in <TList::Clear>: A list is accessing an object (0x896e1d0) already deleted (list name = TList)
Error in <TList::Clear>: A list is accessing an object (0x896ebc0) already deleted (list name = TList)
Error in <TList::Clear>: A list is accessing an object (0x896f020) already deleted (list name = TList)
Error in <TList::Clear>: A list is accessing an object (0x896fe20) already deleted (list name = TList)
Error in <TList::Clear>: A list is accessing an object (0x8977960) already deleted (list name = TList)
Error in <TList::Clear>: A list is accessing an object (0x897c1c0) already deleted (list name = TList)
Error in <TList::Clear>: A list is accessing an object (0x897c6d0) already deleted (list name = TList)
Error in <TList::Clear>: A list is accessing an object (0x897cc70) already deleted (list name = TList)
Error in <TList::Clear>: A list is accessing an object (0x897d210) already deleted (list name = TList)
Error in <TList::Clear>: A list is accessing an object (0x897d6c0) already deleted (list name = TList)
Error in <TList::Clear>: A list is accessing an object (0x897da30) already deleted (list name = TList)
Error in <TList::Clear>: A list is accessing an object (0x897df20) already deleted (list name = TList)
Error in <TList::Clear>: A list is accessing an object (0x897e250) already deleted (list name = TList)
Error in <TList::Clear>: A list is accessing an object (0x897e6f0) already deleted (list name = TList)
Error in <TList::Clear>: A list is accessing an object (0x897ea20) already deleted (list name = TList)
Error in <TList::Clear>: A list is accessing an object (0x897efe0) already deleted (list name = TList)
Error in <TList::Clear>: A list is accessing an object (0x8945390) already deleted (list name = TList)
Error in <TList::Clear>: A list is accessing an object (0x8945390) already deleted (list name = TList)
Error in <TList::Clear>: A list is accessing an object (0x8945390) already deleted (list name = TList)
Error in <TList::Clear>: A list is accessing an object (0x8945390) already deleted (list name = TList)
Error in <TList::Clear>: A list is accessing an object (0x8945390) already deleted (list name = TList)
Error in <TList::Clear>: A list is accessing an object (0x8945390) already deleted (list name = TList)
Error in <TList::Clear>: A list is accessing an object (0x8945390) already deleted (list name = TList)
Error in <TList::Clear>: A list is accessing an object (0x8945390) already deleted (list name = TList)
Error in <TList::Clear>: A list is accessing an object (0x8945390) already deleted (list name = TList)
Error in <TList::Clear>: A list is accessing an object (0x8945390) already deleted (list name = TList)
Error in <TList::Clear>: A list is accessing an object (0x8945390) already deleted (list name = TList)
Error in <TList::Clear>: A list is accessing an object (0x8945390) already deleted (list name = TList)
Error in <TList::Clear>: A list is accessing an object (0x90647c0) already deleted (list name = TList)
Error in <TList::Clear>: A list is accessing an object (0x9142ef0) already deleted (list name = TList)
Error in <TList::Clear>: A list is accessing an object (0x9145a60) already deleted (list name = TList)
Error in <TList::Clear>: A list is accessing an object (0x914c870) already deleted (list name = TList)
Error in <TList::Clear>: A list is accessing an object (0x914cbe0) already deleted (list name = TList)
Error in <TList::Clear>: A list is accessing an object (0x914cf50) already deleted (list name = TList)
Error in <TList::Clear>: A list is accessing an object (0x914d480) already deleted (list name = TList)
Error in <TList::Clear>: A list is accessing an object (0x914d840) already deleted (list name = TList)
Error in <TList::Clear>: A list is accessing an object (0x914e1a0) already deleted (list name = TList)
Error in <TList::Clear>: A list is accessing an object (0x9150800) already deleted (list name = TList)
Error in <TList::Clear>: A list is accessing an object (0x9150bc0) already deleted (list name = TList)
Error in <TList::Clear>: A list is accessing an object (0x9150fb0) already deleted (list name = TList)
Error in <TList::Clear>: A list is accessing an object (0x91513a0) already deleted (list name = TList)
Error in <TList::Clear>: A list is accessing an object (0x9151aa0) already deleted (list name = TList)
Error in <TList::Clear>: A list is accessing an object (0x9152060) already deleted (list name = TList)
Error in <TList::Clear>: A list is accessing an object (0x9152490) already deleted (list name = TList)
Error in <TList::Clear>: A list is accessing an object (0x9152930) already deleted (list name = TList)
Error in <TList::Clear>: A list is accessing an object (0x9152d00) already deleted (list name = TList)
Error in <TList::Clear>: A list is accessing an object (0x91531d0) already deleted (list name = TList)
Error in <TList::Clear>: A list is accessing an object (0x9153400) already deleted (list name = TList)
Error in <TList::Clear>: A list is accessing an object (0x916cfa0) already deleted (list name = TList)
Error in <TList::Clear>: A list is accessing an object (0x9179b20) already deleted (list name = TList)
Error in <TList::Clear>: A list is accessing an object (0x917a7d0) already deleted (list name = TList)
Error in <TList::Clear>: A list is accessing an object (0x917c010) already deleted (list name = TList)
Error in <TList::Clear>: A list is accessing an object (0x917ca00) already deleted (list name = TList)
Error in <TList::Clear>: A list is accessing an object (0x917ce60) already deleted (list name = TList)
Error in <TList::Clear>: A list is accessing an object (0x917dc60) already deleted (list name = TList)
Error in <TList::Clear>: A list is accessing an object (0x91857a0) already deleted (list name = TList)
Error in <TList::Clear>: A list is accessing an object (0x918a000) already deleted (list name = TList)
Error in <TList::Clear>: A list is accessing an object (0x918a510) already deleted (list name = TList)
Error in <TList::Clear>: A list is accessing an object (0x918aab0) already deleted (list name = TList)
Error in <TList::Clear>: A list is accessing an object (0x918b050) already deleted (list name = TList)
Error in <TList::Clear>: A list is accessing an object (0x918b500) already deleted (list name = TList)
Error in <TList::Clear>: A list is accessing an object (0x918b830) already deleted (list name = TList)
Error in <TList::Clear>: A list is accessing an object (0x918bd20) already deleted (list name = TList)
Error in <TList::Clear>: A list is accessing an object (0x918c050) already deleted (list name = TList)
Error in <TList::Clear>: A list is accessing an object (0x918c4f0) already deleted (list name = TList)
Error in <TList::Clear>: A list is accessing an object (0x918c820) already deleted (list name = TList)
Error in <TList::Clear>: A list is accessing an object (0x918cde0) already deleted (list name = TList)
Error in <TList::Clear>: A list is accessing an object (0x91531d0) already deleted (list name = TList)
Error in <TList::Clear>: A list is accessing an object (0x91531d0) already deleted (list name = TList)
Error in <TList::Clear>: A list is accessing an object (0x91531d0) already deleted (list name = TList)
Error in <TList::Clear>: A list is accessing an object (0x91531d0) already deleted (list name = TList)
Error in <TList::Clear>: A list is accessing an object (0x91531d0) already deleted (list name = TList)
Error in <TList::Clear>: A list is accessing an object (0x91531d0) already deleted (list name = TList)
Error in <TList::Clear>: A list is accessing an object (0x91531d0) already deleted (list name = TList)
Error in <TList::Clear>: A list is accessing an object (0x91531d0) already deleted (list name = TList)
Error in <TList::Clear>: A list is accessing an object (0x91531d0) already deleted (list name = TList)
Error in <TList::Clear>: A list is accessing an object (0x91531d0) already deleted (list name = TList)
Error in <TList::Clear>: A list is accessing an object (0x91531d0) already deleted (list name = TList)
Error in <TList::Clear>: A list is accessing an object (0x91531d0) already deleted (list name = TList)
Error in <TList::Clear>: A list is accessing an object (0x84f66a0) already deleted (list name = TList)
Error in <TList::Clear>: A list is accessing an object (0x8568d50) already deleted (list name = TList)
Error in <TList::Clear>: A list is accessing an object (0x856b8c0) already deleted (list name = TList)
Error in <TList::Clear>: A list is accessing an object (0x85726d0) already deleted (list name = TList)
Error in <TList::Clear>: A list is accessing an object (0x8572a40) already deleted (list name = TList)
Error in <TList::Clear>: A list is accessing an object (0x8572db0) already deleted (list name = TList)
Error in <TList::Clear>: A list is accessing an object (0x85732e0) already deleted (list name = TList)
Error in <TList::Clear>: A list is accessing an object (0x85736a0) already deleted (list name = TList)
Error in <TList::Clear>: A list is accessing an object (0x8574000) already deleted (list name = TList)
Error in <TList::Clear>: A list is accessing an object (0x8576660) already deleted (list name = TList)
Error in <TList::Clear>: A list is accessing an object (0x8576a20) already deleted (list name = TList)
Error in <TList::Clear>: A list is accessing an object (0x8576e10) already deleted (list name = TList)
Error in <TList::Clear>: A list is accessing an object (0x8577200) already deleted (list name = TList)
Error in <TList::Clear>: A list is accessing an object (0x8577900) already deleted (list name = TList)
Error in <TList::Clear>: A list is accessing an object (0x8577ec0) already deleted (list name = TList)
Error in <TList::Clear>: A list is accessing an object (0x85782f0) already deleted (list name = TList)
Error in <TList::Clear>: A list is accessing an object (0x8578790) already deleted (list name = TList)
Error in <TList::Clear>: A list is accessing an object (0x8578b60) already deleted (list name = TList)
Error in <TList::Clear>: A list is accessing an object (0x8579030) already deleted (list name = TList)
Error in <TList::Clear>: A list is accessing an object (0x8579260) already deleted (list name = TList)
Error in <TList::Clear>: A list is accessing an object (0x8592e00) already deleted (list name = TList)
Error in <TList::Clear>: A list is accessing an object (0x859f980) already deleted (list name = TList)
Error in <TList::Clear>: A list is accessing an object (0x85a0630) already deleted (list name = TList)
Error in <TList::Clear>: A list is accessing an object (0x85a1e70) already deleted (list name = TList)
Error in <TList::Clear>: A list is accessing an object (0x85a2860) already deleted (list name = TList)
Error in <TList::Clear>: A list is accessing an object (0x85a2cc0) already deleted (list name = TList)
Error in <TList::Clear>: A list is accessing an object (0x85a3ac0) already deleted (list name = TList)
Error in <TList::Clear>: A list is accessing an object (0x85ab600) already deleted (list name = TList)
Error in <TList::Clear>: A list is accessing an object (0x85afe60) already deleted (list name = TList)
Error in <TList::Clear>: A list is accessing an object (0x85b0370) already deleted (list name = TList)
Error in <TList::Clear>: A list is accessing an object (0x85b0910) already deleted (list name = TList)
Error in <TList::Clear>: A list is accessing an object (0x85b0eb0) already deleted (list name = TList)
Error in <TList::Clear>: A list is accessing an object (0x85b1360) already deleted (list name = TList)
Error in <TList::Clear>: A list is accessing an object (0x85b1690) already deleted (list name = TList)
Error in <TList::Clear>: A list is accessing an object (0x85b1b80) already deleted (list name = TList)
Error in <TList::Clear>: A list is accessing an object (0x85b1eb0) already deleted (list name = TList)
Error in <TList::Clear>: A list is accessing an object (0x85b2350) already deleted (list name = TList)
Error in <TList::Clear>: A list is accessing an object (0x85b2680) already deleted (list name = TList)
Error in <TList::Clear>: A list is accessing an object (0x85b2c40) already deleted (list name = TList)
Error in <TList::Clear>: A list is accessing an object (0x8579030) already deleted (list name = TList)
Error in <TList::Clear>: A list is accessing an object (0x8579030) already deleted (list name = TList)
Error in <TList::Clear>: A list is accessing an object (0x8579030) already deleted (list name = TList)
Error in <TList::Clear>: A list is accessing an object (0x8579030) already deleted (list name = TList)
Error in <TList::Clear>: A list is accessing an object (0x8579030) already deleted (list name = TList)
Error in <TList::Clear>: A list is accessing an object (0x8579030) already deleted (list name = TList)
Error in <TList::Clear>: A list is accessing an object (0x8579030) already deleted (list name = TList)
Error in <TList::Clear>: A list is accessing an object (0x8579030) already deleted (list name = TList)
Error in <TList::Clear>: A list is accessing an object (0x8579030) already deleted (list name = TList)
Error in <TList::Clear>: A list is accessing an object (0x8579030) already deleted (list name = TList)
Error in <TList::Clear>: A list is accessing an object (0x8579030) already deleted (list name = TList)
Error in <TList::Clear>: A list is accessing an object (0x8579030) already deleted (list name = TList)
