Using built-in specs.
COLLECT_GCC=gcc
COLLECT_LTO_WRAPPER=/usr/libexec/gcc/x86_64-redhat-linux/11/lto-wrapper
OFFLOAD_TARGET_NAMES=nvptx-none
OFFLOAD_TARGET_DEFAULT=1
Target: x86_64-redhat-linux
Configured with: ../configure --enable-bootstrap --enable-host-pie --enable-host-bind-now --enable-languages=c,c++,fortran,lto --prefix=/usr --mandir=/usr/share/man --infodir=/usr/share/info --with-bugurl=http://bugs.almalinux.org/ --enable-shared --enable-threads=posix --enable-checking=release --with-system-zlib --enable-__cxa_atexit --disable-libunwind-exceptions --enable-gnu-unique-object --enable-linker-build-id --with-gcc-major-version-only --enable-plugin --enable-initfini-array --without-isl --enable-multilib --with-linker-hash-style=gnu --enable-offload-targets=nvptx-none --without-cuda-driver --enable-gnu-indirect-function --enable-cet --with-tune=generic --with-arch_64=x86-64-v2 --with-arch_32=x86-64 --build=x86_64-redhat-linux --with-build-config=bootstrap-lto --enable-link-serialization=1
Thread model: posix
Supported LTO compression algorithms: zlib zstd
gcc version 11.4.1 20231218 (Red Hat 11.4.1-3) (GCC) 
Error in <TList::Clear>: A list is accessing an object (0x84d60c0) already deleted (list name = TList)
Error in <TList::Clear>: A list is accessing an object (0x85321a0) already deleted (list name = TList)
Error in <TList::Clear>: A list is accessing an object (0x8534ea0) already deleted (list name = TList)
Error in <TList::Clear>: A list is accessing an object (0x853bb30) already deleted (list name = TList)
Error in <TList::Clear>: A list is accessing an object (0x853bea0) already deleted (list name = TList)
Error in <TList::Clear>: A list is accessing an object (0x853c210) already deleted (list name = TList)
Error in <TList::Clear>: A list is accessing an object (0x853c740) already deleted (list name = TList)
Error in <TList::Clear>: A list is accessing an object (0x853cb00) already deleted (list name = TList)
Error in <TList::Clear>: A list is accessing an object (0x853d460) already deleted (list name = TList)
Error in <TList::Clear>: A list is accessing an object (0x853fac0) already deleted (list name = TList)
Error in <TList::Clear>: A list is accessing an object (0x853fe80) already deleted (list name = TList)
Error in <TList::Clear>: A list is accessing an object (0x8540270) already deleted (list name = TList)
Error in <TList::Clear>: A list is accessing an object (0x8540660) already deleted (list name = TList)
Error in <TList::Clear>: A list is accessing an object (0x8540d60) already deleted (list name = TList)
Error in <TList::Clear>: A list is accessing an object (0x8541320) already deleted (list name = TList)
Error in <TList::Clear>: A list is accessing an object (0x8541750) already deleted (list name = TList)
Error in <TList::Clear>: A list is accessing an object (0x8541bf0) already deleted (list name = TList)
Error in <TList::Clear>: A list is accessing an object (0x8541fc0) already deleted (list name = TList)
Error in <TList::Clear>: A list is accessing an object (0x8542490) already deleted (list name = TList)
Error in <TList::Clear>: A list is accessing an object (0x85426c0) already deleted (list name = TList)
Error in <TList::Clear>: A list is accessing an object (0x855c260) already deleted (list name = TList)
Error in <TList::Clear>: A list is accessing an object (0x8568f50) already deleted (list name = TList)
Error in <TList::Clear>: A list is accessing an object (0x8569c00) already deleted (list name = TList)
Error in <TList::Clear>: A list is accessing an object (0x856b440) already deleted (list name = TList)
Error in <TList::Clear>: A list is accessing an object (0x856be30) already deleted (list name = TList)
Error in <TList::Clear>: A list is accessing an object (0x856c290) already deleted (list name = TList)
Error in <TList::Clear>: A list is accessing an object (0x856d100) already deleted (list name = TList)
Error in <TList::Clear>: A list is accessing an object (0x8574c60) already deleted (list name = TList)
Error in <TList::Clear>: A list is accessing an object (0x85794c0) already deleted (list name = TList)
Error in <TList::Clear>: A list is accessing an object (0x85799d0) already deleted (list name = TList)
Error in <TList::Clear>: A list is accessing an object (0x8579f70) already deleted (list name = TList)
Error in <TList::Clear>: A list is accessing an object (0x857a510) already deleted (list name = TList)
Error in <TList::Clear>: A list is accessing an object (0x857a9c0) already deleted (list name = TList)
Error in <TList::Clear>: A list is accessing an object (0x857acf0) already deleted (list name = TList)
Error in <TList::Clear>: A list is accessing an object (0x857b1e0) already deleted (list name = TList)
Error in <TList::Clear>: A list is accessing an object (0x857b510) already deleted (list name = TList)
Error in <TList::Clear>: A list is accessing an object (0x857b9b0) already deleted (list name = TList)
Error in <TList::Clear>: A list is accessing an object (0x857bce0) already deleted (list name = TList)
Error in <TList::Clear>: A list is accessing an object (0x857c2a0) already deleted (list name = TList)
Error in <TList::Clear>: A list is accessing an object (0x8542490) already deleted (list name = TList)
Error in <TList::Clear>: A list is accessing an object (0x8542490) already deleted (list name = TList)
Error in <TList::Clear>: A list is accessing an object (0x8542490) already deleted (list name = TList)
Error in <TList::Clear>: A list is accessing an object (0x8542490) already deleted (list name = TList)
Error in <TList::Clear>: A list is accessing an object (0x8542490) already deleted (list name = TList)
Error in <TList::Clear>: A list is accessing an object (0x8542490) already deleted (list name = TList)
Error in <TList::Clear>: A list is accessing an object (0x8542490) already deleted (list name = TList)
Error in <TList::Clear>: A list is accessing an object (0x8542490) already deleted (list name = TList)
Error in <TList::Clear>: A list is accessing an object (0x8542490) already deleted (list name = TList)
Error in <TList::Clear>: A list is accessing an object (0x8542490) already deleted (list name = TList)
Error in <TList::Clear>: A list is accessing an object (0x8542490) already deleted (list name = TList)
Error in <TList::Clear>: A list is accessing an object (0x8542490) already deleted (list name = TList)
Error in <TList::Clear>: A list is accessing an object (0x83e2e10) already deleted (list name = TList)
Error in <TList::Clear>: A list is accessing an object (0x8477340) already deleted (list name = TList)
Error in <TList::Clear>: A list is accessing an object (0x8479eb0) already deleted (list name = TList)
Error in <TList::Clear>: A list is accessing an object (0x8480be0) already deleted (list name = TList)
Error in <TList::Clear>: A list is accessing an object (0x8480f50) already deleted (list name = TList)
Error in <TList::Clear>: A list is accessing an object (0x84812c0) already deleted (list name = TList)
Error in <TList::Clear>: A list is accessing an object (0x84817f0) already deleted (list name = TList)
Error in <TList::Clear>: A list is accessing an object (0x8481bb0) already deleted (list name = TList)
Error in <TList::Clear>: A list is accessing an object (0x8482510) already deleted (list name = TList)
Error in <TList::Clear>: A list is accessing an object (0x8484b70) already deleted (list name = TList)
Error in <TList::Clear>: A list is accessing an object (0x8484f30) already deleted (list name = TList)
Error in <TList::Clear>: A list is accessing an object (0x8485320) already deleted (list name = TList)
Error in <TList::Clear>: A list is accessing an object (0x8485710) already deleted (list name = TList)
Error in <TList::Clear>: A list is accessing an object (0x8485e10) already deleted (list name = TList)
Error in <TList::Clear>: A list is accessing an object (0x84863d0) already deleted (list name = TList)
Error in <TList::Clear>: A list is accessing an object (0x8486800) already deleted (list name = TList)
Error in <TList::Clear>: A list is accessing an object (0x8486ca0) already deleted (list name = TList)
Error in <TList::Clear>: A list is accessing an object (0x8487070) already deleted (list name = TList)
Error in <TList::Clear>: A list is accessing an object (0x8487540) already deleted (list name = TList)
Error in <TList::Clear>: A list is accessing an object (0x8487770) already deleted (list name = TList)
Error in <TList::Clear>: A list is accessing an object (0x84a1310) already deleted (list name = TList)
Error in <TList::Clear>: A list is accessing an object (0x84ade90) already deleted (list name = TList)
Error in <TList::Clear>: A list is accessing an object (0x84aeb40) already deleted (list name = TList)
Error in <TList::Clear>: A list is accessing an object (0x84b0380) already deleted (list name = TList)
Error in <TList::Clear>: A list is accessing an object (0x84b0d70) already deleted (list name = TList)
Error in <TList::Clear>: A list is accessing an object (0x84b11d0) already deleted (list name = TList)
Error in <TList::Clear>: A list is accessing an object (0x84b1fd0) already deleted (list name = TList)
Error in <TList::Clear>: A list is accessing an object (0x84b9c20) already deleted (list name = TList)
Error in <TList::Clear>: A list is accessing an object (0x84be500) already deleted (list name = TList)
Error in <TList::Clear>: A list is accessing an object (0x84bea10) already deleted (list name = TList)
Error in <TList::Clear>: A list is accessing an object (0x84befb0) already deleted (list name = TList)
Error in <TList::Clear>: A list is accessing an object (0x84bf550) already deleted (list name = TList)
Error in <TList::Clear>: A list is accessing an object (0x84bfa00) already deleted (list name = TList)
Error in <TList::Clear>: A list is accessing an object (0x84bfd30) already deleted (list name = TList)
Error in <TList::Clear>: A list is accessing an object (0x84c0220) already deleted (list name = TList)
Error in <TList::Clear>: A list is accessing an object (0x84c0550) already deleted (list name = TList)
Error in <TList::Clear>: A list is accessing an object (0x84c09f0) already deleted (list name = TList)
Error in <TList::Clear>: A list is accessing an object (0x84c0d20) already deleted (list name = TList)
Error in <TList::Clear>: A list is accessing an object (0x84c12e0) already deleted (list name = TList)
Error in <TList::Clear>: A list is accessing an object (0x8487540) already deleted (list name = TList)
Error in <TList::Clear>: A list is accessing an object (0x8487540) already deleted (list name = TList)
Error in <TList::Clear>: A list is accessing an object (0x8487540) already deleted (list name = TList)
Error in <TList::Clear>: A list is accessing an object (0x8487540) already deleted (list name = TList)
Error in <TList::Clear>: A list is accessing an object (0x8487540) already deleted (list name = TList)
Error in <TList::Clear>: A list is accessing an object (0x8487540) already deleted (list name = TList)
Error in <TList::Clear>: A list is accessing an object (0x8487540) already deleted (list name = TList)
Error in <TList::Clear>: A list is accessing an object (0x8487540) already deleted (list name = TList)
Error in <TList::Clear>: A list is accessing an object (0x8487540) already deleted (list name = TList)
Error in <TList::Clear>: A list is accessing an object (0x8487540) already deleted (list name = TList)
Error in <TList::Clear>: A list is accessing an object (0x8487540) already deleted (list name = TList)
Error in <TList::Clear>: A list is accessing an object (0x8487540) already deleted (list name = TList)
Error in <TList::Clear>: A list is accessing an object (0x9f5c3b0) already deleted (list name = TList)
Error in <TList::Clear>: A list is accessing an object (0xa027e80) already deleted (list name = TList)
Error in <TList::Clear>: A list is accessing an object (0xa02ab80) already deleted (list name = TList)
Error in <TList::Clear>: A list is accessing an object (0xa031810) already deleted (list name = TList)
Error in <TList::Clear>: A list is accessing an object (0xa031b80) already deleted (list name = TList)
Error in <TList::Clear>: A list is accessing an object (0xa031ef0) already deleted (list name = TList)
Error in <TList::Clear>: A list is accessing an object (0xa032420) already deleted (list name = TList)
Error in <TList::Clear>: A list is accessing an object (0xa0327e0) already deleted (list name = TList)
Error in <TList::Clear>: A list is accessing an object (0xa033140) already deleted (list name = TList)
Error in <TList::Clear>: A list is accessing an object (0xa0357a0) already deleted (list name = TList)
Error in <TList::Clear>: A list is accessing an object (0xa035b60) already deleted (list name = TList)
Error in <TList::Clear>: A list is accessing an object (0xa035f50) already deleted (list name = TList)
Error in <TList::Clear>: A list is accessing an object (0xa036340) already deleted (list name = TList)
Error in <TList::Clear>: A list is accessing an object (0xa036a40) already deleted (list name = TList)
Error in <TList::Clear>: A list is accessing an object (0xa037000) already deleted (list name = TList)
Error in <TList::Clear>: A list is accessing an object (0xa037430) already deleted (list name = TList)
Error in <TList::Clear>: A list is accessing an object (0xa0378d0) already deleted (list name = TList)
Error in <TList::Clear>: A list is accessing an object (0xa037ca0) already deleted (list name = TList)
Error in <TList::Clear>: A list is accessing an object (0xa038170) already deleted (list name = TList)
Error in <TList::Clear>: A list is accessing an object (0xa0383a0) already deleted (list name = TList)
Error in <TList::Clear>: A list is accessing an object (0xa051f40) already deleted (list name = TList)
Error in <TList::Clear>: A list is accessing an object (0xa05eac0) already deleted (list name = TList)
Error in <TList::Clear>: A list is accessing an object (0xa05f770) already deleted (list name = TList)
Error in <TList::Clear>: A list is accessing an object (0xa060fb0) already deleted (list name = TList)
Error in <TList::Clear>: A list is accessing an object (0xa0619a0) already deleted (list name = TList)
Error in <TList::Clear>: A list is accessing an object (0xa061e00) already deleted (list name = TList)
Error in <TList::Clear>: A list is accessing an object (0xa062c00) already deleted (list name = TList)
Error in <TList::Clear>: A list is accessing an object (0xa06a810) already deleted (list name = TList)
Error in <TList::Clear>: A list is accessing an object (0xa06f0f0) already deleted (list name = TList)
Error in <TList::Clear>: A list is accessing an object (0xa06f600) already deleted (list name = TList)
Error in <TList::Clear>: A list is accessing an object (0xa06fba0) already deleted (list name = TList)
Error in <TList::Clear>: A list is accessing an object (0xa070140) already deleted (list name = TList)
Error in <TList::Clear>: A list is accessing an object (0xa0705f0) already deleted (list name = TList)
Error in <TList::Clear>: A list is accessing an object (0xa070920) already deleted (list name = TList)
Error in <TList::Clear>: A list is accessing an object (0xa070e10) already deleted (list name = TList)
Error in <TList::Clear>: A list is accessing an object (0xa071140) already deleted (list name = TList)
Error in <TList::Clear>: A list is accessing an object (0xa0715e0) already deleted (list name = TList)
Error in <TList::Clear>: A list is accessing an object (0xa071910) already deleted (list name = TList)
Error in <TList::Clear>: A list is accessing an object (0xa071ed0) already deleted (list name = TList)
Error in <TList::Clear>: A list is accessing an object (0xa038170) already deleted (list name = TList)
Error in <TList::Clear>: A list is accessing an object (0xa038170) already deleted (list name = TList)
Error in <TList::Clear>: A list is accessing an object (0xa038170) already deleted (list name = TList)
Error in <TList::Clear>: A list is accessing an object (0xa038170) already deleted (list name = TList)
Error in <TList::Clear>: A list is accessing an object (0xa038170) already deleted (list name = TList)
Error in <TList::Clear>: A list is accessing an object (0xa038170) already deleted (list name = TList)
Error in <TList::Clear>: A list is accessing an object (0xa038170) already deleted (list name = TList)
Error in <TList::Clear>: A list is accessing an object (0xa038170) already deleted (list name = TList)
Error in <TList::Clear>: A list is accessing an object (0xa038170) already deleted (list name = TList)
Error in <TList::Clear>: A list is accessing an object (0xa038170) already deleted (list name = TList)
Error in <TList::Clear>: A list is accessing an object (0xa038170) already deleted (list name = TList)
Error in <TList::Clear>: A list is accessing an object (0xa038170) already deleted (list name = TList)
