Using built-in specs.
COLLECT_GCC=gcc
COLLECT_LTO_WRAPPER=/usr/libexec/gcc/x86_64-redhat-linux/11/lto-wrapper
OFFLOAD_TARGET_NAMES=nvptx-none
OFFLOAD_TARGET_DEFAULT=1
Target: x86_64-redhat-linux
Configured with: ../configure --enable-bootstrap --enable-host-pie --enable-host-bind-now --enable-languages=c,c++,fortran,lto --prefix=/usr --mandir=/usr/share/man --infodir=/usr/share/info --with-bugurl=http://bugs.almalinux.org/ --enable-shared --enable-threads=posix --enable-checking=release --with-system-zlib --enable-__cxa_atexit --disable-libunwind-exceptions --enable-gnu-unique-object --enable-linker-build-id --with-gcc-major-version-only --enable-plugin --enable-initfini-array --without-isl --enable-multilib --with-linker-hash-style=gnu --enable-offload-targets=nvptx-none --without-cuda-driver --enable-gnu-indirect-function --enable-cet --with-tune=generic --with-arch_64=x86-64-v2 --with-arch_32=x86-64 --build=x86_64-redhat-linux --with-build-config=bootstrap-lto --enable-link-serialization=1
Thread model: posix
Supported LTO compression algorithms: zlib zstd
gcc version 11.4.1 20231218 (Red Hat 11.4.1-3) (GCC) 
Error in <TList::Clear>: A list is accessing an object (0x83b5e00) already deleted (list name = TList)
Error in <TList::Clear>: A list is accessing an object (0x8420c60) already deleted (list name = TList)
Error in <TList::Clear>: A list is accessing an object (0x84237c0) already deleted (list name = TList)
Error in <TList::Clear>: A list is accessing an object (0x842a770) already deleted (list name = TList)
Error in <TList::Clear>: A list is accessing an object (0x842aae0) already deleted (list name = TList)
Error in <TList::Clear>: A list is accessing an object (0x842ae50) already deleted (list name = TList)
Error in <TList::Clear>: A list is accessing an object (0x842b380) already deleted (list name = TList)
Error in <TList::Clear>: A list is accessing an object (0x842b740) already deleted (list name = TList)
Error in <TList::Clear>: A list is accessing an object (0x842c0a0) already deleted (list name = TList)
Error in <TList::Clear>: A list is accessing an object (0x842e700) already deleted (list name = TList)
Error in <TList::Clear>: A list is accessing an object (0x842eac0) already deleted (list name = TList)
Error in <TList::Clear>: A list is accessing an object (0x842eeb0) already deleted (list name = TList)
Error in <TList::Clear>: A list is accessing an object (0x842f2a0) already deleted (list name = TList)
Error in <TList::Clear>: A list is accessing an object (0x842f9a0) already deleted (list name = TList)
Error in <TList::Clear>: A list is accessing an object (0x842ff60) already deleted (list name = TList)
Error in <TList::Clear>: A list is accessing an object (0x8430390) already deleted (list name = TList)
Error in <TList::Clear>: A list is accessing an object (0x8430830) already deleted (list name = TList)
Error in <TList::Clear>: A list is accessing an object (0x8430c00) already deleted (list name = TList)
Error in <TList::Clear>: A list is accessing an object (0x84310d0) already deleted (list name = TList)
Error in <TList::Clear>: A list is accessing an object (0x8431300) already deleted (list name = TList)
Error in <TList::Clear>: A list is accessing an object (0x844aea0) already deleted (list name = TList)
Error in <TList::Clear>: A list is accessing an object (0x8457a20) already deleted (list name = TList)
Error in <TList::Clear>: A list is accessing an object (0x84586d0) already deleted (list name = TList)
Error in <TList::Clear>: A list is accessing an object (0x8459f10) already deleted (list name = TList)
Error in <TList::Clear>: A list is accessing an object (0x845a900) already deleted (list name = TList)
Error in <TList::Clear>: A list is accessing an object (0x845ad60) already deleted (list name = TList)
Error in <TList::Clear>: A list is accessing an object (0x845bb60) already deleted (list name = TList)
Error in <TList::Clear>: A list is accessing an object (0x84636a0) already deleted (list name = TList)
Error in <TList::Clear>: A list is accessing an object (0x8467f00) already deleted (list name = TList)
Error in <TList::Clear>: A list is accessing an object (0x8468410) already deleted (list name = TList)
Error in <TList::Clear>: A list is accessing an object (0x84689b0) already deleted (list name = TList)
Error in <TList::Clear>: A list is accessing an object (0x8468f50) already deleted (list name = TList)
Error in <TList::Clear>: A list is accessing an object (0x8469400) already deleted (list name = TList)
Error in <TList::Clear>: A list is accessing an object (0x8469730) already deleted (list name = TList)
Error in <TList::Clear>: A list is accessing an object (0x8469c20) already deleted (list name = TList)
Error in <TList::Clear>: A list is accessing an object (0x8469f50) already deleted (list name = TList)
Error in <TList::Clear>: A list is accessing an object (0x846a3f0) already deleted (list name = TList)
Error in <TList::Clear>: A list is accessing an object (0x846a720) already deleted (list name = TList)
Error in <TList::Clear>: A list is accessing an object (0x846ace0) already deleted (list name = TList)
Error in <TList::Clear>: A list is accessing an object (0x84310d0) already deleted (list name = TList)
Error in <TList::Clear>: A list is accessing an object (0x84310d0) already deleted (list name = TList)
Error in <TList::Clear>: A list is accessing an object (0x84310d0) already deleted (list name = TList)
Error in <TList::Clear>: A list is accessing an object (0x84310d0) already deleted (list name = TList)
Error in <TList::Clear>: A list is accessing an object (0x84310d0) already deleted (list name = TList)
Error in <TList::Clear>: A list is accessing an object (0x84310d0) already deleted (list name = TList)
Error in <TList::Clear>: A list is accessing an object (0x84310d0) already deleted (list name = TList)
Error in <TList::Clear>: A list is accessing an object (0x84310d0) already deleted (list name = TList)
Error in <TList::Clear>: A list is accessing an object (0x84310d0) already deleted (list name = TList)
Error in <TList::Clear>: A list is accessing an object (0x84310d0) already deleted (list name = TList)
Error in <TList::Clear>: A list is accessing an object (0x84310d0) already deleted (list name = TList)
Error in <TList::Clear>: A list is accessing an object (0x84310d0) already deleted (list name = TList)
Error in <TList::Clear>: A list is accessing an object (0x9c09ee0) already deleted (list name = TList)
Error in <TList::Clear>: A list is accessing an object (0x9c603a0) already deleted (list name = TList)
Error in <TList::Clear>: A list is accessing an object (0x9c62ec0) already deleted (list name = TList)
Error in <TList::Clear>: A list is accessing an object (0x9c69ee0) already deleted (list name = TList)
Error in <TList::Clear>: A list is accessing an object (0x9c6a250) already deleted (list name = TList)
Error in <TList::Clear>: A list is accessing an object (0x9c6a5c0) already deleted (list name = TList)
Error in <TList::Clear>: A list is accessing an object (0x9c6aaf0) already deleted (list name = TList)
Error in <TList::Clear>: A list is accessing an object (0x9c6aeb0) already deleted (list name = TList)
Error in <TList::Clear>: A list is accessing an object (0x9c6b810) already deleted (list name = TList)
Error in <TList::Clear>: A list is accessing an object (0x9c6de70) already deleted (list name = TList)
Error in <TList::Clear>: A list is accessing an object (0x9c6e230) already deleted (list name = TList)
Error in <TList::Clear>: A list is accessing an object (0x9c6e620) already deleted (list name = TList)
Error in <TList::Clear>: A list is accessing an object (0x9c6ea10) already deleted (list name = TList)
Error in <TList::Clear>: A list is accessing an object (0x9c6f110) already deleted (list name = TList)
Error in <TList::Clear>: A list is accessing an object (0x9c6f6d0) already deleted (list name = TList)
Error in <TList::Clear>: A list is accessing an object (0x9c6fb00) already deleted (list name = TList)
Error in <TList::Clear>: A list is accessing an object (0x9c6ffa0) already deleted (list name = TList)
Error in <TList::Clear>: A list is accessing an object (0x9c70370) already deleted (list name = TList)
Error in <TList::Clear>: A list is accessing an object (0x9c70840) already deleted (list name = TList)
Error in <TList::Clear>: A list is accessing an object (0x9c70a70) already deleted (list name = TList)
Error in <TList::Clear>: A list is accessing an object (0x9c8a610) already deleted (list name = TList)
Error in <TList::Clear>: A list is accessing an object (0x9c97190) already deleted (list name = TList)
Error in <TList::Clear>: A list is accessing an object (0x9c97e40) already deleted (list name = TList)
Error in <TList::Clear>: A list is accessing an object (0x9c99680) already deleted (list name = TList)
Error in <TList::Clear>: A list is accessing an object (0x9c9a070) already deleted (list name = TList)
Error in <TList::Clear>: A list is accessing an object (0x9c9a4d0) already deleted (list name = TList)
Error in <TList::Clear>: A list is accessing an object (0x9c9b2d0) already deleted (list name = TList)
Error in <TList::Clear>: A list is accessing an object (0x9ca2e10) already deleted (list name = TList)
Error in <TList::Clear>: A list is accessing an object (0x9ca7670) already deleted (list name = TList)
Error in <TList::Clear>: A list is accessing an object (0x9ca7b80) already deleted (list name = TList)
Error in <TList::Clear>: A list is accessing an object (0x9ca8120) already deleted (list name = TList)
Error in <TList::Clear>: A list is accessing an object (0x9ca86c0) already deleted (list name = TList)
Error in <TList::Clear>: A list is accessing an object (0x9ca8b70) already deleted (list name = TList)
Error in <TList::Clear>: A list is accessing an object (0x9ca8ea0) already deleted (list name = TList)
Error in <TList::Clear>: A list is accessing an object (0x9ca9390) already deleted (list name = TList)
Error in <TList::Clear>: A list is accessing an object (0x9ca96c0) already deleted (list name = TList)
Error in <TList::Clear>: A list is accessing an object (0x9ca9b60) already deleted (list name = TList)
Error in <TList::Clear>: A list is accessing an object (0x9ca9e90) already deleted (list name = TList)
Error in <TList::Clear>: A list is accessing an object (0x9caa450) already deleted (list name = TList)
Error in <TList::Clear>: A list is accessing an object (0x9c70840) already deleted (list name = TList)
Error in <TList::Clear>: A list is accessing an object (0x9c70840) already deleted (list name = TList)
Error in <TList::Clear>: A list is accessing an object (0x9c70840) already deleted (list name = TList)
Error in <TList::Clear>: A list is accessing an object (0x9c70840) already deleted (list name = TList)
Error in <TList::Clear>: A list is accessing an object (0x9c70840) already deleted (list name = TList)
Error in <TList::Clear>: A list is accessing an object (0x9c70840) already deleted (list name = TList)
Error in <TList::Clear>: A list is accessing an object (0x9c70840) already deleted (list name = TList)
Error in <TList::Clear>: A list is accessing an object (0x9c70840) already deleted (list name = TList)
Error in <TList::Clear>: A list is accessing an object (0x9c70840) already deleted (list name = TList)
Error in <TList::Clear>: A list is accessing an object (0x9c70840) already deleted (list name = TList)
Error in <TList::Clear>: A list is accessing an object (0x9c70840) already deleted (list name = TList)
Error in <TList::Clear>: A list is accessing an object (0x9c70840) already deleted (list name = TList)
Error in <TList::Clear>: A list is accessing an object (0x5692300) already deleted (list name = TList)
Error in <TList::Clear>: A list is accessing an object (0x87e9d10) already deleted (list name = TList)
Error in <TList::Clear>: A list is accessing an object (0x87ec870) already deleted (list name = TList)
Error in <TList::Clear>: A list is accessing an object (0x87f3740) already deleted (list name = TList)
Error in <TList::Clear>: A list is accessing an object (0x87f3ab0) already deleted (list name = TList)
Error in <TList::Clear>: A list is accessing an object (0x87f3e20) already deleted (list name = TList)
Error in <TList::Clear>: A list is accessing an object (0x87f4350) already deleted (list name = TList)
Error in <TList::Clear>: A list is accessing an object (0x87f4710) already deleted (list name = TList)
Error in <TList::Clear>: A list is accessing an object (0x87f5070) already deleted (list name = TList)
Error in <TList::Clear>: A list is accessing an object (0x87f76d0) already deleted (list name = TList)
Error in <TList::Clear>: A list is accessing an object (0x87f7a90) already deleted (list name = TList)
Error in <TList::Clear>: A list is accessing an object (0x87f7e80) already deleted (list name = TList)
Error in <TList::Clear>: A list is accessing an object (0x87f8270) already deleted (list name = TList)
Error in <TList::Clear>: A list is accessing an object (0x87f8970) already deleted (list name = TList)
Error in <TList::Clear>: A list is accessing an object (0x87f8f30) already deleted (list name = TList)
Error in <TList::Clear>: A list is accessing an object (0x87f9360) already deleted (list name = TList)
Error in <TList::Clear>: A list is accessing an object (0x87f9800) already deleted (list name = TList)
Error in <TList::Clear>: A list is accessing an object (0x87f9bd0) already deleted (list name = TList)
Error in <TList::Clear>: A list is accessing an object (0x87fa0a0) already deleted (list name = TList)
Error in <TList::Clear>: A list is accessing an object (0x87fa2d0) already deleted (list name = TList)
Error in <TList::Clear>: A list is accessing an object (0x8813e70) already deleted (list name = TList)
Error in <TList::Clear>: A list is accessing an object (0x88209f0) already deleted (list name = TList)
Error in <TList::Clear>: A list is accessing an object (0x88216a0) already deleted (list name = TList)
Error in <TList::Clear>: A list is accessing an object (0x8822ee0) already deleted (list name = TList)
Error in <TList::Clear>: A list is accessing an object (0x88238d0) already deleted (list name = TList)
Error in <TList::Clear>: A list is accessing an object (0x8823d30) already deleted (list name = TList)
Error in <TList::Clear>: A list is accessing an object (0x8824b30) already deleted (list name = TList)
Error in <TList::Clear>: A list is accessing an object (0x882c670) already deleted (list name = TList)
Error in <TList::Clear>: A list is accessing an object (0x8830ed0) already deleted (list name = TList)
Error in <TList::Clear>: A list is accessing an object (0x88313e0) already deleted (list name = TList)
Error in <TList::Clear>: A list is accessing an object (0x8831980) already deleted (list name = TList)
Error in <TList::Clear>: A list is accessing an object (0x8831f20) already deleted (list name = TList)
Error in <TList::Clear>: A list is accessing an object (0x88323d0) already deleted (list name = TList)
Error in <TList::Clear>: A list is accessing an object (0x8832700) already deleted (list name = TList)
Error in <TList::Clear>: A list is accessing an object (0x8832bf0) already deleted (list name = TList)
Error in <TList::Clear>: A list is accessing an object (0x8832f20) already deleted (list name = TList)
Error in <TList::Clear>: A list is accessing an object (0x88333c0) already deleted (list name = TList)
Error in <TList::Clear>: A list is accessing an object (0x88336f0) already deleted (list name = TList)
Error in <TList::Clear>: A list is accessing an object (0x8833cb0) already deleted (list name = TList)
Error in <TList::Clear>: A list is accessing an object (0x87fa0a0) already deleted (list name = TList)
Error in <TList::Clear>: A list is accessing an object (0x87fa0a0) already deleted (list name = TList)
Error in <TList::Clear>: A list is accessing an object (0x87fa0a0) already deleted (list name = TList)
Error in <TList::Clear>: A list is accessing an object (0x87fa0a0) already deleted (list name = TList)
Error in <TList::Clear>: A list is accessing an object (0x87fa0a0) already deleted (list name = TList)
Error in <TList::Clear>: A list is accessing an object (0x87fa0a0) already deleted (list name = TList)
Error in <TList::Clear>: A list is accessing an object (0x87fa0a0) already deleted (list name = TList)
Error in <TList::Clear>: A list is accessing an object (0x87fa0a0) already deleted (list name = TList)
Error in <TList::Clear>: A list is accessing an object (0x87fa0a0) already deleted (list name = TList)
Error in <TList::Clear>: A list is accessing an object (0x87fa0a0) already deleted (list name = TList)
Error in <TList::Clear>: A list is accessing an object (0x87fa0a0) already deleted (list name = TList)
Error in <TList::Clear>: A list is accessing an object (0x87fa0a0) already deleted (list name = TList)
