Using built-in specs.
COLLECT_GCC=gcc
COLLECT_LTO_WRAPPER=/usr/libexec/gcc/x86_64-redhat-linux/11/lto-wrapper
OFFLOAD_TARGET_NAMES=nvptx-none
OFFLOAD_TARGET_DEFAULT=1
Target: x86_64-redhat-linux
Configured with: ../configure --enable-bootstrap --enable-host-pie --enable-host-bind-now --enable-languages=c,c++,fortran,lto --prefix=/usr --mandir=/usr/share/man --infodir=/usr/share/info --with-bugurl=http://bugs.almalinux.org/ --enable-shared --enable-threads=posix --enable-checking=release --with-system-zlib --enable-__cxa_atexit --disable-libunwind-exceptions --enable-gnu-unique-object --enable-linker-build-id --with-gcc-major-version-only --enable-plugin --enable-initfini-array --without-isl --enable-multilib --with-linker-hash-style=gnu --enable-offload-targets=nvptx-none --without-cuda-driver --enable-gnu-indirect-function --enable-cet --with-tune=generic --with-arch_64=x86-64-v2 --with-arch_32=x86-64 --build=x86_64-redhat-linux --with-build-config=bootstrap-lto --enable-link-serialization=1
Thread model: posix
Supported LTO compression algorithms: zlib zstd
gcc version 11.4.1 20231218 (Red Hat 11.4.1-3) (GCC) 
Error in <TList::Clear>: A list is accessing an object (0x8d90ec0) already deleted (list name = TList)
Error in <TList::Clear>: A list is accessing an object (0x8e54bf0) already deleted (list name = TList)
Error in <TList::Clear>: A list is accessing an object (0x8e57760) already deleted (list name = TList)
Error in <TList::Clear>: A list is accessing an object (0x8e5e490) already deleted (list name = TList)
Error in <TList::Clear>: A list is accessing an object (0x8e5e800) already deleted (list name = TList)
Error in <TList::Clear>: A list is accessing an object (0x8e5eb70) already deleted (list name = TList)
Error in <TList::Clear>: A list is accessing an object (0x8e5f0a0) already deleted (list name = TList)
Error in <TList::Clear>: A list is accessing an object (0x8e5f460) already deleted (list name = TList)
Error in <TList::Clear>: A list is accessing an object (0x8e5fdc0) already deleted (list name = TList)
Error in <TList::Clear>: A list is accessing an object (0x8e62420) already deleted (list name = TList)
Error in <TList::Clear>: A list is accessing an object (0x8e627e0) already deleted (list name = TList)
Error in <TList::Clear>: A list is accessing an object (0x8e62bd0) already deleted (list name = TList)
Error in <TList::Clear>: A list is accessing an object (0x8e62fc0) already deleted (list name = TList)
Error in <TList::Clear>: A list is accessing an object (0x8e636c0) already deleted (list name = TList)
Error in <TList::Clear>: A list is accessing an object (0x8e63c80) already deleted (list name = TList)
Error in <TList::Clear>: A list is accessing an object (0x8e640b0) already deleted (list name = TList)
Error in <TList::Clear>: A list is accessing an object (0x8e64550) already deleted (list name = TList)
Error in <TList::Clear>: A list is accessing an object (0x8e64920) already deleted (list name = TList)
Error in <TList::Clear>: A list is accessing an object (0x8e64df0) already deleted (list name = TList)
Error in <TList::Clear>: A list is accessing an object (0x8e65020) already deleted (list name = TList)
Error in <TList::Clear>: A list is accessing an object (0x8e7ebc0) already deleted (list name = TList)
Error in <TList::Clear>: A list is accessing an object (0x8e8b740) already deleted (list name = TList)
Error in <TList::Clear>: A list is accessing an object (0x8e8c3f0) already deleted (list name = TList)
Error in <TList::Clear>: A list is accessing an object (0x8e8dc30) already deleted (list name = TList)
Error in <TList::Clear>: A list is accessing an object (0x8e8e620) already deleted (list name = TList)
Error in <TList::Clear>: A list is accessing an object (0x8e8ea80) already deleted (list name = TList)
Error in <TList::Clear>: A list is accessing an object (0x8e8f880) already deleted (list name = TList)
Error in <TList::Clear>: A list is accessing an object (0x8e973c0) already deleted (list name = TList)
Error in <TList::Clear>: A list is accessing an object (0x8e9bc20) already deleted (list name = TList)
Error in <TList::Clear>: A list is accessing an object (0x8e9c130) already deleted (list name = TList)
Error in <TList::Clear>: A list is accessing an object (0x8e9c6d0) already deleted (list name = TList)
Error in <TList::Clear>: A list is accessing an object (0x8e9cc70) already deleted (list name = TList)
Error in <TList::Clear>: A list is accessing an object (0x8e9d120) already deleted (list name = TList)
Error in <TList::Clear>: A list is accessing an object (0x8e9d450) already deleted (list name = TList)
Error in <TList::Clear>: A list is accessing an object (0x8e9d940) already deleted (list name = TList)
Error in <TList::Clear>: A list is accessing an object (0x8e9dc70) already deleted (list name = TList)
Error in <TList::Clear>: A list is accessing an object (0x8e9e110) already deleted (list name = TList)
Error in <TList::Clear>: A list is accessing an object (0x8e9e440) already deleted (list name = TList)
Error in <TList::Clear>: A list is accessing an object (0x8e9ea00) already deleted (list name = TList)
Error in <TList::Clear>: A list is accessing an object (0x8e64df0) already deleted (list name = TList)
Error in <TList::Clear>: A list is accessing an object (0x8e64df0) already deleted (list name = TList)
Error in <TList::Clear>: A list is accessing an object (0x8e64df0) already deleted (list name = TList)
Error in <TList::Clear>: A list is accessing an object (0x8e64df0) already deleted (list name = TList)
Error in <TList::Clear>: A list is accessing an object (0x8e64df0) already deleted (list name = TList)
Error in <TList::Clear>: A list is accessing an object (0x8e64df0) already deleted (list name = TList)
Error in <TList::Clear>: A list is accessing an object (0x8e64df0) already deleted (list name = TList)
Error in <TList::Clear>: A list is accessing an object (0x8e64df0) already deleted (list name = TList)
Error in <TList::Clear>: A list is accessing an object (0x8e64df0) already deleted (list name = TList)
Error in <TList::Clear>: A list is accessing an object (0x8e64df0) already deleted (list name = TList)
Error in <TList::Clear>: A list is accessing an object (0x8e64df0) already deleted (list name = TList)
Error in <TList::Clear>: A list is accessing an object (0x8e64df0) already deleted (list name = TList)
Error in <TList::Clear>: A list is accessing an object (0x908c1e0) already deleted (list name = TList)
Error in <TList::Clear>: A list is accessing an object (0x90ee990) already deleted (list name = TList)
Error in <TList::Clear>: A list is accessing an object (0x90f1500) already deleted (list name = TList)
Error in <TList::Clear>: A list is accessing an object (0x90f8310) already deleted (list name = TList)
Error in <TList::Clear>: A list is accessing an object (0x90f8680) already deleted (list name = TList)
Error in <TList::Clear>: A list is accessing an object (0x90f89f0) already deleted (list name = TList)
Error in <TList::Clear>: A list is accessing an object (0x90f8f20) already deleted (list name = TList)
Error in <TList::Clear>: A list is accessing an object (0x90f92e0) already deleted (list name = TList)
Error in <TList::Clear>: A list is accessing an object (0x90f9c40) already deleted (list name = TList)
Error in <TList::Clear>: A list is accessing an object (0x90fc2a0) already deleted (list name = TList)
Error in <TList::Clear>: A list is accessing an object (0x90fc660) already deleted (list name = TList)
Error in <TList::Clear>: A list is accessing an object (0x90fca50) already deleted (list name = TList)
Error in <TList::Clear>: A list is accessing an object (0x90fce40) already deleted (list name = TList)
Error in <TList::Clear>: A list is accessing an object (0x90fd540) already deleted (list name = TList)
Error in <TList::Clear>: A list is accessing an object (0x90fdb00) already deleted (list name = TList)
Error in <TList::Clear>: A list is accessing an object (0x90fdf30) already deleted (list name = TList)
Error in <TList::Clear>: A list is accessing an object (0x90fe3d0) already deleted (list name = TList)
Error in <TList::Clear>: A list is accessing an object (0x90fe7a0) already deleted (list name = TList)
Error in <TList::Clear>: A list is accessing an object (0x90fec70) already deleted (list name = TList)
Error in <TList::Clear>: A list is accessing an object (0x90feea0) already deleted (list name = TList)
Error in <TList::Clear>: A list is accessing an object (0x9118a40) already deleted (list name = TList)
Error in <TList::Clear>: A list is accessing an object (0x91255c0) already deleted (list name = TList)
Error in <TList::Clear>: A list is accessing an object (0x9126270) already deleted (list name = TList)
Error in <TList::Clear>: A list is accessing an object (0x9127ab0) already deleted (list name = TList)
Error in <TList::Clear>: A list is accessing an object (0x91284a0) already deleted (list name = TList)
Error in <TList::Clear>: A list is accessing an object (0x9128900) already deleted (list name = TList)
Error in <TList::Clear>: A list is accessing an object (0x9129700) already deleted (list name = TList)
Error in <TList::Clear>: A list is accessing an object (0x9131240) already deleted (list name = TList)
Error in <TList::Clear>: A list is accessing an object (0x9135aa0) already deleted (list name = TList)
Error in <TList::Clear>: A list is accessing an object (0x9135fb0) already deleted (list name = TList)
Error in <TList::Clear>: A list is accessing an object (0x9136550) already deleted (list name = TList)
Error in <TList::Clear>: A list is accessing an object (0x9136af0) already deleted (list name = TList)
Error in <TList::Clear>: A list is accessing an object (0x9136fa0) already deleted (list name = TList)
Error in <TList::Clear>: A list is accessing an object (0x91372d0) already deleted (list name = TList)
Error in <TList::Clear>: A list is accessing an object (0x91377c0) already deleted (list name = TList)
Error in <TList::Clear>: A list is accessing an object (0x9137af0) already deleted (list name = TList)
Error in <TList::Clear>: A list is accessing an object (0x9137f90) already deleted (list name = TList)
Error in <TList::Clear>: A list is accessing an object (0x91382c0) already deleted (list name = TList)
Error in <TList::Clear>: A list is accessing an object (0x9138880) already deleted (list name = TList)
Error in <TList::Clear>: A list is accessing an object (0x90fec70) already deleted (list name = TList)
Error in <TList::Clear>: A list is accessing an object (0x90fec70) already deleted (list name = TList)
Error in <TList::Clear>: A list is accessing an object (0x90fec70) already deleted (list name = TList)
Error in <TList::Clear>: A list is accessing an object (0x90fec70) already deleted (list name = TList)
Error in <TList::Clear>: A list is accessing an object (0x90fec70) already deleted (list name = TList)
Error in <TList::Clear>: A list is accessing an object (0x90fec70) already deleted (list name = TList)
Error in <TList::Clear>: A list is accessing an object (0x90fec70) already deleted (list name = TList)
Error in <TList::Clear>: A list is accessing an object (0x90fec70) already deleted (list name = TList)
Error in <TList::Clear>: A list is accessing an object (0x90fec70) already deleted (list name = TList)
Error in <TList::Clear>: A list is accessing an object (0x90fec70) already deleted (list name = TList)
Error in <TList::Clear>: A list is accessing an object (0x90fec70) already deleted (list name = TList)
Error in <TList::Clear>: A list is accessing an object (0x90fec70) already deleted (list name = TList)
Error in <TList::Clear>: A list is accessing an object (0x829c500) already deleted (list name = TList)
Error in <TList::Clear>: A list is accessing an object (0x82f62d0) already deleted (list name = TList)
Error in <TList::Clear>: A list is accessing an object (0x82f8df0) already deleted (list name = TList)
Error in <TList::Clear>: A list is accessing an object (0x82ffe10) already deleted (list name = TList)
Error in <TList::Clear>: A list is accessing an object (0x8300180) already deleted (list name = TList)
Error in <TList::Clear>: A list is accessing an object (0x83004f0) already deleted (list name = TList)
Error in <TList::Clear>: A list is accessing an object (0x8300a20) already deleted (list name = TList)
Error in <TList::Clear>: A list is accessing an object (0x8300de0) already deleted (list name = TList)
Error in <TList::Clear>: A list is accessing an object (0x8301740) already deleted (list name = TList)
Error in <TList::Clear>: A list is accessing an object (0x8303da0) already deleted (list name = TList)
Error in <TList::Clear>: A list is accessing an object (0x8304160) already deleted (list name = TList)
Error in <TList::Clear>: A list is accessing an object (0x8304550) already deleted (list name = TList)
Error in <TList::Clear>: A list is accessing an object (0x8304940) already deleted (list name = TList)
Error in <TList::Clear>: A list is accessing an object (0x8305040) already deleted (list name = TList)
Error in <TList::Clear>: A list is accessing an object (0x8305600) already deleted (list name = TList)
Error in <TList::Clear>: A list is accessing an object (0x8305a30) already deleted (list name = TList)
Error in <TList::Clear>: A list is accessing an object (0x8305ed0) already deleted (list name = TList)
Error in <TList::Clear>: A list is accessing an object (0x83062a0) already deleted (list name = TList)
Error in <TList::Clear>: A list is accessing an object (0x8306770) already deleted (list name = TList)
Error in <TList::Clear>: A list is accessing an object (0x83069a0) already deleted (list name = TList)
Error in <TList::Clear>: A list is accessing an object (0x8320540) already deleted (list name = TList)
Error in <TList::Clear>: A list is accessing an object (0x832d0c0) already deleted (list name = TList)
Error in <TList::Clear>: A list is accessing an object (0x832dd70) already deleted (list name = TList)
Error in <TList::Clear>: A list is accessing an object (0x832f5b0) already deleted (list name = TList)
Error in <TList::Clear>: A list is accessing an object (0x832ffa0) already deleted (list name = TList)
Error in <TList::Clear>: A list is accessing an object (0x8330400) already deleted (list name = TList)
Error in <TList::Clear>: A list is accessing an object (0x8331200) already deleted (list name = TList)
Error in <TList::Clear>: A list is accessing an object (0x8338d40) already deleted (list name = TList)
Error in <TList::Clear>: A list is accessing an object (0x833d5a0) already deleted (list name = TList)
Error in <TList::Clear>: A list is accessing an object (0x833dab0) already deleted (list name = TList)
Error in <TList::Clear>: A list is accessing an object (0x833e050) already deleted (list name = TList)
Error in <TList::Clear>: A list is accessing an object (0x833e5f0) already deleted (list name = TList)
Error in <TList::Clear>: A list is accessing an object (0x833eaa0) already deleted (list name = TList)
Error in <TList::Clear>: A list is accessing an object (0x833edd0) already deleted (list name = TList)
Error in <TList::Clear>: A list is accessing an object (0x833f2c0) already deleted (list name = TList)
Error in <TList::Clear>: A list is accessing an object (0x833f5f0) already deleted (list name = TList)
Error in <TList::Clear>: A list is accessing an object (0x833fa90) already deleted (list name = TList)
Error in <TList::Clear>: A list is accessing an object (0x833fdc0) already deleted (list name = TList)
Error in <TList::Clear>: A list is accessing an object (0x8340380) already deleted (list name = TList)
Error in <TList::Clear>: A list is accessing an object (0x8306770) already deleted (list name = TList)
Error in <TList::Clear>: A list is accessing an object (0x8306770) already deleted (list name = TList)
Error in <TList::Clear>: A list is accessing an object (0x8306770) already deleted (list name = TList)
Error in <TList::Clear>: A list is accessing an object (0x8306770) already deleted (list name = TList)
Error in <TList::Clear>: A list is accessing an object (0x8306770) already deleted (list name = TList)
Error in <TList::Clear>: A list is accessing an object (0x8306770) already deleted (list name = TList)
Error in <TList::Clear>: A list is accessing an object (0x8306770) already deleted (list name = TList)
Error in <TList::Clear>: A list is accessing an object (0x8306770) already deleted (list name = TList)
Error in <TList::Clear>: A list is accessing an object (0x8306770) already deleted (list name = TList)
Error in <TList::Clear>: A list is accessing an object (0x8306770) already deleted (list name = TList)
Error in <TList::Clear>: A list is accessing an object (0x8306770) already deleted (list name = TList)
Error in <TList::Clear>: A list is accessing an object (0x8306770) already deleted (list name = TList)
