Using built-in specs.
COLLECT_GCC=gcc
COLLECT_LTO_WRAPPER=/usr/libexec/gcc/x86_64-redhat-linux/11/lto-wrapper
OFFLOAD_TARGET_NAMES=nvptx-none
OFFLOAD_TARGET_DEFAULT=1
Target: x86_64-redhat-linux
Configured with: ../configure --enable-bootstrap --enable-host-pie --enable-host-bind-now --enable-languages=c,c++,fortran,lto --prefix=/usr --mandir=/usr/share/man --infodir=/usr/share/info --with-bugurl=http://bugs.almalinux.org/ --enable-shared --enable-threads=posix --enable-checking=release --with-system-zlib --enable-__cxa_atexit --disable-libunwind-exceptions --enable-gnu-unique-object --enable-linker-build-id --with-gcc-major-version-only --enable-plugin --enable-initfini-array --without-isl --enable-multilib --with-linker-hash-style=gnu --enable-offload-targets=nvptx-none --without-cuda-driver --enable-gnu-indirect-function --enable-cet --with-tune=generic --with-arch_64=x86-64-v2 --with-arch_32=x86-64 --build=x86_64-redhat-linux --with-build-config=bootstrap-lto --enable-link-serialization=1
Thread model: posix
Supported LTO compression algorithms: zlib zstd
gcc version 11.4.1 20231218 (Red Hat 11.4.1-3) (GCC) 
Error in <TList::Clear>: A list is accessing an object (0x9293d20) already deleted (list name = TList)
Error in <TList::Clear>: A list is accessing an object (0x937de80) already deleted (list name = TList)
Error in <TList::Clear>: A list is accessing an object (0x93809a0) already deleted (list name = TList)
Error in <TList::Clear>: A list is accessing an object (0x93879c0) already deleted (list name = TList)
Error in <TList::Clear>: A list is accessing an object (0x9387d30) already deleted (list name = TList)
Error in <TList::Clear>: A list is accessing an object (0x93880a0) already deleted (list name = TList)
Error in <TList::Clear>: A list is accessing an object (0x93885d0) already deleted (list name = TList)
Error in <TList::Clear>: A list is accessing an object (0x9388990) already deleted (list name = TList)
Error in <TList::Clear>: A list is accessing an object (0x93892f0) already deleted (list name = TList)
Error in <TList::Clear>: A list is accessing an object (0x938b950) already deleted (list name = TList)
Error in <TList::Clear>: A list is accessing an object (0x938bd10) already deleted (list name = TList)
Error in <TList::Clear>: A list is accessing an object (0x938c100) already deleted (list name = TList)
Error in <TList::Clear>: A list is accessing an object (0x938c4f0) already deleted (list name = TList)
Error in <TList::Clear>: A list is accessing an object (0x938cbf0) already deleted (list name = TList)
Error in <TList::Clear>: A list is accessing an object (0x938d1b0) already deleted (list name = TList)
Error in <TList::Clear>: A list is accessing an object (0x938d5e0) already deleted (list name = TList)
Error in <TList::Clear>: A list is accessing an object (0x938da80) already deleted (list name = TList)
Error in <TList::Clear>: A list is accessing an object (0x938de50) already deleted (list name = TList)
Error in <TList::Clear>: A list is accessing an object (0x938e320) already deleted (list name = TList)
Error in <TList::Clear>: A list is accessing an object (0x938e550) already deleted (list name = TList)
Error in <TList::Clear>: A list is accessing an object (0x93a80f0) already deleted (list name = TList)
Error in <TList::Clear>: A list is accessing an object (0x93b4c70) already deleted (list name = TList)
Error in <TList::Clear>: A list is accessing an object (0x93b5920) already deleted (list name = TList)
Error in <TList::Clear>: A list is accessing an object (0x93b7160) already deleted (list name = TList)
Error in <TList::Clear>: A list is accessing an object (0x93b7b50) already deleted (list name = TList)
Error in <TList::Clear>: A list is accessing an object (0x93b7fb0) already deleted (list name = TList)
Error in <TList::Clear>: A list is accessing an object (0x93b8db0) already deleted (list name = TList)
Error in <TList::Clear>: A list is accessing an object (0x93c08f0) already deleted (list name = TList)
Error in <TList::Clear>: A list is accessing an object (0x93c5150) already deleted (list name = TList)
Error in <TList::Clear>: A list is accessing an object (0x93c5660) already deleted (list name = TList)
Error in <TList::Clear>: A list is accessing an object (0x93c5c00) already deleted (list name = TList)
Error in <TList::Clear>: A list is accessing an object (0x93c61a0) already deleted (list name = TList)
Error in <TList::Clear>: A list is accessing an object (0x93c6650) already deleted (list name = TList)
Error in <TList::Clear>: A list is accessing an object (0x93c6980) already deleted (list name = TList)
Error in <TList::Clear>: A list is accessing an object (0x93c6e70) already deleted (list name = TList)
Error in <TList::Clear>: A list is accessing an object (0x93c71a0) already deleted (list name = TList)
Error in <TList::Clear>: A list is accessing an object (0x93c7640) already deleted (list name = TList)
Error in <TList::Clear>: A list is accessing an object (0x93c7970) already deleted (list name = TList)
Error in <TList::Clear>: A list is accessing an object (0x93c7f30) already deleted (list name = TList)
Error in <TList::Clear>: A list is accessing an object (0x938e320) already deleted (list name = TList)
Error in <TList::Clear>: A list is accessing an object (0x938e320) already deleted (list name = TList)
Error in <TList::Clear>: A list is accessing an object (0x938e320) already deleted (list name = TList)
Error in <TList::Clear>: A list is accessing an object (0x938e320) already deleted (list name = TList)
Error in <TList::Clear>: A list is accessing an object (0x938e320) already deleted (list name = TList)
Error in <TList::Clear>: A list is accessing an object (0x938e320) already deleted (list name = TList)
Error in <TList::Clear>: A list is accessing an object (0x938e320) already deleted (list name = TList)
Error in <TList::Clear>: A list is accessing an object (0x938e320) already deleted (list name = TList)
Error in <TList::Clear>: A list is accessing an object (0x938e320) already deleted (list name = TList)
Error in <TList::Clear>: A list is accessing an object (0x938e320) already deleted (list name = TList)
Error in <TList::Clear>: A list is accessing an object (0x938e320) already deleted (list name = TList)
Error in <TList::Clear>: A list is accessing an object (0x938e320) already deleted (list name = TList)
Error in <TList::Clear>: A list is accessing an object (0x98b0040) already deleted (list name = TList)
Error in <TList::Clear>: A list is accessing an object (0x994b380) already deleted (list name = TList)
Error in <TList::Clear>: A list is accessing an object (0x994def0) already deleted (list name = TList)
Error in <TList::Clear>: A list is accessing an object (0x9954d00) already deleted (list name = TList)
Error in <TList::Clear>: A list is accessing an object (0x9955070) already deleted (list name = TList)
Error in <TList::Clear>: A list is accessing an object (0x99553e0) already deleted (list name = TList)
Error in <TList::Clear>: A list is accessing an object (0x9955910) already deleted (list name = TList)
Error in <TList::Clear>: A list is accessing an object (0x9955cd0) already deleted (list name = TList)
Error in <TList::Clear>: A list is accessing an object (0x9956630) already deleted (list name = TList)
Error in <TList::Clear>: A list is accessing an object (0x9958c90) already deleted (list name = TList)
Error in <TList::Clear>: A list is accessing an object (0x9959050) already deleted (list name = TList)
Error in <TList::Clear>: A list is accessing an object (0x9959440) already deleted (list name = TList)
Error in <TList::Clear>: A list is accessing an object (0x9959830) already deleted (list name = TList)
Error in <TList::Clear>: A list is accessing an object (0x9959f30) already deleted (list name = TList)
Error in <TList::Clear>: A list is accessing an object (0x995a4f0) already deleted (list name = TList)
Error in <TList::Clear>: A list is accessing an object (0x995a920) already deleted (list name = TList)
Error in <TList::Clear>: A list is accessing an object (0x995adc0) already deleted (list name = TList)
Error in <TList::Clear>: A list is accessing an object (0x995b190) already deleted (list name = TList)
Error in <TList::Clear>: A list is accessing an object (0x995b660) already deleted (list name = TList)
Error in <TList::Clear>: A list is accessing an object (0x995b890) already deleted (list name = TList)
Error in <TList::Clear>: A list is accessing an object (0x9975430) already deleted (list name = TList)
Error in <TList::Clear>: A list is accessing an object (0x9981fb0) already deleted (list name = TList)
Error in <TList::Clear>: A list is accessing an object (0x9982c60) already deleted (list name = TList)
Error in <TList::Clear>: A list is accessing an object (0x99844a0) already deleted (list name = TList)
Error in <TList::Clear>: A list is accessing an object (0x9984e90) already deleted (list name = TList)
Error in <TList::Clear>: A list is accessing an object (0x99852f0) already deleted (list name = TList)
Error in <TList::Clear>: A list is accessing an object (0x99860f0) already deleted (list name = TList)
Error in <TList::Clear>: A list is accessing an object (0x998dc30) already deleted (list name = TList)
Error in <TList::Clear>: A list is accessing an object (0x9992490) already deleted (list name = TList)
Error in <TList::Clear>: A list is accessing an object (0x99929a0) already deleted (list name = TList)
Error in <TList::Clear>: A list is accessing an object (0x9992f40) already deleted (list name = TList)
Error in <TList::Clear>: A list is accessing an object (0x99934e0) already deleted (list name = TList)
Error in <TList::Clear>: A list is accessing an object (0x9993990) already deleted (list name = TList)
Error in <TList::Clear>: A list is accessing an object (0x9993d00) already deleted (list name = TList)
Error in <TList::Clear>: A list is accessing an object (0x99941f0) already deleted (list name = TList)
Error in <TList::Clear>: A list is accessing an object (0x9994520) already deleted (list name = TList)
Error in <TList::Clear>: A list is accessing an object (0x99949c0) already deleted (list name = TList)
Error in <TList::Clear>: A list is accessing an object (0x9994cf0) already deleted (list name = TList)
Error in <TList::Clear>: A list is accessing an object (0x99952b0) already deleted (list name = TList)
Error in <TList::Clear>: A list is accessing an object (0x995b660) already deleted (list name = TList)
Error in <TList::Clear>: A list is accessing an object (0x995b660) already deleted (list name = TList)
Error in <TList::Clear>: A list is accessing an object (0x995b660) already deleted (list name = TList)
Error in <TList::Clear>: A list is accessing an object (0x995b660) already deleted (list name = TList)
Error in <TList::Clear>: A list is accessing an object (0x995b660) already deleted (list name = TList)
Error in <TList::Clear>: A list is accessing an object (0x995b660) already deleted (list name = TList)
Error in <TList::Clear>: A list is accessing an object (0x995b660) already deleted (list name = TList)
Error in <TList::Clear>: A list is accessing an object (0x995b660) already deleted (list name = TList)
Error in <TList::Clear>: A list is accessing an object (0x995b660) already deleted (list name = TList)
Error in <TList::Clear>: A list is accessing an object (0x995b660) already deleted (list name = TList)
Error in <TList::Clear>: A list is accessing an object (0x995b660) already deleted (list name = TList)
Error in <TList::Clear>: A list is accessing an object (0x995b660) already deleted (list name = TList)
Error in <TList::Clear>: A list is accessing an object (0xa080f20) already deleted (list name = TList)
Error in <TList::Clear>: A list is accessing an object (0xa154b40) already deleted (list name = TList)
Error in <TList::Clear>: A list is accessing an object (0xa1576a0) already deleted (list name = TList)
Error in <TList::Clear>: A list is accessing an object (0xa15e650) already deleted (list name = TList)
Error in <TList::Clear>: A list is accessing an object (0xa15e9c0) already deleted (list name = TList)
Error in <TList::Clear>: A list is accessing an object (0xa15ed30) already deleted (list name = TList)
Error in <TList::Clear>: A list is accessing an object (0xa15f260) already deleted (list name = TList)
Error in <TList::Clear>: A list is accessing an object (0xa15f620) already deleted (list name = TList)
Error in <TList::Clear>: A list is accessing an object (0xa15ff80) already deleted (list name = TList)
Error in <TList::Clear>: A list is accessing an object (0xa1625e0) already deleted (list name = TList)
Error in <TList::Clear>: A list is accessing an object (0xa1629a0) already deleted (list name = TList)
Error in <TList::Clear>: A list is accessing an object (0xa162d90) already deleted (list name = TList)
Error in <TList::Clear>: A list is accessing an object (0xa163180) already deleted (list name = TList)
Error in <TList::Clear>: A list is accessing an object (0xa163880) already deleted (list name = TList)
Error in <TList::Clear>: A list is accessing an object (0xa163e40) already deleted (list name = TList)
Error in <TList::Clear>: A list is accessing an object (0xa164270) already deleted (list name = TList)
Error in <TList::Clear>: A list is accessing an object (0xa164710) already deleted (list name = TList)
Error in <TList::Clear>: A list is accessing an object (0xa164ae0) already deleted (list name = TList)
Error in <TList::Clear>: A list is accessing an object (0xa164fb0) already deleted (list name = TList)
Error in <TList::Clear>: A list is accessing an object (0xa1651e0) already deleted (list name = TList)
Error in <TList::Clear>: A list is accessing an object (0xa17ed80) already deleted (list name = TList)
Error in <TList::Clear>: A list is accessing an object (0xa18b900) already deleted (list name = TList)
Error in <TList::Clear>: A list is accessing an object (0xa18c5b0) already deleted (list name = TList)
Error in <TList::Clear>: A list is accessing an object (0xa18ddf0) already deleted (list name = TList)
Error in <TList::Clear>: A list is accessing an object (0xa18e7e0) already deleted (list name = TList)
Error in <TList::Clear>: A list is accessing an object (0xa18ec40) already deleted (list name = TList)
Error in <TList::Clear>: A list is accessing an object (0xa18fa40) already deleted (list name = TList)
Error in <TList::Clear>: A list is accessing an object (0xa197580) already deleted (list name = TList)
Error in <TList::Clear>: A list is accessing an object (0xa19bde0) already deleted (list name = TList)
Error in <TList::Clear>: A list is accessing an object (0xa19c2f0) already deleted (list name = TList)
Error in <TList::Clear>: A list is accessing an object (0xa19c890) already deleted (list name = TList)
Error in <TList::Clear>: A list is accessing an object (0xa19ce30) already deleted (list name = TList)
Error in <TList::Clear>: A list is accessing an object (0xa19d2e0) already deleted (list name = TList)
Error in <TList::Clear>: A list is accessing an object (0xa19d610) already deleted (list name = TList)
Error in <TList::Clear>: A list is accessing an object (0xa19db00) already deleted (list name = TList)
Error in <TList::Clear>: A list is accessing an object (0xa19de30) already deleted (list name = TList)
Error in <TList::Clear>: A list is accessing an object (0xa19e2d0) already deleted (list name = TList)
Error in <TList::Clear>: A list is accessing an object (0xa19e600) already deleted (list name = TList)
Error in <TList::Clear>: A list is accessing an object (0xa19ebc0) already deleted (list name = TList)
Error in <TList::Clear>: A list is accessing an object (0xa164fb0) already deleted (list name = TList)
Error in <TList::Clear>: A list is accessing an object (0xa164fb0) already deleted (list name = TList)
Error in <TList::Clear>: A list is accessing an object (0xa164fb0) already deleted (list name = TList)
Error in <TList::Clear>: A list is accessing an object (0xa164fb0) already deleted (list name = TList)
Error in <TList::Clear>: A list is accessing an object (0xa164fb0) already deleted (list name = TList)
Error in <TList::Clear>: A list is accessing an object (0xa164fb0) already deleted (list name = TList)
Error in <TList::Clear>: A list is accessing an object (0xa164fb0) already deleted (list name = TList)
Error in <TList::Clear>: A list is accessing an object (0xa164fb0) already deleted (list name = TList)
Error in <TList::Clear>: A list is accessing an object (0xa164fb0) already deleted (list name = TList)
Error in <TList::Clear>: A list is accessing an object (0xa164fb0) already deleted (list name = TList)
Error in <TList::Clear>: A list is accessing an object (0xa164fb0) already deleted (list name = TList)
Error in <TList::Clear>: A list is accessing an object (0xa164fb0) already deleted (list name = TList)
