Using built-in specs.
COLLECT_GCC=gcc
COLLECT_LTO_WRAPPER=/usr/libexec/gcc/x86_64-redhat-linux/11/lto-wrapper
OFFLOAD_TARGET_NAMES=nvptx-none
OFFLOAD_TARGET_DEFAULT=1
Target: x86_64-redhat-linux
Configured with: ../configure --enable-bootstrap --enable-host-pie --enable-host-bind-now --enable-languages=c,c++,fortran,lto --prefix=/usr --mandir=/usr/share/man --infodir=/usr/share/info --with-bugurl=http://bugs.almalinux.org/ --enable-shared --enable-threads=posix --enable-checking=release --with-system-zlib --enable-__cxa_atexit --disable-libunwind-exceptions --enable-gnu-unique-object --enable-linker-build-id --with-gcc-major-version-only --enable-plugin --enable-initfini-array --without-isl --enable-multilib --with-linker-hash-style=gnu --enable-offload-targets=nvptx-none --without-cuda-driver --enable-gnu-indirect-function --enable-cet --with-tune=generic --with-arch_64=x86-64-v2 --with-arch_32=x86-64 --build=x86_64-redhat-linux --with-build-config=bootstrap-lto --enable-link-serialization=1
Thread model: posix
Supported LTO compression algorithms: zlib zstd
gcc version 11.4.1 20231218 (Red Hat 11.4.1-3) (GCC) 
Error in <TList::Clear>: A list is accessing an object (0x8b74460) already deleted (list name = TList)
Error in <TList::Clear>: A list is accessing an object (0x8bca4b0) already deleted (list name = TList)
Error in <TList::Clear>: A list is accessing an object (0x8bcd1b0) already deleted (list name = TList)
Error in <TList::Clear>: A list is accessing an object (0x8bd3e40) already deleted (list name = TList)
Error in <TList::Clear>: A list is accessing an object (0x8bd41b0) already deleted (list name = TList)
Error in <TList::Clear>: A list is accessing an object (0x8bd4520) already deleted (list name = TList)
Error in <TList::Clear>: A list is accessing an object (0x8bd4a50) already deleted (list name = TList)
Error in <TList::Clear>: A list is accessing an object (0x8bd4e10) already deleted (list name = TList)
Error in <TList::Clear>: A list is accessing an object (0x8bd5770) already deleted (list name = TList)
Error in <TList::Clear>: A list is accessing an object (0x8bd7dd0) already deleted (list name = TList)
Error in <TList::Clear>: A list is accessing an object (0x8bd8190) already deleted (list name = TList)
Error in <TList::Clear>: A list is accessing an object (0x8bd8580) already deleted (list name = TList)
Error in <TList::Clear>: A list is accessing an object (0x8bd8970) already deleted (list name = TList)
Error in <TList::Clear>: A list is accessing an object (0x8bd9070) already deleted (list name = TList)
Error in <TList::Clear>: A list is accessing an object (0x8bd9630) already deleted (list name = TList)
Error in <TList::Clear>: A list is accessing an object (0x8bd9a60) already deleted (list name = TList)
Error in <TList::Clear>: A list is accessing an object (0x8bd9f00) already deleted (list name = TList)
Error in <TList::Clear>: A list is accessing an object (0x8bda2d0) already deleted (list name = TList)
Error in <TList::Clear>: A list is accessing an object (0x8bda7a0) already deleted (list name = TList)
Error in <TList::Clear>: A list is accessing an object (0x8bda9d0) already deleted (list name = TList)
Error in <TList::Clear>: A list is accessing an object (0x8bf4570) already deleted (list name = TList)
Error in <TList::Clear>: A list is accessing an object (0x8c010f0) already deleted (list name = TList)
Error in <TList::Clear>: A list is accessing an object (0x8c01da0) already deleted (list name = TList)
Error in <TList::Clear>: A list is accessing an object (0x8c035e0) already deleted (list name = TList)
Error in <TList::Clear>: A list is accessing an object (0x8c03fd0) already deleted (list name = TList)
Error in <TList::Clear>: A list is accessing an object (0x8c04430) already deleted (list name = TList)
Error in <TList::Clear>: A list is accessing an object (0x8c05230) already deleted (list name = TList)
Error in <TList::Clear>: A list is accessing an object (0x8c0cd70) already deleted (list name = TList)
Error in <TList::Clear>: A list is accessing an object (0x8c115d0) already deleted (list name = TList)
Error in <TList::Clear>: A list is accessing an object (0x8c11ae0) already deleted (list name = TList)
Error in <TList::Clear>: A list is accessing an object (0x8c12080) already deleted (list name = TList)
Error in <TList::Clear>: A list is accessing an object (0x8c12620) already deleted (list name = TList)
Error in <TList::Clear>: A list is accessing an object (0x8c12ad0) already deleted (list name = TList)
Error in <TList::Clear>: A list is accessing an object (0x8c12e00) already deleted (list name = TList)
Error in <TList::Clear>: A list is accessing an object (0x8c132f0) already deleted (list name = TList)
Error in <TList::Clear>: A list is accessing an object (0x8c13620) already deleted (list name = TList)
Error in <TList::Clear>: A list is accessing an object (0x8c13ac0) already deleted (list name = TList)
Error in <TList::Clear>: A list is accessing an object (0x8c13df0) already deleted (list name = TList)
Error in <TList::Clear>: A list is accessing an object (0x8c143b0) already deleted (list name = TList)
Error in <TList::Clear>: A list is accessing an object (0x8bda7a0) already deleted (list name = TList)
Error in <TList::Clear>: A list is accessing an object (0x8bda7a0) already deleted (list name = TList)
Error in <TList::Clear>: A list is accessing an object (0x8bda7a0) already deleted (list name = TList)
Error in <TList::Clear>: A list is accessing an object (0x8bda7a0) already deleted (list name = TList)
Error in <TList::Clear>: A list is accessing an object (0x8bda7a0) already deleted (list name = TList)
Error in <TList::Clear>: A list is accessing an object (0x8bda7a0) already deleted (list name = TList)
Error in <TList::Clear>: A list is accessing an object (0x8bda7a0) already deleted (list name = TList)
Error in <TList::Clear>: A list is accessing an object (0x8bda7a0) already deleted (list name = TList)
Error in <TList::Clear>: A list is accessing an object (0x8bda7a0) already deleted (list name = TList)
Error in <TList::Clear>: A list is accessing an object (0x8bda7a0) already deleted (list name = TList)
Error in <TList::Clear>: A list is accessing an object (0x8bda7a0) already deleted (list name = TList)
Error in <TList::Clear>: A list is accessing an object (0x8bda7a0) already deleted (list name = TList)
Error in <TList::Clear>: A list is accessing an object (0x99d8c40) already deleted (list name = TList)
Error in <TList::Clear>: A list is accessing an object (0x9ac35d0) already deleted (list name = TList)
Error in <TList::Clear>: A list is accessing an object (0x9ac6130) already deleted (list name = TList)
Error in <TList::Clear>: A list is accessing an object (0x9acd0e0) already deleted (list name = TList)
Error in <TList::Clear>: A list is accessing an object (0x9acd450) already deleted (list name = TList)
Error in <TList::Clear>: A list is accessing an object (0x9acd7c0) already deleted (list name = TList)
Error in <TList::Clear>: A list is accessing an object (0x9acdcf0) already deleted (list name = TList)
Error in <TList::Clear>: A list is accessing an object (0x9ace0b0) already deleted (list name = TList)
Error in <TList::Clear>: A list is accessing an object (0x9acea10) already deleted (list name = TList)
Error in <TList::Clear>: A list is accessing an object (0x9ad1070) already deleted (list name = TList)
Error in <TList::Clear>: A list is accessing an object (0x9ad1430) already deleted (list name = TList)
Error in <TList::Clear>: A list is accessing an object (0x9ad1820) already deleted (list name = TList)
Error in <TList::Clear>: A list is accessing an object (0x9ad1c10) already deleted (list name = TList)
Error in <TList::Clear>: A list is accessing an object (0x9ad2310) already deleted (list name = TList)
Error in <TList::Clear>: A list is accessing an object (0x9ad28d0) already deleted (list name = TList)
Error in <TList::Clear>: A list is accessing an object (0x9ad2d00) already deleted (list name = TList)
Error in <TList::Clear>: A list is accessing an object (0x9ad31a0) already deleted (list name = TList)
Error in <TList::Clear>: A list is accessing an object (0x9ad3570) already deleted (list name = TList)
Error in <TList::Clear>: A list is accessing an object (0x9ad3a40) already deleted (list name = TList)
Error in <TList::Clear>: A list is accessing an object (0x9ad3c70) already deleted (list name = TList)
Error in <TList::Clear>: A list is accessing an object (0x9aed810) already deleted (list name = TList)
Error in <TList::Clear>: A list is accessing an object (0x9afa390) already deleted (list name = TList)
Error in <TList::Clear>: A list is accessing an object (0x9afb040) already deleted (list name = TList)
Error in <TList::Clear>: A list is accessing an object (0x9afc880) already deleted (list name = TList)
Error in <TList::Clear>: A list is accessing an object (0x9afd270) already deleted (list name = TList)
Error in <TList::Clear>: A list is accessing an object (0x9afd6d0) already deleted (list name = TList)
Error in <TList::Clear>: A list is accessing an object (0x9afe4d0) already deleted (list name = TList)
Error in <TList::Clear>: A list is accessing an object (0x9b06010) already deleted (list name = TList)
Error in <TList::Clear>: A list is accessing an object (0x9b0a870) already deleted (list name = TList)
Error in <TList::Clear>: A list is accessing an object (0x9b0ad80) already deleted (list name = TList)
Error in <TList::Clear>: A list is accessing an object (0x9b0b320) already deleted (list name = TList)
Error in <TList::Clear>: A list is accessing an object (0x9b0b8c0) already deleted (list name = TList)
Error in <TList::Clear>: A list is accessing an object (0x9b0bd70) already deleted (list name = TList)
Error in <TList::Clear>: A list is accessing an object (0x9b0c0a0) already deleted (list name = TList)
Error in <TList::Clear>: A list is accessing an object (0x9b0c590) already deleted (list name = TList)
Error in <TList::Clear>: A list is accessing an object (0x9b0c8c0) already deleted (list name = TList)
Error in <TList::Clear>: A list is accessing an object (0x9b0cd60) already deleted (list name = TList)
Error in <TList::Clear>: A list is accessing an object (0x9b0d090) already deleted (list name = TList)
Error in <TList::Clear>: A list is accessing an object (0x9b0d650) already deleted (list name = TList)
Error in <TList::Clear>: A list is accessing an object (0x9ad3a40) already deleted (list name = TList)
Error in <TList::Clear>: A list is accessing an object (0x9ad3a40) already deleted (list name = TList)
Error in <TList::Clear>: A list is accessing an object (0x9ad3a40) already deleted (list name = TList)
Error in <TList::Clear>: A list is accessing an object (0x9ad3a40) already deleted (list name = TList)
Error in <TList::Clear>: A list is accessing an object (0x9ad3a40) already deleted (list name = TList)
Error in <TList::Clear>: A list is accessing an object (0x9ad3a40) already deleted (list name = TList)
Error in <TList::Clear>: A list is accessing an object (0x9ad3a40) already deleted (list name = TList)
Error in <TList::Clear>: A list is accessing an object (0x9ad3a40) already deleted (list name = TList)
Error in <TList::Clear>: A list is accessing an object (0x9ad3a40) already deleted (list name = TList)
Error in <TList::Clear>: A list is accessing an object (0x9ad3a40) already deleted (list name = TList)
Error in <TList::Clear>: A list is accessing an object (0x9ad3a40) already deleted (list name = TList)
Error in <TList::Clear>: A list is accessing an object (0x9ad3a40) already deleted (list name = TList)
Error in <TList::Clear>: A list is accessing an object (0x9369710) already deleted (list name = TList)
Error in <TList::Clear>: A list is accessing an object (0x9403cf0) already deleted (list name = TList)
Error in <TList::Clear>: A list is accessing an object (0x9406860) already deleted (list name = TList)
Error in <TList::Clear>: A list is accessing an object (0x940d670) already deleted (list name = TList)
Error in <TList::Clear>: A list is accessing an object (0x940d9e0) already deleted (list name = TList)
Error in <TList::Clear>: A list is accessing an object (0x940dd50) already deleted (list name = TList)
Error in <TList::Clear>: A list is accessing an object (0x940e280) already deleted (list name = TList)
Error in <TList::Clear>: A list is accessing an object (0x940e640) already deleted (list name = TList)
Error in <TList::Clear>: A list is accessing an object (0x940efa0) already deleted (list name = TList)
Error in <TList::Clear>: A list is accessing an object (0x9411600) already deleted (list name = TList)
Error in <TList::Clear>: A list is accessing an object (0x94119c0) already deleted (list name = TList)
Error in <TList::Clear>: A list is accessing an object (0x9411db0) already deleted (list name = TList)
Error in <TList::Clear>: A list is accessing an object (0x94121a0) already deleted (list name = TList)
Error in <TList::Clear>: A list is accessing an object (0x94128a0) already deleted (list name = TList)
Error in <TList::Clear>: A list is accessing an object (0x9412e60) already deleted (list name = TList)
Error in <TList::Clear>: A list is accessing an object (0x9413290) already deleted (list name = TList)
Error in <TList::Clear>: A list is accessing an object (0x9413730) already deleted (list name = TList)
Error in <TList::Clear>: A list is accessing an object (0x9413b00) already deleted (list name = TList)
Error in <TList::Clear>: A list is accessing an object (0x9413fd0) already deleted (list name = TList)
Error in <TList::Clear>: A list is accessing an object (0x9414200) already deleted (list name = TList)
Error in <TList::Clear>: A list is accessing an object (0x942dda0) already deleted (list name = TList)
Error in <TList::Clear>: A list is accessing an object (0x943a920) already deleted (list name = TList)
Error in <TList::Clear>: A list is accessing an object (0x943b5d0) already deleted (list name = TList)
Error in <TList::Clear>: A list is accessing an object (0x943ce10) already deleted (list name = TList)
Error in <TList::Clear>: A list is accessing an object (0x943d800) already deleted (list name = TList)
Error in <TList::Clear>: A list is accessing an object (0x943dc60) already deleted (list name = TList)
Error in <TList::Clear>: A list is accessing an object (0x943ea60) already deleted (list name = TList)
Error in <TList::Clear>: A list is accessing an object (0x94465a0) already deleted (list name = TList)
Error in <TList::Clear>: A list is accessing an object (0x944ae00) already deleted (list name = TList)
Error in <TList::Clear>: A list is accessing an object (0x944b310) already deleted (list name = TList)
Error in <TList::Clear>: A list is accessing an object (0x944b8b0) already deleted (list name = TList)
Error in <TList::Clear>: A list is accessing an object (0x944be50) already deleted (list name = TList)
Error in <TList::Clear>: A list is accessing an object (0x944c300) already deleted (list name = TList)
Error in <TList::Clear>: A list is accessing an object (0x944c630) already deleted (list name = TList)
Error in <TList::Clear>: A list is accessing an object (0x944cb20) already deleted (list name = TList)
Error in <TList::Clear>: A list is accessing an object (0x944ce50) already deleted (list name = TList)
Error in <TList::Clear>: A list is accessing an object (0x944d2f0) already deleted (list name = TList)
Error in <TList::Clear>: A list is accessing an object (0x944d620) already deleted (list name = TList)
Error in <TList::Clear>: A list is accessing an object (0x944dbe0) already deleted (list name = TList)
Error in <TList::Clear>: A list is accessing an object (0x9413fd0) already deleted (list name = TList)
Error in <TList::Clear>: A list is accessing an object (0x9413fd0) already deleted (list name = TList)
Error in <TList::Clear>: A list is accessing an object (0x9413fd0) already deleted (list name = TList)
Error in <TList::Clear>: A list is accessing an object (0x9413fd0) already deleted (list name = TList)
Error in <TList::Clear>: A list is accessing an object (0x9413fd0) already deleted (list name = TList)
Error in <TList::Clear>: A list is accessing an object (0x9413fd0) already deleted (list name = TList)
Error in <TList::Clear>: A list is accessing an object (0x9413fd0) already deleted (list name = TList)
Error in <TList::Clear>: A list is accessing an object (0x9413fd0) already deleted (list name = TList)
Error in <TList::Clear>: A list is accessing an object (0x9413fd0) already deleted (list name = TList)
Error in <TList::Clear>: A list is accessing an object (0x9413fd0) already deleted (list name = TList)
Error in <TList::Clear>: A list is accessing an object (0x9413fd0) already deleted (list name = TList)
Error in <TList::Clear>: A list is accessing an object (0x9413fd0) already deleted (list name = TList)
