Using built-in specs.
COLLECT_GCC=gcc
COLLECT_LTO_WRAPPER=/usr/libexec/gcc/x86_64-redhat-linux/11/lto-wrapper
OFFLOAD_TARGET_NAMES=nvptx-none
OFFLOAD_TARGET_DEFAULT=1
Target: x86_64-redhat-linux
Configured with: ../configure --enable-bootstrap --enable-host-pie --enable-host-bind-now --enable-languages=c,c++,fortran,lto --prefix=/usr --mandir=/usr/share/man --infodir=/usr/share/info --with-bugurl=http://bugs.almalinux.org/ --enable-shared --enable-threads=posix --enable-checking=release --with-system-zlib --enable-__cxa_atexit --disable-libunwind-exceptions --enable-gnu-unique-object --enable-linker-build-id --with-gcc-major-version-only --enable-plugin --enable-initfini-array --without-isl --enable-multilib --with-linker-hash-style=gnu --enable-offload-targets=nvptx-none --without-cuda-driver --enable-gnu-indirect-function --enable-cet --with-tune=generic --with-arch_64=x86-64-v2 --with-arch_32=x86-64 --build=x86_64-redhat-linux --with-build-config=bootstrap-lto --enable-link-serialization=1
Thread model: posix
Supported LTO compression algorithms: zlib zstd
gcc version 11.4.1 20231218 (Red Hat 11.4.1-3) (GCC) 
Error in <TList::Clear>: A list is accessing an object (0x8295dd0) already deleted (list name = TList)
Error in <TList::Clear>: A list is accessing an object (0x8379750) already deleted (list name = TList)
Error in <TList::Clear>: A list is accessing an object (0x837c2b0) already deleted (list name = TList)
Error in <TList::Clear>: A list is accessing an object (0x8383260) already deleted (list name = TList)
Error in <TList::Clear>: A list is accessing an object (0x83835d0) already deleted (list name = TList)
Error in <TList::Clear>: A list is accessing an object (0x8383940) already deleted (list name = TList)
Error in <TList::Clear>: A list is accessing an object (0x8383e70) already deleted (list name = TList)
Error in <TList::Clear>: A list is accessing an object (0x8384230) already deleted (list name = TList)
Error in <TList::Clear>: A list is accessing an object (0x8384b90) already deleted (list name = TList)
Error in <TList::Clear>: A list is accessing an object (0x83871f0) already deleted (list name = TList)
Error in <TList::Clear>: A list is accessing an object (0x83875b0) already deleted (list name = TList)
Error in <TList::Clear>: A list is accessing an object (0x83879a0) already deleted (list name = TList)
Error in <TList::Clear>: A list is accessing an object (0x8387d90) already deleted (list name = TList)
Error in <TList::Clear>: A list is accessing an object (0x8388490) already deleted (list name = TList)
Error in <TList::Clear>: A list is accessing an object (0x8388a50) already deleted (list name = TList)
Error in <TList::Clear>: A list is accessing an object (0x8388e80) already deleted (list name = TList)
Error in <TList::Clear>: A list is accessing an object (0x8389320) already deleted (list name = TList)
Error in <TList::Clear>: A list is accessing an object (0x83896f0) already deleted (list name = TList)
Error in <TList::Clear>: A list is accessing an object (0x8389bc0) already deleted (list name = TList)
Error in <TList::Clear>: A list is accessing an object (0x8389df0) already deleted (list name = TList)
Error in <TList::Clear>: A list is accessing an object (0x83a3990) already deleted (list name = TList)
Error in <TList::Clear>: A list is accessing an object (0x83b0510) already deleted (list name = TList)
Error in <TList::Clear>: A list is accessing an object (0x83b11c0) already deleted (list name = TList)
Error in <TList::Clear>: A list is accessing an object (0x83b2a00) already deleted (list name = TList)
Error in <TList::Clear>: A list is accessing an object (0x83b33f0) already deleted (list name = TList)
Error in <TList::Clear>: A list is accessing an object (0x83b3850) already deleted (list name = TList)
Error in <TList::Clear>: A list is accessing an object (0x83b4650) already deleted (list name = TList)
Error in <TList::Clear>: A list is accessing an object (0x83bc190) already deleted (list name = TList)
Error in <TList::Clear>: A list is accessing an object (0x83c09f0) already deleted (list name = TList)
Error in <TList::Clear>: A list is accessing an object (0x83c0f00) already deleted (list name = TList)
Error in <TList::Clear>: A list is accessing an object (0x83c14a0) already deleted (list name = TList)
Error in <TList::Clear>: A list is accessing an object (0x83c1a40) already deleted (list name = TList)
Error in <TList::Clear>: A list is accessing an object (0x83c1ef0) already deleted (list name = TList)
Error in <TList::Clear>: A list is accessing an object (0x83c2220) already deleted (list name = TList)
Error in <TList::Clear>: A list is accessing an object (0x83c2710) already deleted (list name = TList)
Error in <TList::Clear>: A list is accessing an object (0x83c2a40) already deleted (list name = TList)
Error in <TList::Clear>: A list is accessing an object (0x83c2ee0) already deleted (list name = TList)
Error in <TList::Clear>: A list is accessing an object (0x83c3210) already deleted (list name = TList)
Error in <TList::Clear>: A list is accessing an object (0x83c37d0) already deleted (list name = TList)
Error in <TList::Clear>: A list is accessing an object (0x8389bc0) already deleted (list name = TList)
Error in <TList::Clear>: A list is accessing an object (0x8389bc0) already deleted (list name = TList)
Error in <TList::Clear>: A list is accessing an object (0x8389bc0) already deleted (list name = TList)
Error in <TList::Clear>: A list is accessing an object (0x8389bc0) already deleted (list name = TList)
Error in <TList::Clear>: A list is accessing an object (0x8389bc0) already deleted (list name = TList)
Error in <TList::Clear>: A list is accessing an object (0x8389bc0) already deleted (list name = TList)
Error in <TList::Clear>: A list is accessing an object (0x8389bc0) already deleted (list name = TList)
Error in <TList::Clear>: A list is accessing an object (0x8389bc0) already deleted (list name = TList)
Error in <TList::Clear>: A list is accessing an object (0x8389bc0) already deleted (list name = TList)
Error in <TList::Clear>: A list is accessing an object (0x8389bc0) already deleted (list name = TList)
Error in <TList::Clear>: A list is accessing an object (0x8389bc0) already deleted (list name = TList)
Error in <TList::Clear>: A list is accessing an object (0x8389bc0) already deleted (list name = TList)
Error in <TList::Clear>: A list is accessing an object (0x9771af0) already deleted (list name = TList)
Error in <TList::Clear>: A list is accessing an object (0x97c9300) already deleted (list name = TList)
Error in <TList::Clear>: A list is accessing an object (0x97cbe70) already deleted (list name = TList)
Error in <TList::Clear>: A list is accessing an object (0x97d2c80) already deleted (list name = TList)
Error in <TList::Clear>: A list is accessing an object (0x97d2ff0) already deleted (list name = TList)
Error in <TList::Clear>: A list is accessing an object (0x97d3360) already deleted (list name = TList)
Error in <TList::Clear>: A list is accessing an object (0x97d3890) already deleted (list name = TList)
Error in <TList::Clear>: A list is accessing an object (0x97d3c50) already deleted (list name = TList)
Error in <TList::Clear>: A list is accessing an object (0x97d45b0) already deleted (list name = TList)
Error in <TList::Clear>: A list is accessing an object (0x97d6c10) already deleted (list name = TList)
Error in <TList::Clear>: A list is accessing an object (0x97d6fd0) already deleted (list name = TList)
Error in <TList::Clear>: A list is accessing an object (0x97d73c0) already deleted (list name = TList)
Error in <TList::Clear>: A list is accessing an object (0x97d77b0) already deleted (list name = TList)
Error in <TList::Clear>: A list is accessing an object (0x97d7eb0) already deleted (list name = TList)
Error in <TList::Clear>: A list is accessing an object (0x97d8470) already deleted (list name = TList)
Error in <TList::Clear>: A list is accessing an object (0x97d88a0) already deleted (list name = TList)
Error in <TList::Clear>: A list is accessing an object (0x97d8d40) already deleted (list name = TList)
Error in <TList::Clear>: A list is accessing an object (0x97d9110) already deleted (list name = TList)
Error in <TList::Clear>: A list is accessing an object (0x97d95e0) already deleted (list name = TList)
Error in <TList::Clear>: A list is accessing an object (0x97d9810) already deleted (list name = TList)
Error in <TList::Clear>: A list is accessing an object (0x97f33b0) already deleted (list name = TList)
Error in <TList::Clear>: A list is accessing an object (0x97fff30) already deleted (list name = TList)
Error in <TList::Clear>: A list is accessing an object (0x9800be0) already deleted (list name = TList)
Error in <TList::Clear>: A list is accessing an object (0x9802420) already deleted (list name = TList)
Error in <TList::Clear>: A list is accessing an object (0x9802e10) already deleted (list name = TList)
Error in <TList::Clear>: A list is accessing an object (0x9803270) already deleted (list name = TList)
Error in <TList::Clear>: A list is accessing an object (0x9804070) already deleted (list name = TList)
Error in <TList::Clear>: A list is accessing an object (0x980bbb0) already deleted (list name = TList)
Error in <TList::Clear>: A list is accessing an object (0x9810410) already deleted (list name = TList)
Error in <TList::Clear>: A list is accessing an object (0x9810920) already deleted (list name = TList)
Error in <TList::Clear>: A list is accessing an object (0x9810ec0) already deleted (list name = TList)
Error in <TList::Clear>: A list is accessing an object (0x9811460) already deleted (list name = TList)
Error in <TList::Clear>: A list is accessing an object (0x9811910) already deleted (list name = TList)
Error in <TList::Clear>: A list is accessing an object (0x9811c40) already deleted (list name = TList)
Error in <TList::Clear>: A list is accessing an object (0x9812130) already deleted (list name = TList)
Error in <TList::Clear>: A list is accessing an object (0x9812460) already deleted (list name = TList)
Error in <TList::Clear>: A list is accessing an object (0x9812900) already deleted (list name = TList)
Error in <TList::Clear>: A list is accessing an object (0x9812c30) already deleted (list name = TList)
Error in <TList::Clear>: A list is accessing an object (0x98131f0) already deleted (list name = TList)
Error in <TList::Clear>: A list is accessing an object (0x97d95e0) already deleted (list name = TList)
Error in <TList::Clear>: A list is accessing an object (0x97d95e0) already deleted (list name = TList)
Error in <TList::Clear>: A list is accessing an object (0x97d95e0) already deleted (list name = TList)
Error in <TList::Clear>: A list is accessing an object (0x97d95e0) already deleted (list name = TList)
Error in <TList::Clear>: A list is accessing an object (0x97d95e0) already deleted (list name = TList)
Error in <TList::Clear>: A list is accessing an object (0x97d95e0) already deleted (list name = TList)
Error in <TList::Clear>: A list is accessing an object (0x97d95e0) already deleted (list name = TList)
Error in <TList::Clear>: A list is accessing an object (0x97d95e0) already deleted (list name = TList)
Error in <TList::Clear>: A list is accessing an object (0x97d95e0) already deleted (list name = TList)
Error in <TList::Clear>: A list is accessing an object (0x97d95e0) already deleted (list name = TList)
Error in <TList::Clear>: A list is accessing an object (0x97d95e0) already deleted (list name = TList)
Error in <TList::Clear>: A list is accessing an object (0x97d95e0) already deleted (list name = TList)
Error in <TList::Clear>: A list is accessing an object (0x87f1b90) already deleted (list name = TList)
Error in <TList::Clear>: A list is accessing an object (0x885eeb0) already deleted (list name = TList)
Error in <TList::Clear>: A list is accessing an object (0x8861bb0) already deleted (list name = TList)
Error in <TList::Clear>: A list is accessing an object (0x8868840) already deleted (list name = TList)
Error in <TList::Clear>: A list is accessing an object (0x8868bb0) already deleted (list name = TList)
Error in <TList::Clear>: A list is accessing an object (0x8868f20) already deleted (list name = TList)
Error in <TList::Clear>: A list is accessing an object (0x8869450) already deleted (list name = TList)
Error in <TList::Clear>: A list is accessing an object (0x8869810) already deleted (list name = TList)
Error in <TList::Clear>: A list is accessing an object (0x886a170) already deleted (list name = TList)
Error in <TList::Clear>: A list is accessing an object (0x886c7d0) already deleted (list name = TList)
Error in <TList::Clear>: A list is accessing an object (0x886cb90) already deleted (list name = TList)
Error in <TList::Clear>: A list is accessing an object (0x886cf80) already deleted (list name = TList)
Error in <TList::Clear>: A list is accessing an object (0x886d370) already deleted (list name = TList)
Error in <TList::Clear>: A list is accessing an object (0x886da70) already deleted (list name = TList)
Error in <TList::Clear>: A list is accessing an object (0x886e030) already deleted (list name = TList)
Error in <TList::Clear>: A list is accessing an object (0x886e460) already deleted (list name = TList)
Error in <TList::Clear>: A list is accessing an object (0x886e900) already deleted (list name = TList)
Error in <TList::Clear>: A list is accessing an object (0x886ecd0) already deleted (list name = TList)
Error in <TList::Clear>: A list is accessing an object (0x886f1a0) already deleted (list name = TList)
Error in <TList::Clear>: A list is accessing an object (0x886f3d0) already deleted (list name = TList)
Error in <TList::Clear>: A list is accessing an object (0x8888f70) already deleted (list name = TList)
Error in <TList::Clear>: A list is accessing an object (0x8895af0) already deleted (list name = TList)
Error in <TList::Clear>: A list is accessing an object (0x88967a0) already deleted (list name = TList)
Error in <TList::Clear>: A list is accessing an object (0x8897fe0) already deleted (list name = TList)
Error in <TList::Clear>: A list is accessing an object (0x88989d0) already deleted (list name = TList)
Error in <TList::Clear>: A list is accessing an object (0x8898e30) already deleted (list name = TList)
Error in <TList::Clear>: A list is accessing an object (0x8899c30) already deleted (list name = TList)
Error in <TList::Clear>: A list is accessing an object (0x88a1810) already deleted (list name = TList)
Error in <TList::Clear>: A list is accessing an object (0x88a60f0) already deleted (list name = TList)
Error in <TList::Clear>: A list is accessing an object (0x88a6600) already deleted (list name = TList)
Error in <TList::Clear>: A list is accessing an object (0x88a6ba0) already deleted (list name = TList)
Error in <TList::Clear>: A list is accessing an object (0x88a7140) already deleted (list name = TList)
Error in <TList::Clear>: A list is accessing an object (0x88a75f0) already deleted (list name = TList)
Error in <TList::Clear>: A list is accessing an object (0x88a7920) already deleted (list name = TList)
Error in <TList::Clear>: A list is accessing an object (0x88a7e10) already deleted (list name = TList)
Error in <TList::Clear>: A list is accessing an object (0x88a8140) already deleted (list name = TList)
Error in <TList::Clear>: A list is accessing an object (0x88a85e0) already deleted (list name = TList)
Error in <TList::Clear>: A list is accessing an object (0x88a8910) already deleted (list name = TList)
Error in <TList::Clear>: A list is accessing an object (0x88a8ed0) already deleted (list name = TList)
Error in <TList::Clear>: A list is accessing an object (0x886f1a0) already deleted (list name = TList)
Error in <TList::Clear>: A list is accessing an object (0x886f1a0) already deleted (list name = TList)
Error in <TList::Clear>: A list is accessing an object (0x886f1a0) already deleted (list name = TList)
Error in <TList::Clear>: A list is accessing an object (0x886f1a0) already deleted (list name = TList)
Error in <TList::Clear>: A list is accessing an object (0x886f1a0) already deleted (list name = TList)
Error in <TList::Clear>: A list is accessing an object (0x886f1a0) already deleted (list name = TList)
Error in <TList::Clear>: A list is accessing an object (0x886f1a0) already deleted (list name = TList)
Error in <TList::Clear>: A list is accessing an object (0x886f1a0) already deleted (list name = TList)
Error in <TList::Clear>: A list is accessing an object (0x886f1a0) already deleted (list name = TList)
Error in <TList::Clear>: A list is accessing an object (0x886f1a0) already deleted (list name = TList)
Error in <TList::Clear>: A list is accessing an object (0x886f1a0) already deleted (list name = TList)
Error in <TList::Clear>: A list is accessing an object (0x886f1a0) already deleted (list name = TList)
